#
# A fatal error has been detected by the Java Runtime Environment:
#
#  EXCEPTION_ACCESS_VIOLATION (0xc0000005) at pc=0x00007ffd685556f8, pid=9092, tid=7716
#
# JRE version: Java(TM) SE Runtime Environment (17.0.10+11) (build 17.0.10+11-LTS-240)
# Java VM: Java HotSpot(TM) 64-Bit Server VM (17.0.10+11-LTS-240, mixed mode, emulated-client, sharing, tiered, compressed oops, compressed class ptrs, g1 gc, windows-amd64)
# Problematic frame:
# C  [dpfj.dll+0x56f8]
#
# No core dump will be written. Minidumps are not enabled by default on client versions of Windows
#
# If you would like to submit a bug report, please visit:
#   https://bugreport.java.com/bugreport/crash.jsp
# The crash happened outside the Java Virtual Machine in native code.
# See problematic frame for where to report the bug.
#

---------------  S U M M A R Y ------------

Command Line: -XX:TieredStopAtLevel=1 com.example.fingerprint_service.FingerprintServiceApplication

Host: 11th Gen Intel(R) Core(TM) i5-1135G7 @ 2.40GHz, 8 cores, 15G,  Windows 11 , 64 bit Build 22621 (10.0.22621.4391)
Time: Thu Dec 12 03:06:49 2024 Malay Peninsula Standard Time elapsed time: 12.184963 seconds (0d 0h 0m 12s)

---------------  T H R E A D  ---------------

Current thread (0x000002636bbc52b0):  JavaThread "https-jsse-nio-8080-exec-4" daemon [_thread_in_native, id=7716, stack(0x000000d7d5400000,0x000000d7d5500000)]

Stack: [0x000000d7d5400000,0x000000d7d5500000],  sp=0x000000d7d54fc978,  free space=1010k
Native frames: (J=compiled Java code, j=interpreted, Vv=VM code, C=native code)
C  [dpfj.dll+0x56f8]

Java frames: (J=compiled Java code, j=interpreted, Vv=VM code)
j  com.digitalpersona.uareu.jni.Dpfj.DpfjImportFid([BILcom/digitalpersona/uareu/dpfpdd/FidImpl;)I+0
j  com.digitalpersona.uareu.jni.Dpfj.import_fid([BLcom/digitalpersona/uareu/Fid$Format;)Lcom/digitalpersona/uareu/Fid;+87
j  com.digitalpersona.uareu.dpfj.ImporterImpl.ImportFid([BLcom/digitalpersona/uareu/Fid$Format;)Lcom/digitalpersona/uareu/Fid;+6
j  com.example.fingerprint_service.service.FingerprintService.createFmdFromData(Ljava/lang/String;)Lcom/digitalpersona/uareu/Fmd;+12
j  com.example.fingerprint_service.service.FingerprintService.identifyUser(Ljava/lang/String;)Lcom/example/fingerprint_service/model/ResidentAuth;+55
j  com.example.fingerprint_service.controller.FingerprintController.identifyUser(Lcom/example/fingerprint_service/model/FingerprintRequest;)Lorg/springframework/http/ResponseEntity;+8
v  ~StubRoutines::call_stub
J 4661  jdk.internal.reflect.NativeMethodAccessorImpl.invoke0(Ljava/lang/reflect/Method;Ljava/lang/Object;[Ljava/lang/Object;)Ljava/lang/Object; java.base@17.0.10 (0 bytes) @ 0x00000263161f9b27 [0x00000263161f9aa0+0x0000000000000087]
J 4660 c1 jdk.internal.reflect.NativeMethodAccessorImpl.invoke(Ljava/lang/Object;[Ljava/lang/Object;)Ljava/lang/Object; java.base@17.0.10 (137 bytes) @ 0x00000263161fa74c [0x00000263161fa400+0x000000000000034c]
J 4085 c1 jdk.internal.reflect.DelegatingMethodAccessorImpl.invoke(Ljava/lang/Object;[Ljava/lang/Object;)Ljava/lang/Object; java.base@17.0.10 (10 bytes) @ 0x000002631610c764 [0x000002631610c720+0x0000000000000044]
J 4532 c1 java.lang.reflect.Method.invoke(Ljava/lang/Object;[Ljava/lang/Object;)Ljava/lang/Object; java.base@17.0.10 (65 bytes) @ 0x00000263161c72ec [0x00000263161c71e0+0x000000000000010c]
j  org.springframework.web.method.support.InvocableHandlerMethod.doInvoke([Ljava/lang/Object;)Ljava/lang/Object;+55
j  org.springframework.web.method.support.InvocableHandlerMethod.invokeForRequest(Lorg/springframework/web/context/request/NativeWebRequest;Lorg/springframework/web/method/support/ModelAndViewContainer;[Ljava/lang/Object;)Ljava/lang/Object;+82
j  org.springframework.web.servlet.mvc.method.annotation.ServletInvocableHandlerMethod.invokeAndHandle(Lorg/springframework/web/context/request/ServletWebRequest;Lorg/springframework/web/method/support/ModelAndViewContainer;[Ljava/lang/Object;)V+4
j  org.springframework.web.servlet.mvc.method.annotation.RequestMappingHandlerAdapter.invokeHandlerMethod(Ljakarta/servlet/http/HttpServletRequest;Ljakarta/servlet/http/HttpServletResponse;Lorg/springframework/web/method/HandlerMethod;)Lorg/springframework/web/servlet/ModelAndView;+309
j  org.springframework.web.servlet.mvc.method.annotation.RequestMappingHandlerAdapter.handleInternal(Ljakarta/servlet/http/HttpServletRequest;Ljakarta/servlet/http/HttpServletResponse;Lorg/springframework/web/method/HandlerMethod;)Lorg/springframework/web/servlet/ModelAndView;+81
j  org.springframework.web.servlet.mvc.method.AbstractHandlerMethodAdapter.handle(Ljakarta/servlet/http/HttpServletRequest;Ljakarta/servlet/http/HttpServletResponse;Ljava/lang/Object;)Lorg/springframework/web/servlet/ModelAndView;+7
j  org.springframework.web.servlet.DispatcherServlet.doDispatch(Ljakarta/servlet/http/HttpServletRequest;Ljakarta/servlet/http/HttpServletResponse;)V+304
j  org.springframework.web.servlet.DispatcherServlet.doService(Ljakarta/servlet/http/HttpServletRequest;Ljakarta/servlet/http/HttpServletResponse;)V+242
j  org.springframework.web.servlet.FrameworkServlet.processRequest(Ljakarta/servlet/http/HttpServletRequest;Ljakarta/servlet/http/HttpServletResponse;)V+70
j  org.springframework.web.servlet.FrameworkServlet.doPost(Ljakarta/servlet/http/HttpServletRequest;Ljakarta/servlet/http/HttpServletResponse;)V+3
j  jakarta.servlet.http.HttpServlet.service(Ljakarta/servlet/http/HttpServletRequest;Ljakarta/servlet/http/HttpServletResponse;)V+150
j  org.springframework.web.servlet.FrameworkServlet.service(Ljakarta/servlet/http/HttpServletRequest;Ljakarta/servlet/http/HttpServletResponse;)V+20
j  jakarta.servlet.http.HttpServlet.service(Ljakarta/servlet/ServletRequest;Ljakarta/servlet/ServletResponse;)V+37
j  org.apache.catalina.core.ApplicationFilterChain.internalDoFilter(Ljakarta/servlet/ServletRequest;Ljakarta/servlet/ServletResponse;)V+300
j  org.apache.catalina.core.ApplicationFilterChain.doFilter(Ljakarta/servlet/ServletRequest;Ljakarta/servlet/ServletResponse;)V+99
j  org.apache.tomcat.websocket.server.WsFilter.doFilter(Ljakarta/servlet/ServletRequest;Ljakarta/servlet/ServletResponse;Ljakarta/servlet/FilterChain;)V+21
j  org.apache.catalina.core.ApplicationFilterChain.internalDoFilter(Ljakarta/servlet/ServletRequest;Ljakarta/servlet/ServletResponse;)V+130
j  org.apache.catalina.core.ApplicationFilterChain.doFilter(Ljakarta/servlet/ServletRequest;Ljakarta/servlet/ServletResponse;)V+99
j  org.springframework.web.filter.CorsFilter.doFilterInternal(Ljakarta/servlet/http/HttpServletRequest;Ljakarta/servlet/http/HttpServletResponse;Ljakarta/servlet/FilterChain;)V+43
j  org.springframework.web.filter.OncePerRequestFilter.doFilter(Ljakarta/servlet/ServletRequest;Ljakarta/servlet/ServletResponse;Ljakarta/servlet/FilterChain;)V+150
j  org.apache.catalina.core.ApplicationFilterChain.internalDoFilter(Ljakarta/servlet/ServletRequest;Ljakarta/servlet/ServletResponse;)V+130
j  org.apache.catalina.core.ApplicationFilterChain.doFilter(Ljakarta/servlet/ServletRequest;Ljakarta/servlet/ServletResponse;)V+99
j  org.springframework.web.filter.RequestContextFilter.doFilterInternal(Ljakarta/servlet/http/HttpServletRequest;Ljakarta/servlet/http/HttpServletResponse;Ljakarta/servlet/FilterChain;)V+21
j  org.springframework.web.filter.OncePerRequestFilter.doFilter(Ljakarta/servlet/ServletRequest;Ljakarta/servlet/ServletResponse;Ljakarta/servlet/FilterChain;)V+150
j  org.apache.catalina.core.ApplicationFilterChain.internalDoFilter(Ljakarta/servlet/ServletRequest;Ljakarta/servlet/ServletResponse;)V+130
j  org.apache.catalina.core.ApplicationFilterChain.doFilter(Ljakarta/servlet/ServletRequest;Ljakarta/servlet/ServletResponse;)V+99
j  org.springframework.web.filter.FormContentFilter.doFilterInternal(Ljakarta/servlet/http/HttpServletRequest;Ljakarta/servlet/http/HttpServletResponse;Ljakarta/servlet/FilterChain;)V+38
j  org.springframework.web.filter.OncePerRequestFilter.doFilter(Ljakarta/servlet/ServletRequest;Ljakarta/servlet/ServletResponse;Ljakarta/servlet/FilterChain;)V+150
j  org.apache.catalina.core.ApplicationFilterChain.internalDoFilter(Ljakarta/servlet/ServletRequest;Ljakarta/servlet/ServletResponse;)V+130
j  org.apache.catalina.core.ApplicationFilterChain.doFilter(Ljakarta/servlet/ServletRequest;Ljakarta/servlet/ServletResponse;)V+99
j  org.springframework.web.filter.ServerHttpObservationFilter.doFilterInternal(Ljakarta/servlet/http/HttpServletRequest;Ljakarta/servlet/http/HttpServletResponse;Ljakarta/servlet/FilterChain;)V+20
j  org.springframework.web.filter.OncePerRequestFilter.doFilter(Ljakarta/servlet/ServletRequest;Ljakarta/servlet/ServletResponse;Ljakarta/servlet/FilterChain;)V+150
j  org.apache.catalina.core.ApplicationFilterChain.internalDoFilter(Ljakarta/servlet/ServletRequest;Ljakarta/servlet/ServletResponse;)V+130
j  org.apache.catalina.core.ApplicationFilterChain.doFilter(Ljakarta/servlet/ServletRequest;Ljakarta/servlet/ServletResponse;)V+99
j  org.springframework.web.filter.CharacterEncodingFilter.doFilterInternal(Ljakarta/servlet/http/HttpServletRequest;Ljakarta/servlet/http/HttpServletResponse;Ljakarta/servlet/FilterChain;)V+53
j  org.springframework.web.filter.OncePerRequestFilter.doFilter(Ljakarta/servlet/ServletRequest;Ljakarta/servlet/ServletResponse;Ljakarta/servlet/FilterChain;)V+150
j  org.apache.catalina.core.ApplicationFilterChain.internalDoFilter(Ljakarta/servlet/ServletRequest;Ljakarta/servlet/ServletResponse;)V+130
j  org.apache.catalina.core.ApplicationFilterChain.doFilter(Ljakarta/servlet/ServletRequest;Ljakarta/servlet/ServletResponse;)V+99
j  org.apache.catalina.core.StandardWrapperValve.invoke(Lorg/apache/catalina/connector/Request;Lorg/apache/catalina/connector/Response;)V+514
j  org.apache.catalina.core.StandardContextValve.invoke(Lorg/apache/catalina/connector/Request;Lorg/apache/catalina/connector/Response;)V+169
j  org.apache.catalina.authenticator.AuthenticatorBase.invoke(Lorg/apache/catalina/connector/Request;Lorg/apache/catalina/connector/Response;)V+221
j  org.apache.catalina.core.StandardHostValve.invoke(Lorg/apache/catalina/connector/Request;Lorg/apache/catalina/connector/Response;)V+131
j  org.apache.catalina.valves.ErrorReportValve.invoke(Lorg/apache/catalina/connector/Request;Lorg/apache/catalina/connector/Response;)V+6
j  org.apache.catalina.core.StandardEngineValve.invoke(Lorg/apache/catalina/connector/Request;Lorg/apache/catalina/connector/Response;)V+59
j  org.apache.catalina.connector.CoyoteAdapter.service(Lorg/apache/coyote/Request;Lorg/apache/coyote/Response;)V+188
j  org.apache.coyote.http11.Http11Processor.service(Lorg/apache/tomcat/util/net/SocketWrapperBase;)Lorg/apache/tomcat/util/net/AbstractEndpoint$Handler$SocketState;+796
j  org.apache.coyote.AbstractProcessorLight.process(Lorg/apache/tomcat/util/net/SocketWrapperBase;Lorg/apache/tomcat/util/net/SocketEvent;)Lorg/apache/tomcat/util/net/AbstractEndpoint$Handler$SocketState;+155
j  org.apache.coyote.AbstractProtocol$ConnectionHandler.process(Lorg/apache/tomcat/util/net/SocketWrapperBase;Lorg/apache/tomcat/util/net/SocketEvent;)Lorg/apache/tomcat/util/net/AbstractEndpoint$Handler$SocketState;+482
j  org.apache.tomcat.util.net.NioEndpoint$SocketProcessor.doRun()V+249
j  org.apache.tomcat.util.net.SocketProcessorBase.run()V+32
j  org.apache.tomcat.util.threads.ThreadPoolExecutor.runWorker(Lorg/apache/tomcat/util/threads/ThreadPoolExecutor$Worker;)V+92
j  org.apache.tomcat.util.threads.ThreadPoolExecutor$Worker.run()V+5
j  org.apache.tomcat.util.threads.TaskThread$WrappingRunnable.run()V+4
j  java.lang.Thread.run()V+11 java.base@17.0.10
v  ~StubRoutines::call_stub

siginfo: EXCEPTION_ACCESS_VIOLATION (0xc0000005), reading address 0x0000026326ec3e74


Registers:
RAX=0x0000000000000000, RBX=0x000000d7d54fc9e0, RCX=0x0000026326ec3e73, RDX=0x000000d7d54fc9e0
RSP=0x000000d7d54fc978, RBP=0x000000d7d54fca31, RSI=0x0000026325cd3140, RDI=0x0000026326ec3e73
R8 =0x0000000000530054, R9 =0x0000026326ec3e73, R10=0x0000000000000002, R11=0x000002632598fe40
R12=0x000002632598fe40, R13=0x0000000001010007, R14=0x0000026325cd3158, R15=0x0000000000000002
RIP=0x00007ffd685556f8, EFLAGS=0x0000000000010202


Register to memory mapping:

RIP=0x00007ffd685556f8 dpfj.dll
RAX=0x0 is NULL
RBX=0x000000d7d54fc9e0 is pointing into the stack for thread: 0x000002636bbc52b0
RCX=0x0000026326ec3e73 is an unknown value
RDX=0x000000d7d54fc9e0 is pointing into the stack for thread: 0x000002636bbc52b0
RSP=0x000000d7d54fc978 is pointing into the stack for thread: 0x000002636bbc52b0
RBP=0x000000d7d54fca31 is pointing into the stack for thread: 0x000002636bbc52b0
RSI=0x0000026325cd3140 points into unknown readable memory: 0x0000000708d73ff8 | f8 3f d7 08 07 00 00 00
RDI=0x0000026326ec3e73 is an unknown value
R8 =0x0000000000530054 is an unknown value
R9 =0x0000026326ec3e73 is an unknown value
R10=0x0000000000000002 is an unknown value
R11=0x000002632598fe40 points into unknown readable memory: 0x6e65343665736162 | 62 61 73 65 36 34 65 6e
R12=0x000002632598fe40 points into unknown readable memory: 0x6e65343665736162 | 62 61 73 65 36 34 65 6e
R13=0x0000000001010007 is an unknown value
R14=0x0000026325cd3158 points into unknown readable memory: 0x0000000000000000 | 00 00 00 00 00 00 00 00
R15=0x0000000000000002 is an unknown value


Top of Stack: (sp=0x000000d7d54fc978)
0x000000d7d54fc978:   00007ffd68551654 0000000000000002
0x000000d7d54fc988:   00000000000048af 000000d7d54fc9e0
0x000000d7d54fc998:   0000026325cd3140 0000000001534033
0x000000d7d54fc9a8:   00007ffd685c4a17 000002636bbc5560
0x000000d7d54fc9b8:   0000026325cd3140 000000d7d54fca31
0x000000d7d54fc9c8:   000002632598fea0 0000026325cd3140
0x000000d7d54fc9d8:   0000000000000072 0000000000000000
0x000000d7d54fc9e8:   0000000000000000 0000000000000000
0x000000d7d54fc9f8:   0000000000000000 0000000000000000
0x000000d7d54fca08:   0000000064656466 000067650000696e
0x000000d7d54fca18:   0000007000000072 0000d0ed00007269
0x000000d7d54fca28:   000000aa00000000 0000ae5ec7ae73fa
0x000000d7d54fca38:   0000000000000000 0000000000000000
0x000000d7d54fca48:   000002636bbc5560 0000000001010007
0x000000d7d54fca58:   000002636bbc52b0 000002636a3dfff0
0x000000d7d54fca68:   0000000000000000 000002632598fe40 

Instructions: (pc=0x00007ffd685556f8)
0x00007ffd685555f8:   c1 c1 e8 08 81 fb 01 04 1b 00 43 88 04 11 b8 20
0x00007ffd68555608:   00 00 00 43 88 4c 11 01 0f 44 d0 41 0f b6 43 20
0x00007ffd68555618:   b9 1d 00 00 00 42 88 04 12 b8 21 00 00 00 0f 44
0x00007ffd68555628:   c8 41 0f b6 43 24 42 88 04 11 b8 22 00 00 00 44
0x00007ffd68555638:   0f 44 c0 66 43 c7 04 10 00 00 48 8b 5c 24 08 c3
0x00007ffd68555648:   cc cc cc cc cc cc cc cc 48 89 5c 24 08 41 8b d8
0x00007ffd68555658:   4c 8b da 48 85 d2 74 7f 0f b6 42 0b 44 0f b6 4a
0x00007ffd68555668:   0a 41 c1 e1 08 44 0b c8 0f b6 42 0c 41 c1 e1 08
0x00007ffd68555678:   44 0b c8 0f b6 42 0d 41 c1 e1 08 ba 24 00 00 00
0x00007ffd68555688:   44 0b c8 b8 20 00 00 00 81 f9 01 04 1b 00 0f 44
0x00007ffd68555698:   c2 45 33 d2 85 db 74 3a 41 3b c1 73 3a 8b d0 41
0x00007ffd685556a8:   ff c2 49 03 d3 0f b6 4a 01 44 0f b6 02 41 c1 e0
0x00007ffd685556b8:   08 44 0b c1 0f b6 4a 02 41 c1 e0 08 44 0b c1 0f
0x00007ffd685556c8:   b6 4a 03 41 c1 e0 08 44 0b c1 41 03 c0 44 3b d3
0x00007ffd685556d8:   72 c6 41 3b c1 72 02 33 c0 48 8b 5c 24 08 c3 cc
0x00007ffd685556e8:   cc cc cc cc cc cc cc cc 4c 8b c9 48 85 c9 74 76
0x00007ffd685556f8:   0f b6 41 01 44 0f b6 01 41 c1 e0 08 44 0b c0 0f
0x00007ffd68555708:   b6 41 02 41 c1 e0 08 44 0b c0 0f b6 41 03 41 c1
0x00007ffd68555718:   e0 08 44 0b c0 44 89 02 0f b6 41 04 89 42 04 0f
0x00007ffd68555728:   b6 41 05 89 42 08 0f b6 41 06 89 42 0c 0f b6 41
0x00007ffd68555738:   07 89 42 10 0f b6 41 08 89 42 14 0f b6 49 09 41
0x00007ffd68555748:   0f b6 41 0a c1 e1 08 0b c8 89 4a 18 41 0f b6 41
0x00007ffd68555758:   0c 41 0f b6 49 0b c1 e1 08 0b c8 49 8d 41 0e 48
0x00007ffd68555768:   89 42 20 89 4a 1c c3 cc 48 85 d2 0f 84 44 01 00
0x00007ffd68555778:   00 81 f9 01 00 1b 00 0f 85 90 00 00 00 0f b6 42
0x00007ffd68555788:   09 41 ba 02 00 00 00 44 0f b6 4a 08 41 c1 e1 08
0x00007ffd68555798:   44 0b c8 45 89 08 0f b6 42 0b 0f b6 4a 0a c1 e1
0x00007ffd685557a8:   08 0b c8 0f b6 42 0c c1 e1 08 0b c8 0f b6 42 0d
0x00007ffd685557b8:   c1 e1 08 0b c8 41 89 48 04 45 85 c9 0f 85 80 00
0x00007ffd685557c8:   00 00 0f b6 42 0b 45 8d 51 06 0f b6 4a 0a c1 e1
0x00007ffd685557d8:   08 0b c8 0f b6 42 0c c1 e1 08 0b c8 0f b6 42 0d
0x00007ffd685557e8:   c1 e1 08 0b c8 41 89 08 0f b6 42 0f 0f b6 4a 0e 


Stack slot to memory mapping:
stack at sp + 0 slots: 0x00007ffd68551654 dpfj.dll
stack at sp + 1 slots: 0x0000000000000002 is an unknown value
stack at sp + 2 slots: 0x00000000000048af is an unknown value
stack at sp + 3 slots: 0x000000d7d54fc9e0 is pointing into the stack for thread: 0x000002636bbc52b0
stack at sp + 4 slots: 0x0000026325cd3140 points into unknown readable memory: 0x0000000708d73ff8 | f8 3f d7 08 07 00 00 00
stack at sp + 5 slots: 0x0000000001534033 is an unknown value
stack at sp + 6 slots: 0x00007ffd685c4a17 dpuareu_jni.dll
stack at sp + 7 slots: 0x000002636bbc5560 points into unknown readable memory: 0x00007ffcf2c12670 | 70 26 c1 f2 fc 7f 00 00


Compiled method (n/a)   12274 4661     n 0       jdk.internal.reflect.NativeMethodAccessorImpl::invoke0 (native)
 total in heap  [0x00000263161f9910,0x00000263161f9db0] = 1184
 relocation     [0x00000263161f9a68,0x00000263161f9aa0] = 56
 main code      [0x00000263161f9aa0,0x00000263161f9db0] = 784

[Constant Pool (empty)]

[MachCode]
[Entry Point]
  # {method} {0x00000263261c4290} 'invoke0' '(Ljava/lang/reflect/Method;Ljava/lang/Object;[Ljava/lang/Object;)Ljava/lang/Object;' in 'jdk/internal/reflect/NativeMethodAccessorImpl'
  # parm0:    rdx:rdx   = 'java/lang/reflect/Method'
  # parm1:    r8:r8     = 'java/lang/Object'
  # parm2:    r9:r9     = '[Ljava/lang/Object;'
  #           [sp+0x80]  (sp of caller)
  0x00000263161f9aa0: 448b 5208 | 49bb 0000 | 0026 6302 | 0000 4d03 | d349 3bc2 | 0f84 0600 

  0x00000263161f9ab8: ;   {runtime_call ic_miss_stub}
  0x00000263161f9ab8: 0000 e9c1 | 3462 ff90 
[Verified Entry Point]
  0x00000263161f9ac0: 8984 2400 | 90ff ff55 | 488b ec48 | 83ec 704c | 894c 2438 | 4983 f900 | 488d 4424 | 3848 0f44 
  0x00000263161f9ae0: 4424 3848 | 8944 2420 | 4c89 4424 | 3049 83f8 | 004c 8d4c | 2430 4c0f | 444c 2430 | 4889 5424 
  0x00000263161f9b00: 2848 83fa | 004c 8d44 | 2428 4c0f | 4444 2428 

  0x00000263161f9b10: ;   {oop(a 'java/lang/Class'{0x000000070342a830} = 'jdk/internal/reflect/NativeMethodAccessorImpl')}
  0x00000263161f9b10: 49be 30a8 | 4203 0700 | 0000 4c89 | 7424 584c | 8d74 2458 | 498b d6c5 

  0x00000263161f9b28: ;   {internal_word}
  0x00000263161f9b28: f877 49ba | 279b 1f16 | 6302 0000 | 4d89 9798 | 0200 0049 | 89a7 9002 

  0x00000263161f9b40: ;   {external_word}
  0x00000263161f9b40: 0000 49ba | e380 c7f2 | fc7f 0000 | 4180 3a00 | 0f84 5200 | 0000 5241 

  0x00000263161f9b58: ;   {metadata({method} {0x00000263261c4290} 'invoke0' '(Ljava/lang/reflect/Method;Ljava/lang/Object;[Ljava/lang/Object;)Ljava/lang/Object;' in 'jdk/internal/reflect/NativeMethodAccessorImpl')}
  0x00000263161f9b58: 5041 5148 | ba88 421c | 2663 0200 | 0049 8bcf | 4883 ec20 | f7c4 0f00 | 0000 0f84 | 1a00 0000 
  0x00000263161f9b78: 4883 ec08 

  0x00000263161f9b7c: ;   {runtime_call}
  0x00000263161f9b7c: 49ba 00d6 | 84f2 fc7f | 0000 41ff | d248 83c4 | 08e9 0d00 

  0x00000263161f9b90: ;   {runtime_call}
  0x00000263161f9b90: 0000 49ba | 00d6 84f2 | fc7f 0000 | 41ff d248 | 83c4 2041 | 5941 585a | 498d 8fb0 | 0200 0041 
  0x00000263161f9bb0: c787 4003 | 0000 0400 

  0x00000263161f9bb8: ;   {runtime_call}
  0x00000263161f9bb8: 0000 49ba | a43e e723 | fd7f 0000 | 41ff d2c5 | f877 41c7 | 8740 0300 | 0005 0000 | 00f0 8344 
  0x00000263161f9bd8: 24c0 0049 | 3baf 4803 | 0000 0f87 | 1100 0000 | 4181 bf30 | 0300 0000 | 0000 000f | 842c 0000 
  0x00000263161f9bf8: 00c5 f877 | 4889 45f8 | 498b cf4c | 8be4 4883 | ec20 4883 

  0x00000263161f9c0c: ;   {runtime_call}
  0x00000263161f9c0c: e4f0 49ba | 408d 8ff2 | fc7f 0000 | 41ff d249 | 8be4 4d33 | e448 8b45 | f841 c787 | 4003 0000 
  0x00000263161f9c2c: 0800 0000 | 4181 bfb0 | 0300 0002 | 0000 000f | 843f 0100 

  0x00000263161f9c40: ;   {external_word}
  0x00000263161f9c40: 0049 bae3 | 80c7 f2fc | 7f00 0041 | 803a 000f | 8450 0000 | 0048 8945 

  0x00000263161f9c58: ;   {metadata({method} {0x00000263261c4290} 'invoke0' '(Ljava/lang/reflect/Method;Ljava/lang/Object;[Ljava/lang/Object;)Ljava/lang/Object;' in 'jdk/internal/reflect/NativeMethodAccessorImpl')}
  0x00000263161f9c58: f848 ba88 | 421c 2663 | 0200 0049 | 8bcf 4883 | ec20 f7c4 | 0f00 0000 | 0f84 1a00 | 0000 4883 
  0x00000263161f9c78: ;   {runtime_call}
  0x00000263161f9c78: ec08 49ba | 00d6 84f2 | fc7f 0000 | 41ff d248 | 83c4 08e9 | 0d00 0000 

  0x00000263161f9c90: ;   {runtime_call}
  0x00000263161f9c90: 49ba 00d6 | 84f2 fc7f | 0000 41ff | d248 83c4 | 2048 8b45 | f849 c787 | 9002 0000 | 0000 0000 
  0x00000263161f9cb0: 49c7 8798 | 0200 0000 | 0000 00c5 | f877 4885 | c00f 8493 | 0000 0048 | f7c0 0100 | 0000 0f84 
  0x00000263161f9cd0: 8300 0000 | 488b 40ff | 4180 7f38 | 000f 846f | 0000 0048 | 83f8 000f | 8465 0000 | 0049 8b4f 
  0x00000263161f9cf0: 2048 83f9 | 000f 8414 | 0000 0048 | 83e9 0849 | 894f 2049 | 034f 3048 | 8901 e943 | 0000 0050 
  0x00000263161f9d10: 498b d748 | 8bc8 4883 | ec20 f7c4 | 0f00 0000 | 0f84 1a00 | 0000 4883 

  0x00000263161f9d28: ;   {runtime_call}
  0x00000263161f9d28: ec08 49ba | 3009 44f2 | fc7f 0000 | 41ff d248 | 83c4 08e9 | 0d00 0000 

  0x00000263161f9d40: ;   {runtime_call}
  0x00000263161f9d40: 49ba 3009 | 44f2 fc7f | 0000 41ff | d248 83c4 | 2058 e903 | 0000 0048 | 8b00 498b | 8fd8 0000 
  0x00000263161f9d60: 00c7 8100 | 0100 0000 | 0000 00c9 | 4981 7f08 | 0000 0000 | 0f85 0100 

  0x00000263161f9d78: ;   {runtime_call StubRoutines (1)}
  0x00000263161f9d78: 0000 c3e9 | 8071 5dff | c5f8 7748 | 8945 f84c | 8be4 4883 | ec20 4883 

  0x00000263161f9d90: ;   {runtime_call}
  0x00000263161f9d90: e4f0 49ba | a006 85f2 | fc7f 0000 | 41ff d249 | 8be4 4d33 | e448 8b45 | f8e9 93fe | ffff f4f4 
[/MachCode]


Compiled method (c1)   12295 4660   !   1       jdk.internal.reflect.NativeMethodAccessorImpl::invoke (137 bytes)
 total in heap  [0x00000263161fa210,0x00000263161fac50] = 2624
 relocation     [0x00000263161fa368,0x00000263161fa3f0] = 136
 main code      [0x00000263161fa400,0x00000263161fa860] = 1120
 stub code      [0x00000263161fa860,0x00000263161fa8e8] = 136
 metadata       [0x00000263161fa8e8,0x00000263161fa908] = 32
 scopes data    [0x00000263161fa908,0x00000263161fa9c8] = 192
 scopes pcs     [0x00000263161fa9c8,0x00000263161faae8] = 288
 dependencies   [0x00000263161faae8,0x00000263161faaf0] = 8
 handler table  [0x00000263161faaf0,0x00000263161fac10] = 288
 nul chk table  [0x00000263161fac10,0x00000263161fac50] = 64

[Constant Pool (empty)]

[MachCode]
[Entry Point]
  # {method} {0x00000263261c3d68} 'invoke' '(Ljava/lang/Object;[Ljava/lang/Object;)Ljava/lang/Object;' in 'jdk/internal/reflect/NativeMethodAccessorImpl'
  # this:     rdx:rdx   = 'jdk/internal/reflect/NativeMethodAccessorImpl'
  # parm0:    r8:r8     = 'java/lang/Object'
  # parm1:    r9:r9     = '[Ljava/lang/Object;'
  #           [sp+0xd0]  (sp of caller)
  0x00000263161fa400: 448b 5208 | 49bb 0000 | 0026 6302 | 0000 4d03 | d34c 3bd0 

  0x00000263161fa414: ;   {runtime_call ic_miss_stub}
  0x00000263161fa414: 0f85 662b | 62ff 660f | 1f44 0000 
[Verified Entry Point]
  0x00000263161fa420: 8984 2400 | 90ff ff55 | 4881 ecc0 | 0000 0048 | 8954 2470 | 8b72 0cff | c689 720c 

  0x00000263161fa43c: ;   {oop(a 'java/lang/Class'{0x00000007034805c0} = 'jdk/internal/reflect/ReflectionFactory')}
  0x00000263161fa43c: 48bf c005 | 4803 0700 | 0000 8b7f | 783b f70f | 8f08 0000 | 0048 8bf2 | e9e2 0200 | 004c 898c 
  0x00000263161fa45c: 2480 0000 | 004c 8944 | 2478 8b72 | 1448 c1e6 | 038b 7624 | 48c1 e603 

  0x00000263161fa474: ; implicit exception: dispatches to 0x00000263161fa79a
  0x00000263161fa474: 483b 0648 | 8bd6 0f1f 

  0x00000263161fa47c: ;   {optimized virtual_call}
  0x00000263161fa47c: 4400 00e8 

  0x00000263161fa480: ; ImmutableOopMap {[112]=Oop [128]=Oop [120]=Oop }
                      ;*invokevirtual isHidden {reexecute=0 rethrow=0 return_oop=0}
                      ; - jdk.internal.reflect.NativeMethodAccessorImpl::invoke@24 (line 57)
  0x00000263161fa480: bcbf 89ff | 83f8 000f | 8417 0000 | 004c 8b8c | 2480 0000 | 004c 8b44 | 2478 488b | 7424 70e9 
  0x00000263161fa4a0: 9702 0000 | 488b 5424 | 708b 4210 | 83f8 000f | 8415 0000 | 004c 8b8c | 2480 0000 | 004c 8b44 
  0x00000263161fa4c0: 2478 488b | f2e9 7102 | 0000 488d | 7210 b800 | 0000 00bf | 0100 0000 | f00f b13e | be01 0000 
  0x00000263161fa4e0: 000f 8405 | 0000 00be | 0000 0000 | 83fe 000f | 8515 0000 | 004c 8b8c | 2480 0000 | 004c 8b44 
  0x00000263161fa500: 2478 488b | f2e9 3102 | 0000 488b 

  0x00000263161fa50c: ;   {metadata('jdk/internal/reflect/MethodAccessorGenerator')}
  0x00000263161fa50c: da48 bab0 | 330f 2763 | 0200 0049 | 8b87 0801 | 0000 488d | b890 0000 | 0049 3bbf | 1801 0000 
  0x00000263161fa52c: 0f87 6d02 | 0000 4989 | bf08 0100 | 0048 c700 | 0100 0000 | 488b ca49 | ba00 0000 | 2663 0200 
  0x00000263161fa54c: 0049 2bca | 8948 0848 | 33c9 8948 | 0c48 33c9 | 48bf 1000 | 0000 0000 | 0000 4889 | 4cf8 0848 
  0x00000263161fa56c: ffcf 75f6 | ba1e 0000 | 0066 8950 | 6aba 4900 | 0000 6689 | 506c 8b53 | 1448 c1e2 | 038b 7224 
  0x00000263161fa58c: 48c1 e603 | 8b7a 2848 | c1e7 038b | 5230 48c1 | e203 4889 | 8424 9800 | 0000 4889 | bc24 9000 
  0x00000263161fa5ac: 0000 4889 | b424 8800 | 0000 0f1f | 8000 0000 | 0048 b878 | 1c00 2663 

  0x00000263161fa5c4: ;   {virtual_call}
  0x00000263161fa5c4: 0200 00e8 

  0x00000263161fa5c8: ; ImmutableOopMap {[128]=Oop [120]=Oop [152]=Oop [112]=Oop [144]=Oop [136]=Oop }
                      ;*invokevirtual clone {reexecute=0 rethrow=0 return_oop=0}
                      ; - java.lang.reflect.Method::getParameterTypes@4 (line 314)
                      ; - jdk.internal.reflect.NativeMethodAccessorImpl::invoke@77 (line 65)
  0x00000263161fa5c8: 5493 80ff | 4883 f800 | 0f84 2900 

  0x00000263161fa5d4: ;   {metadata('java/lang/Class'[])}
  0x00000263161fa5d4: 0000 48bb | 781c 0026 | 6302 0000 | 8b78 0849 | ba00 0000 | 2663 0200 | 0049 03fa | 483b 5f40 
  0x00000263161fa5f4: 0f85 b701 | 0000 e900 | 0000 0048 | 8bf0 488b | 5424 708b | 7a14 48c1 | e703 8b5f | 2c48 c1e3 
  0x00000263161fa614: 038b 7f34 | 48c1 e703 | 488b d748 | 899c 24a8 | 0000 0048 | 89b4 24a0 | 0000 0066 | 0f1f 4400 
  0x00000263161fa634: 0048 b878 | 1c00 2663 

  0x00000263161fa63c: ;   {virtual_call}
  0x00000263161fa63c: 0200 00e8 

  0x00000263161fa640: ; ImmutableOopMap {[128]=Oop [120]=Oop [152]=Oop [144]=Oop [136]=Oop [112]=Oop [168]=Oop [160]=Oop }
                      ;*invokevirtual clone {reexecute=0 rethrow=0 return_oop=0}
                      ; - java.lang.reflect.Method::getExceptionTypes@4 (line 341)
                      ; - jdk.internal.reflect.NativeMethodAccessorImpl::invoke@91 (line 67)
  0x00000263161fa640: dc92 80ff | 4883 f800 | 0f84 2a00 

  0x00000263161fa64c: ;   {metadata('java/lang/Class'[])}
  0x00000263161fa64c: 0000 48bf | 781c 0026 | 6302 0000 | 448b 4808 | 49ba 0000 | 0026 6302 | 0000 4d03 | ca49 3b79 
  0x00000263161fa66c: 400f 854c | 0100 00e9 | 0000 0000 | 488b c848 | 8b54 2470 | 448b 4214 | 49c1 e003 

  0x00000263161fa688: ; implicit exception: dispatches to 0x00000263161fa7c8
  0x00000263161fa688: 418b 5820 | 4c8b 8424 | 8800 0000 | 4c8b 8c24 | 9000 0000 | 488b bc24 | a000 0000 | 488b b424 
  0x00000263161fa6a8: a800 0000 | 891c 2448 | 8b94 2498 

  0x00000263161fa6b4: ;   {optimized virtual_call}
  0x00000263161fa6b4: 0000 00e8 

  0x00000263161fa6b8: ; ImmutableOopMap {[128]=Oop [120]=Oop [112]=Oop }
                      ;*invokevirtual generateMethod {reexecute=0 rethrow=0 return_oop=0}
                      ; - jdk.internal.reflect.NativeMethodAccessorImpl::invoke@101 (line 63)
  0x00000263161fa6b8: d901 0000 | 4883 f800 | 0f84 2a00 

  0x00000263161fa6c4: ;   {metadata('jdk/internal/reflect/MethodAccessorImpl')}
  0x00000263161fa6c4: 0000 48be | d0ae 0026 | 6302 0000 | 448b 4808 | 49ba 0000 | 0026 6302 | 0000 4d03 | ca49 3b71 
  0x00000263161fa6e4: 400f 85e2 | 0000 00e9 | 0000 0000 | 488b d048 | 8b74 2470 | 448b 4618 | 49c1 e003 | 450f be4f 
  0x00000263161fa704: 3841 83f9 | 000f 85c7 | 0000 004c | 8bd2 49c1 | ea03 4589 | 500c 4d8b | c84c 33ca | 49c1 e915 
  0x00000263161fa724: 4983 f900 | 0f85 cd00 | 0000 4c8b | 8c24 8000 | 0000 4c8b | 4424 788b | 5614 48c1 | e203 0f1f 
  0x00000263161fa744: ;   {static_call}
  0x00000263161fa744: 4400 00e8 

  0x00000263161fa748: ; ImmutableOopMap {}
                      ;*invokestatic invoke0 {reexecute=0 rethrow=0 return_oop=0}
                      ; - jdk.internal.reflect.NativeMethodAccessorImpl::invoke@133 (line 77)
  0x00000263161fa748: 74f3 ffff | 4881 c4c0 | 0000 005d 

  0x00000263161fa754: ;   {poll_return}
  0x00000263161fa754: 493b a748 | 0300 000f | 87b2 0000 | 00c3 488b | 7424 7049 | 8b87 d803 | 0000 4d33 | d24d 8997 
  0x00000263161fa774: d803 0000 | 4d33 d24d | 8997 e003 | 0000 bf00 | 0000 0089 | 7e10 f083 | 4424 c000 | e9b8 0000 
  0x00000263161fa794: ;   {runtime_call throw_null_pointer_exception Runtime1 stub}
  0x00000263161fa794: 00e8 86ae 

  0x00000263161fa798: ; ImmutableOopMap {rdx=Oop [112]=Oop [128]=Oop [120]=Oop }
                      ;*invokevirtual getDeclaringClass {reexecute=0 rethrow=0 return_oop=0}
                      ; - jdk.internal.reflect.NativeMethodAccessorImpl::invoke@21 (line 57)
                      ;   {runtime_call throw_null_pointer_exception Runtime1 stub}
  0x00000263161fa798: 6cff e881 

  0x00000263161fa79c: ; ImmutableOopMap {rdx=Oop [112]=Oop [128]=Oop [120]=Oop rsi=Oop }
                      ;*invokevirtual isHidden {reexecute=0 rethrow=0 return_oop=0}
                      ; - jdk.internal.reflect.NativeMethodAccessorImpl::invoke@24 (line 57)
  0x00000263161fa79c: ae6c ff48 

  0x00000263161fa7a0: ;   {runtime_call fast_new_instance Runtime1 stub}
  0x00000263161fa7a0: 8bd2 e859 

  0x00000263161fa7a4: ; ImmutableOopMap {[128]=Oop [120]=Oop rbx=Oop [112]=Oop }
                      ;*new {reexecute=0 rethrow=0 return_oop=0}
                      ; - jdk.internal.reflect.NativeMethodAccessorImpl::invoke@52 (line 61)
  0x00000263161fa7a4: b96c ffe9 | c4fd ffff 

  0x00000263161fa7ac: ;   {runtime_call throw_null_pointer_exception Runtime1 stub}
  0x00000263161fa7ac: e86f ae6c 

  0x00000263161fa7b0: ; ImmutableOopMap {[128]=Oop [120]=Oop rbx=Oop [112]=Oop rax=Oop rdx=Oop }
                      ;*invokevirtual getDeclaringClass {reexecute=0 rethrow=0 return_oop=0}
                      ; - jdk.internal.reflect.NativeMethodAccessorImpl::invoke@63 (line 63)
  0x00000263161fa7b0: ff48 8904 

  0x00000263161fa7b4: ;   {runtime_call throw_class_cast_exception Runtime1 stub}
  0x00000263161fa7b4: 24e8 66da 

  0x00000263161fa7b8: ; ImmutableOopMap {[128]=Oop [120]=Oop [152]=Oop [112]=Oop [144]=Oop [136]=Oop }
                      ;*checkcast {reexecute=0 rethrow=0 return_oop=0}
                      ; - java.lang.reflect.Method::getParameterTypes@7 (line 314)
                      ; - jdk.internal.reflect.NativeMethodAccessorImpl::invoke@77 (line 65)
                      ;   {runtime_call throw_null_pointer_exception Runtime1 stub}
  0x00000263161fa7b8: 6cff e861 

  0x00000263161fa7bc: ; ImmutableOopMap {[128]=Oop [120]=Oop [152]=Oop [144]=Oop [136]=Oop rsi=Oop rdx=Oop [112]=Oop rdi=Oop }
                      ;*invokevirtual getReturnType {reexecute=0 rethrow=0 return_oop=0}
                      ; - jdk.internal.reflect.NativeMethodAccessorImpl::invoke@84 (line 66)
  0x00000263161fa7bc: ae6c ff48 

  0x00000263161fa7c0: ;   {runtime_call throw_class_cast_exception Runtime1 stub}
  0x00000263161fa7c0: 8904 24e8 

  0x00000263161fa7c4: ; ImmutableOopMap {[128]=Oop [120]=Oop [152]=Oop [144]=Oop [136]=Oop [112]=Oop [168]=Oop [160]=Oop }
                      ;*checkcast {reexecute=0 rethrow=0 return_oop=0}
                      ; - java.lang.reflect.Method::getExceptionTypes@7 (line 341)
                      ; - jdk.internal.reflect.NativeMethodAccessorImpl::invoke@91 (line 67)
  0x00000263161fa7c4: 58da 6cff 

  0x00000263161fa7c8: ;   {runtime_call throw_null_pointer_exception Runtime1 stub}
  0x00000263161fa7c8: e853 ae6c 

  0x00000263161fa7cc: ; ImmutableOopMap {[128]=Oop [120]=Oop [152]=Oop [144]=Oop [136]=Oop [168]=Oop [160]=Oop rcx=Oop rdx=Oop [112]=Oop }
                      ;*invokevirtual getModifiers {reexecute=0 rethrow=0 return_oop=0}
                      ; - jdk.internal.reflect.NativeMethodAccessorImpl::invoke@98 (line 68)
  0x00000263161fa7cc: ff48 8904 

  0x00000263161fa7d0: ;   {runtime_call throw_class_cast_exception Runtime1 stub}
  0x00000263161fa7d0: 24e8 4ada 

  0x00000263161fa7d4: ; ImmutableOopMap {[128]=Oop [120]=Oop [112]=Oop }
                      ;*checkcast {reexecute=0 rethrow=0 return_oop=0}
                      ; - jdk.internal.reflect.NativeMethodAccessorImpl::invoke@104 (line 63)
  0x00000263161fa7d4: 6cff 458b | 480c 49c1 | e103 4983 | f900 0f84 | 27ff ffff | 4c89 0c24 

  0x00000263161fa7ec: ;   {runtime_call g1_pre_barrier_slow}
  0x00000263161fa7ec: e88f 176d | ffe9 19ff 

  0x00000263161fa7f4: ;   {runtime_call throw_null_pointer_exception Runtime1 stub}
  0x00000263161fa7f4: ffff e825 

  0x00000263161fa7f8: ; ImmutableOopMap {[128]=Oop [120]=Oop rdx=Oop rsi=Oop [112]=Oop r8=Oop }
                      ;*invokevirtual setDelegate {reexecute=0 rethrow=0 return_oop=0}
                      ; - jdk.internal.reflect.NativeMethodAccessorImpl::invoke@113 (line 69)
  0x00000263161fa7f8: ae6c ff48 | 83fa 000f | 8429 ffff | ff4c 8904 

  0x00000263161fa808: ;   {runtime_call g1_post_barrier_slow}
  0x00000263161fa808: 24e8 721b | 6dff e91b 

  0x00000263161fa810: ;   {internal_word}
  0x00000263161fa810: ffff ff49 | ba54 a71f | 1663 0200 | 004d 8997 | 6003 0000 

  0x00000263161fa824: ;   {runtime_call SafepointBlob}
  0x00000263161fa824: e957 a162 

  0x00000263161fa828: ;   {runtime_call throw_null_pointer_exception Runtime1 stub}
  0x00000263161fa828: ffe8 f2ad 

  0x00000263161fa82c: ; ImmutableOopMap {[128]=Oop [120]=Oop rdx=Oop rsi=Oop [112]=Oop r8=Oop }
                      ;*invokevirtual setDelegate {reexecute=0 rethrow=0 return_oop=0}
                      ; - jdk.internal.reflect.NativeMethodAccessorImpl::invoke@113 (line 69)
  0x00000263161fa82c: 6cff 9090 | 498b 87d8 | 0300 0049 | c787 d803 | 0000 0000 | 0000 49c7 | 87e0 0300 | 0000 0000 
  0x00000263161fa84c: 0048 81c4 | c000 0000 

  0x00000263161fa854: ;   {runtime_call unwind_exception Runtime1 stub}
  0x00000263161fa854: 5de9 a69e | 6cff f4f4 | f4f4 f4f4 
[Stub Code]
  0x00000263161fa860: ;   {no_reloc}
  0x00000263161fa860: 0f1f 4400 

  0x00000263161fa864: ;   {static_stub}
  0x00000263161fa864: 0048 bb00 | 0000 0000 

  0x00000263161fa86c: ;   {runtime_call}
  0x00000263161fa86c: 0000 00e9 | fbff ffff 

  0x00000263161fa874: ;   {static_stub}
  0x00000263161fa874: 9048 bb00 | 0000 0000 

  0x00000263161fa87c: ;   {runtime_call}
  0x00000263161fa87c: 0000 00e9 | fbff ffff 

  0x00000263161fa884: ;   {static_stub}
  0x00000263161fa884: 9048 bb00 | 0000 0000 

  0x00000263161fa88c: ;   {runtime_call}
  0x00000263161fa88c: 0000 00e9 | fbff ffff 

  0x00000263161fa894: ;   {static_stub}
  0x00000263161fa894: 9048 bbe8 | 5f24 6763 

  0x00000263161fa89c: ;   {runtime_call I2C/C2I adapters}
  0x00000263161fa89c: 0200 00e9 | d634 7dff 

  0x00000263161fa8a4: ;   {static_stub}
  0x00000263161fa8a4: 9048 bb00 | 0000 0000 

  0x00000263161fa8ac: ;   {runtime_call}
  0x00000263161fa8ac: 0000 00e9 | fbff ffff 
[Exception Handler]
  0x00000263161fa8b4: ;   {runtime_call handle_exception_from_callee Runtime1 stub}
  0x00000263161fa8b4: e847 d36c 

  0x00000263161fa8b8: ;   {external_word}
  0x00000263161fa8b8: ff48 b9a0 | e0a3 f2fc | 7f00 0048 

  0x00000263161fa8c4: ;   {runtime_call}
  0x00000263161fa8c4: 83e4 f049 | bae0 da71 | f2fc 7f00 | 0041 ffd2 

  0x00000263161fa8d4: ;   {section_word}
  0x00000263161fa8d4: f449 bad5 | a81f 1663 | 0200 0041 

  0x00000263161fa8e0: ;   {runtime_call DeoptimizationBlob}
  0x00000263161fa8e0: 52e9 3ab5 | 62ff f4f4 
[/MachCode]


Compiled method (c1)   12313 4085       1       jdk.internal.reflect.DelegatingMethodAccessorImpl::invoke (10 bytes)
 total in heap  [0x000002631610c590,0x000002631610c858] = 712
 relocation     [0x000002631610c6e8,0x000002631610c720] = 56
 main code      [0x000002631610c720,0x000002631610c7c0] = 160
 stub code      [0x000002631610c7c0,0x000002631610c808] = 72
 metadata       [0x000002631610c808,0x000002631610c810] = 8
 scopes data    [0x000002631610c810,0x000002631610c820] = 16
 scopes pcs     [0x000002631610c820,0x000002631610c850] = 48
 dependencies   [0x000002631610c850,0x000002631610c858] = 8

[Constant Pool (empty)]

[MachCode]
[Entry Point]
  # {method} {0x000002632635fb00} 'invoke' '(Ljava/lang/Object;[Ljava/lang/Object;)Ljava/lang/Object;' in 'jdk/internal/reflect/DelegatingMethodAccessorImpl'
  # this:     rdx:rdx   = 'jdk/internal/reflect/DelegatingMethodAccessorImpl'
  # parm0:    r8:r8     = 'java/lang/Object'
  # parm1:    r9:r9     = '[Ljava/lang/Object;'
  #           [sp+0x40]  (sp of caller)
  0x000002631610c720: 448b 5208 | 49bb 0000 | 0026 6302 | 0000 4d03 | d34c 3bd0 

  0x000002631610c734: ;   {runtime_call ic_miss_stub}
  0x000002631610c734: 0f85 4608 | 71ff 660f | 1f44 0000 
[Verified Entry Point]
  0x000002631610c740: 8984 2400 | 90ff ff55 | 4883 ec30 | 8b52 0c48 | c1e2 0366 | 9048 b8ff | ffff ffff 

  0x000002631610c75c: ;   {virtual_call}
  0x000002631610c75c: ffff ffe8 

  0x000002631610c760: ; ImmutableOopMap {}
                      ;*invokevirtual invoke {reexecute=0 rethrow=0 return_oop=0}
                      ; - jdk.internal.reflect.DelegatingMethodAccessorImpl::invoke@6 (line 43)
  0x000002631610c760: 7c2d 7cff | 4883 c430 

  0x000002631610c768: ;   {poll_return}
  0x000002631610c768: 5d49 3ba7 | 4803 0000 | 0f87 0100 

  0x000002631610c774: ;   {internal_word}
  0x000002631610c774: 0000 c349 | ba69 c710 | 1663 0200 | 004d 8997 | 6003 0000 

  0x000002631610c788: ;   {runtime_call SafepointBlob}
  0x000002631610c788: e9f3 8171 | ff90 9049 | 8b87 d803 | 0000 49c7 | 87d8 0300 | 0000 0000 | 0049 c787 | e003 0000 
  0x000002631610c7a8: 0000 0000 | 4883 c430 

  0x000002631610c7b0: ;   {runtime_call unwind_exception Runtime1 stub}
  0x000002631610c7b0: 5de9 4a7f | 7bff f4f4 | f4f4 f4f4 | f4f4 f4f4 
[Stub Code]
  0x000002631610c7c0: ;   {no_reloc}
  0x000002631610c7c0: 0f1f 4400 

  0x000002631610c7c4: ;   {static_stub}
  0x000002631610c7c4: 0048 bb00 | 0000 0000 

  0x000002631610c7cc: ;   {runtime_call}
  0x000002631610c7cc: 0000 00e9 | fbff ffff 
[Exception Handler]
  0x000002631610c7d4: ;   {runtime_call handle_exception_from_callee Runtime1 stub}
  0x000002631610c7d4: e827 b47b 

  0x000002631610c7d8: ;   {external_word}
  0x000002631610c7d8: ff48 b9a0 | e0a3 f2fc | 7f00 0048 

  0x000002631610c7e4: ;   {runtime_call}
  0x000002631610c7e4: 83e4 f049 | bae0 da71 | f2fc 7f00 | 0041 ffd2 

  0x000002631610c7f4: ;   {section_word}
  0x000002631610c7f4: f449 baf5 | c710 1663 | 0200 0041 

  0x000002631610c800: ;   {runtime_call DeoptimizationBlob}
  0x000002631610c800: 52e9 1a96 | 71ff f4f4 
[/MachCode]


---------------  P R O C E S S  ---------------

Threads class SMR info:
_java_thread_list=0x000002636b8882d0, length=29, elements={
0x0000026324b423e0, 0x0000026324b42fa0, 0x0000026324b573b0, 0x0000026324b5ad90,
0x0000026324b5b750, 0x0000026324b5e120, 0x0000026324b5eb90, 0x0000026324b5f590,
0x0000026324b2f790, 0x000002632536bef0, 0x00000263253925b0, 0x000002636ba6e920,
0x000002636bb2a040, 0x000002636bb66ce0, 0x000002636bbc3e70, 0x000002636bbc4380,
0x000002636bbc3450, 0x000002636bbc3960, 0x000002636bbc4da0, 0x000002636bbc52b0,
0x000002636bbc57c0, 0x000002636bbc2520, 0x000002636bbc2a30, 0x000002636bbc2f40,
0x000002636cad0680, 0x000002636cad61a0, 0x000002636cad3e30, 0x000002636cad4850,
0x000002636caced30
}

Java Threads: ( => current thread )
  0x0000026324b423e0 JavaThread "Reference Handler" daemon [_thread_blocked, id=25468, stack(0x000000d7d3400000,0x000000d7d3500000)]
  0x0000026324b42fa0 JavaThread "Finalizer" daemon [_thread_blocked, id=36412, stack(0x000000d7d3500000,0x000000d7d3600000)]
  0x0000026324b573b0 JavaThread "Signal Dispatcher" daemon [_thread_blocked, id=11992, stack(0x000000d7d3600000,0x000000d7d3700000)]
  0x0000026324b5ad90 JavaThread "Attach Listener" daemon [_thread_blocked, id=4788, stack(0x000000d7d3700000,0x000000d7d3800000)]
  0x0000026324b5b750 JavaThread "Service Thread" daemon [_thread_blocked, id=28440, stack(0x000000d7d3800000,0x000000d7d3900000)]
  0x0000026324b5e120 JavaThread "Monitor Deflation Thread" daemon [_thread_blocked, id=9332, stack(0x000000d7d3900000,0x000000d7d3a00000)]
  0x0000026324b5eb90 JavaThread "C1 CompilerThread0" daemon [_thread_blocked, id=16228, stack(0x000000d7d3a00000,0x000000d7d3b00000)]
  0x0000026324b5f590 JavaThread "Sweeper thread" daemon [_thread_blocked, id=10816, stack(0x000000d7d3b00000,0x000000d7d3c00000)]
  0x0000026324b2f790 JavaThread "C1 CompilerThread1" daemon [_thread_blocked, id=28228, stack(0x000000d7d3c00000,0x000000d7d3d00000)]
  0x000002632536bef0 JavaThread "Notification Thread" daemon [_thread_blocked, id=22152, stack(0x000000d7d3d00000,0x000000d7d3e00000)]
  0x00000263253925b0 JavaThread "Common-Cleaner" daemon [_thread_blocked, id=9352, stack(0x000000d7d3f00000,0x000000d7d4000000)]
  0x000002636ba6e920 JavaThread "Catalina-utility-1" [_thread_blocked, id=22564, stack(0x000000d7d4a00000,0x000000d7d4b00000)]
  0x000002636bb2a040 JavaThread "Catalina-utility-2" [_thread_blocked, id=5680, stack(0x000000d7d4b00000,0x000000d7d4c00000)]
  0x000002636bb66ce0 JavaThread "container-0" [_thread_blocked, id=28632, stack(0x000000d7d4c00000,0x000000d7d4d00000)]
  0x000002636bbc3e70 JavaThread "mysql-cj-abandoned-connection-cleanup" daemon [_thread_blocked, id=26584, stack(0x000000d7d4d00000,0x000000d7d4e00000)]
  0x000002636bbc4380 JavaThread "HikariPool-1 housekeeper" daemon [_thread_blocked, id=19280, stack(0x000000d7d4f00000,0x000000d7d5000000)]
  0x000002636bbc3450 JavaThread "https-jsse-nio-8080-exec-1" daemon [_thread_blocked, id=36328, stack(0x000000d7d5100000,0x000000d7d5200000)]
  0x000002636bbc3960 JavaThread "https-jsse-nio-8080-exec-2" daemon [_thread_blocked, id=27336, stack(0x000000d7d5200000,0x000000d7d5300000)]
  0x000002636bbc4da0 JavaThread "https-jsse-nio-8080-exec-3" daemon [_thread_blocked, id=25056, stack(0x000000d7d5300000,0x000000d7d5400000)]
=>0x000002636bbc52b0 JavaThread "https-jsse-nio-8080-exec-4" daemon [_thread_in_native, id=7716, stack(0x000000d7d5400000,0x000000d7d5500000)]
  0x000002636bbc57c0 JavaThread "https-jsse-nio-8080-exec-5" daemon [_thread_blocked, id=30488, stack(0x000000d7d5500000,0x000000d7d5600000)]
  0x000002636bbc2520 JavaThread "https-jsse-nio-8080-exec-6" daemon [_thread_blocked, id=2508, stack(0x000000d7d5600000,0x000000d7d5700000)]
  0x000002636bbc2a30 JavaThread "https-jsse-nio-8080-exec-7" daemon [_thread_blocked, id=3920, stack(0x000000d7d5700000,0x000000d7d5800000)]
  0x000002636bbc2f40 JavaThread "https-jsse-nio-8080-exec-8" daemon [_thread_blocked, id=9416, stack(0x000000d7d5800000,0x000000d7d5900000)]
  0x000002636cad0680 JavaThread "https-jsse-nio-8080-exec-9" daemon [_thread_blocked, id=13348, stack(0x000000d7d5900000,0x000000d7d5a00000)]
  0x000002636cad61a0 JavaThread "https-jsse-nio-8080-exec-10" daemon [_thread_blocked, id=20660, stack(0x000000d7d5a00000,0x000000d7d5b00000)]
  0x000002636cad3e30 JavaThread "https-jsse-nio-8080-Poller" daemon [_thread_in_native, id=31532, stack(0x000000d7d5b00000,0x000000d7d5c00000)]
  0x000002636cad4850 JavaThread "https-jsse-nio-8080-Acceptor" daemon [_thread_in_native, id=17840, stack(0x000000d7d5c00000,0x000000d7d5d00000)]
  0x000002636caced30 JavaThread "DestroyJavaVM" [_thread_blocked, id=10972, stack(0x000000d7d2d00000,0x000000d7d2e00000)]

Other Threads:
  0x0000026324b3f920 VMThread "VM Thread" [stack: 0x000000d7d3300000,0x000000d7d3400000] [id=14864]
  0x000002630c7e0ba0 WatcherThread [stack: 0x000000d7d3e00000,0x000000d7d3f00000] [id=16152]
  0x000002630c7c1330 GCTaskThread "GC Thread#0" [stack: 0x000000d7d2e00000,0x000000d7d2f00000] [id=18860]
  0x0000026325c14fb0 GCTaskThread "GC Thread#1" [stack: 0x000000d7d4200000,0x000000d7d4300000] [id=23572]
  0x0000026325c2d7d0 GCTaskThread "GC Thread#2" [stack: 0x000000d7d4300000,0x000000d7d4400000] [id=22196]
  0x0000026325c2da90 GCTaskThread "GC Thread#3" [stack: 0x000000d7d4400000,0x000000d7d4500000] [id=36380]
  0x0000026325c2dd50 GCTaskThread "GC Thread#4" [stack: 0x000000d7d4500000,0x000000d7d4600000] [id=5812]
  0x0000026325c2e010 GCTaskThread "GC Thread#5" [stack: 0x000000d7d4600000,0x000000d7d4700000] [id=8240]
  0x0000026325eee240 GCTaskThread "GC Thread#6" [stack: 0x000000d7d4800000,0x000000d7d4900000] [id=21720]
  0x0000026325eef510 GCTaskThread "GC Thread#7" [stack: 0x000000d7d4900000,0x000000d7d4a00000] [id=35600]
  0x000002630c7d1f50 ConcurrentGCThread "G1 Main Marker" [stack: 0x000000d7d2f00000,0x000000d7d3000000] [id=35756]
  0x000002630c7d2960 ConcurrentGCThread "G1 Conc#0" [stack: 0x000000d7d3000000,0x000000d7d3100000] [id=26592]
  0x000002636b801c80 ConcurrentGCThread "G1 Conc#1" [stack: 0x000000d7d4700000,0x000000d7d4800000] [id=10376]
  0x000002630c80d4a0 ConcurrentGCThread "G1 Refine#0" [stack: 0x000000d7d3100000,0x000000d7d3200000] [id=25924]
  0x000002630c80e4e0 ConcurrentGCThread "G1 Service" [stack: 0x000000d7d3200000,0x000000d7d3300000] [id=14420]

Threads with active compile tasks:

VM state: not at safepoint (normal execution)

VM Mutex/Monitor currently owned by a thread: None

Heap address: 0x0000000703200000, size: 4046 MB, Compressed Oops mode: Zero based, Oop shift amount: 3

CDS archive(s) mapped at: [0x0000026326000000-0x0000026326bd0000-0x0000026326bd0000), size 12386304, SharedBaseAddress: 0x0000026326000000, ArchiveRelocationMode: 1.
Compressed class space mapped at: 0x0000026327000000-0x0000026367000000, reserved size: 1073741824
Narrow klass base: 0x0000026326000000, Narrow klass shift: 0, Narrow klass range: 0x100000000

GC Precious Log:
 CPUs: 8 total, 8 available
 Memory: 16183M
 Large Page Support: Disabled
 NUMA Support: Disabled
 Compressed Oops: Enabled (Zero based)
 Heap Region Size: 2M
 Heap Min Capacity: 8M
 Heap Initial Capacity: 254M
 Heap Max Capacity: 4046M
 Pre-touch: Disabled
 Parallel Workers: 8
 Concurrent Workers: 2
 Concurrent Refinement Workers: 8
 Periodic GC: Disabled

Heap:
 garbage-first heap   total 112640K, used 47124K [0x0000000703200000, 0x0000000800000000)
  region size 2048K, 13 young (26624K), 3 survivors (6144K)
 Metaspace       used 60456K, committed 60992K, reserved 1114112K
  class space    used 8420K, committed 8640K, reserved 1048576K

Heap Regions: E=young(eden), S=young(survivor), O=old, HS=humongous(starts), HC=humongous(continues), CS=collection set, F=free, OA=open archive, CA=closed archive, TAMS=top-at-mark-start (previous, next)
|   0|0x0000000703200000, 0x0000000703400000, 0x0000000703400000|100%| O|  |TAMS 0x0000000703400000, 0x0000000703200000| Untracked 
|   1|0x0000000703400000, 0x0000000703600000, 0x0000000703600000|100%| O|  |TAMS 0x0000000703600000, 0x0000000703400000| Untracked 
|   2|0x0000000703600000, 0x0000000703800000, 0x0000000703800000|100%| O|  |TAMS 0x0000000703800000, 0x0000000703600000| Untracked 
|   3|0x0000000703800000, 0x0000000703a00000, 0x0000000703a00000|100%| O|  |TAMS 0x0000000703a00000, 0x0000000703800000| Untracked 
|   4|0x0000000703a00000, 0x0000000703c00000, 0x0000000703c00000|100%| O|  |TAMS 0x0000000703c00000, 0x0000000703a00000| Untracked 
|   5|0x0000000703c00000, 0x0000000703e00000, 0x0000000703e00000|100%| O|  |TAMS 0x0000000703e00000, 0x0000000703c00000| Untracked 
|   6|0x0000000703e00000, 0x0000000704000000, 0x0000000704000000|100%| O|  |TAMS 0x0000000704000000, 0x0000000703e00000| Untracked 
|   7|0x0000000704000000, 0x0000000704200000, 0x0000000704200000|100%| O|  |TAMS 0x0000000704200000, 0x0000000704000000| Untracked 
|   8|0x0000000704200000, 0x0000000704400000, 0x0000000704400000|100%| O|  |TAMS 0x0000000704400000, 0x0000000704200000| Untracked 
|   9|0x0000000704400000, 0x000000070449b800, 0x0000000704600000| 30%| O|  |TAMS 0x0000000704400000, 0x0000000704400000| Untracked 
|  10|0x0000000704600000, 0x0000000704800000, 0x0000000704800000|100%| O|  |TAMS 0x0000000704800000, 0x0000000704600000| Untracked 
|  11|0x0000000704800000, 0x0000000704a00000, 0x0000000704a00000|100%| O|  |TAMS 0x0000000704a00000, 0x0000000704800000| Untracked 
|  12|0x0000000704a00000, 0x0000000704c00000, 0x0000000704c00000|100%| O|  |TAMS 0x0000000704aa8a00, 0x0000000704a00000| Untracked 
|  13|0x0000000704c00000, 0x0000000704c00000, 0x0000000704e00000|  0%| F|  |TAMS 0x0000000704c00000, 0x0000000704c00000| Untracked 
|  14|0x0000000704e00000, 0x0000000704e00000, 0x0000000705000000|  0%| F|  |TAMS 0x0000000704e00000, 0x0000000704e00000| Untracked 
|  15|0x0000000705000000, 0x0000000705000000, 0x0000000705200000|  0%| F|  |TAMS 0x0000000705000000, 0x0000000705000000| Untracked 
|  16|0x0000000705200000, 0x0000000705200000, 0x0000000705400000|  0%| F|  |TAMS 0x0000000705200000, 0x0000000705200000| Untracked 
|  17|0x0000000705400000, 0x0000000705569ab8, 0x0000000705600000| 70%| S|CS|TAMS 0x0000000705400000, 0x0000000705400000| Complete 
|  18|0x0000000705600000, 0x0000000705600000, 0x0000000705800000|  0%| F|  |TAMS 0x0000000705600000, 0x0000000705600000| Untracked 
|  19|0x0000000705800000, 0x0000000705a00000, 0x0000000705a00000|100%| S|CS|TAMS 0x0000000705800000, 0x0000000705800000| Complete 
|  20|0x0000000705a00000, 0x0000000705c00000, 0x0000000705c00000|100%| S|CS|TAMS 0x0000000705a00000, 0x0000000705a00000| Complete 
|  21|0x0000000705c00000, 0x0000000705c00000, 0x0000000705e00000|  0%| F|  |TAMS 0x0000000705c00000, 0x0000000705c00000| Untracked 
|  22|0x0000000705e00000, 0x0000000705e00000, 0x0000000706000000|  0%| F|  |TAMS 0x0000000705e00000, 0x0000000705e00000| Untracked 
|  23|0x0000000706000000, 0x0000000706000000, 0x0000000706200000|  0%| F|  |TAMS 0x0000000706000000, 0x0000000706000000| Untracked 
|  24|0x0000000706200000, 0x0000000706200000, 0x0000000706400000|  0%| F|  |TAMS 0x0000000706200000, 0x0000000706200000| Untracked 
|  25|0x0000000706400000, 0x0000000706400000, 0x0000000706600000|  0%| F|  |TAMS 0x0000000706400000, 0x0000000706400000| Untracked 
|  26|0x0000000706600000, 0x0000000706600000, 0x0000000706800000|  0%| F|  |TAMS 0x0000000706600000, 0x0000000706600000| Untracked 
|  27|0x0000000706800000, 0x0000000706800000, 0x0000000706a00000|  0%| F|  |TAMS 0x0000000706800000, 0x0000000706800000| Untracked 
|  28|0x0000000706a00000, 0x0000000706a00000, 0x0000000706c00000|  0%| F|  |TAMS 0x0000000706a00000, 0x0000000706a00000| Untracked 
|  29|0x0000000706c00000, 0x0000000706c00000, 0x0000000706e00000|  0%| F|  |TAMS 0x0000000706c00000, 0x0000000706c00000| Untracked 
|  30|0x0000000706e00000, 0x0000000706e00000, 0x0000000707000000|  0%| F|  |TAMS 0x0000000706e00000, 0x0000000706e00000| Untracked 
|  31|0x0000000707000000, 0x0000000707000000, 0x0000000707200000|  0%| F|  |TAMS 0x0000000707000000, 0x0000000707000000| Untracked 
|  32|0x0000000707200000, 0x0000000707200000, 0x0000000707400000|  0%| F|  |TAMS 0x0000000707200000, 0x0000000707200000| Untracked 
|  33|0x0000000707400000, 0x0000000707400000, 0x0000000707600000|  0%| F|  |TAMS 0x0000000707400000, 0x0000000707400000| Untracked 
|  34|0x0000000707600000, 0x0000000707600000, 0x0000000707800000|  0%| F|  |TAMS 0x0000000707600000, 0x0000000707600000| Untracked 
|  35|0x0000000707800000, 0x0000000707800000, 0x0000000707a00000|  0%| F|  |TAMS 0x0000000707800000, 0x0000000707800000| Untracked 
|  36|0x0000000707a00000, 0x0000000707a00000, 0x0000000707c00000|  0%| F|  |TAMS 0x0000000707a00000, 0x0000000707a00000| Untracked 
|  37|0x0000000707c00000, 0x0000000707c00000, 0x0000000707e00000|  0%| F|  |TAMS 0x0000000707c00000, 0x0000000707c00000| Untracked 
|  38|0x0000000707e00000, 0x0000000707e00000, 0x0000000708000000|  0%| F|  |TAMS 0x0000000707e00000, 0x0000000707e00000| Untracked 
|  39|0x0000000708000000, 0x0000000708000000, 0x0000000708200000|  0%| F|  |TAMS 0x0000000708000000, 0x0000000708000000| Untracked 
|  40|0x0000000708200000, 0x0000000708200000, 0x0000000708400000|  0%| F|  |TAMS 0x0000000708200000, 0x0000000708200000| Untracked 
|  41|0x0000000708400000, 0x0000000708400000, 0x0000000708600000|  0%| F|  |TAMS 0x0000000708400000, 0x0000000708400000| Untracked 
|  42|0x0000000708600000, 0x0000000708600000, 0x0000000708800000|  0%| F|  |TAMS 0x0000000708600000, 0x0000000708600000| Untracked 
|  43|0x0000000708800000, 0x0000000708800000, 0x0000000708a00000|  0%| F|  |TAMS 0x0000000708800000, 0x0000000708800000| Untracked 
|  44|0x0000000708a00000, 0x0000000708a00000, 0x0000000708c00000|  0%| F|  |TAMS 0x0000000708a00000, 0x0000000708a00000| Untracked 
|  45|0x0000000708c00000, 0x0000000708d84780, 0x0000000708e00000| 75%| E|  |TAMS 0x0000000708c00000, 0x0000000708c00000| Complete 
|  46|0x0000000708e00000, 0x0000000709000000, 0x0000000709000000|100%| E|CS|TAMS 0x0000000708e00000, 0x0000000708e00000| Complete 
|  47|0x0000000709000000, 0x0000000709200000, 0x0000000709200000|100%| E|CS|TAMS 0x0000000709000000, 0x0000000709000000| Complete 
|  48|0x0000000709200000, 0x0000000709400000, 0x0000000709400000|100%| E|CS|TAMS 0x0000000709200000, 0x0000000709200000| Complete 
|  49|0x0000000709400000, 0x0000000709600000, 0x0000000709600000|100%| E|  |TAMS 0x0000000709400000, 0x0000000709400000| Complete 
|  50|0x0000000709600000, 0x0000000709800000, 0x0000000709800000|100%| E|CS|TAMS 0x0000000709600000, 0x0000000709600000| Complete 
|  51|0x0000000709800000, 0x0000000709a00000, 0x0000000709a00000|100%| E|CS|TAMS 0x0000000709800000, 0x0000000709800000| Complete 
|  52|0x0000000709a00000, 0x0000000709c00000, 0x0000000709c00000|100%| E|CS|TAMS 0x0000000709a00000, 0x0000000709a00000| Complete 
|  53|0x0000000709c00000, 0x0000000709e00000, 0x0000000709e00000|100%| E|CS|TAMS 0x0000000709c00000, 0x0000000709c00000| Complete 
| 126|0x0000000712e00000, 0x0000000713000000, 0x0000000713000000|100%| E|CS|TAMS 0x0000000712e00000, 0x0000000712e00000| Complete 

Card table byte_map: [0x00000263198a0000,0x000002631a090000] _byte_map_base: 0x0000026316087000

Marking Bits (Prev, Next): (CMBitMap*) 0x000002630c7c1990, (CMBitMap*) 0x000002630c7c1950
 Prev Bits: [0x000002631e7c0000, 0x00000263226f8000)
 Next Bits: [0x000002631a880000, 0x000002631e7b8000)

Polling page: 0x000002630c810000

Metaspace:

Usage:
  Non-class:     50.82 MB used.
      Class:      8.22 MB used.
       Both:     59.04 MB used.

Virtual space:
  Non-class space:       64.00 MB reserved,      51.12 MB ( 80%) committed,  1 nodes.
      Class space:        1.00 GB reserved,       8.44 MB ( <1%) committed,  1 nodes.
             Both:        1.06 GB reserved,      59.56 MB (  5%) committed. 

Chunk freelists:
   Non-Class:  12.05 MB
       Class:  7.58 MB
        Both:  19.62 MB

MaxMetaspaceSize: unlimited
CompressedClassSpaceSize: 1.00 GB
Initial GC threshold: 21.00 MB
Current GC threshold: 85.12 MB
CDS: on
MetaspaceReclaimPolicy: balanced
 - commit_granule_bytes: 65536.
 - commit_granule_words: 8192.
 - virtual_space_node_default_size: 8388608.
 - enlarge_chunks_in_place: 1.
 - new_chunks_are_fully_committed: 0.
 - uncommit_free_chunks: 1.
 - use_allocation_guard: 0.
 - handle_deallocations: 1.


Internal statistics:

num_allocs_failed_limit: 12.
num_arena_births: 718.
num_arena_deaths: 0.
num_vsnodes_births: 2.
num_vsnodes_deaths: 0.
num_space_committed: 953.
num_space_uncommitted: 0.
num_chunks_returned_to_freelist: 12.
num_chunks_taken_from_freelist: 2789.
num_chunk_merges: 6.
num_chunk_splits: 2039.
num_chunks_enlarged: 1598.
num_inconsistent_stats: 0.

CodeCache: size=49152Kb used=11226Kb max_used=12172Kb free=37925Kb
 bounds [0x00000263157d0000, 0x00000263163c0000, 0x00000263187d0000]
 total_blobs=6365 nmethods=5732 adapters=559
 compilation: enabled
              stopped_count=0, restarted_count=0
 full_count=0

Compilation events (20 events):
Event: 11.984 Thread 0x0000026324b5eb90 5723       1       org.apache.tomcat.util.http.MimeHeaderField::getValue (5 bytes)
Event: 11.984 Thread 0x0000026324b5eb90 nmethod 5723 0x0000026315ba0010 code [0x0000026315ba01a0, 0x0000026315ba0278]
Event: 12.122 Thread 0x0000026324b5eb90 5724       1       java.lang.Math::abs (11 bytes)
Event: 12.122 Thread 0x0000026324b5eb90 nmethod 5724 0x0000026315b9f110 code [0x0000026315b9f2a0, 0x0000026315b9f378]
Event: 12.134 Thread 0x0000026324b5eb90 5725       1       java.lang.reflect.Field::getFieldAccessor (35 bytes)
Event: 12.134 Thread 0x0000026324b2f790 5726       1       java.lang.reflect.Field::checkAccess (32 bytes)
Event: 12.134 Thread 0x0000026324b5eb90 nmethod 5725 0x0000026315b9ee10 code [0x0000026315b9efa0, 0x0000026315b9f0a8]
Event: 12.134 Thread 0x0000026324b2f790 nmethod 5726 0x0000026315b9ea90 code [0x0000026315b9ec20, 0x0000026315b9ed68]
Event: 12.151 Thread 0x0000026324b2f790 5727       1       java.lang.ModuleLayer::boot (4 bytes)
Event: 12.151 Thread 0x0000026324b2f790 nmethod 5727 0x0000026315b9de90 code [0x0000026315b9e020, 0x0000026315b9e0d8]
Event: 12.153 Thread 0x0000026324b2f790 5728       1       java.lang.StackTraceElement::<init> (10 bytes)
Event: 12.153 Thread 0x0000026324b2f790 nmethod 5728 0x0000026315b9db90 code [0x0000026315b9dd20, 0x0000026315b9ddf8]
Event: 12.153 Thread 0x0000026324b5eb90 5729  s!   1       java.lang.StackTraceElement::computeFormat (71 bytes)
Event: 12.153 Thread 0x0000026324b2f790 5730       1       java.lang.StackTraceElement::isHashedInJavaBase (31 bytes)
Event: 12.153 Thread 0x0000026324b2f790 nmethod 5730 0x0000026315b9d710 code [0x0000026315b9d8c0, 0x0000026315b9da78]
Event: 12.153 Thread 0x0000026324b2f790 5731       1       java.lang.Module::getLayer (43 bytes)
Event: 12.153 Thread 0x0000026324b5eb90 nmethod 5729 0x0000026315b9d010 code [0x0000026315b9d1c0, 0x0000026315b9d578]
Event: 12.153 Thread 0x0000026324b2f790 nmethod 5731 0x0000026315b9cc10 code [0x0000026315b9cdc0, 0x0000026315b9cf88]
Event: 12.155 Thread 0x0000026324b5eb90 5732       1       java.lang.StackTraceElement::getClassName (5 bytes)
Event: 12.155 Thread 0x0000026324b5eb90 nmethod 5732 0x0000026315b9c910 code [0x0000026315b9caa0, 0x0000026315b9cb78]

GC Heap History (20 events):
Event: 1.507 GC heap before
{Heap before GC invocations=2 (full 0):
 garbage-first heap   total 260096K, used 96850K [0x0000000703200000, 0x0000000800000000)
  region size 2048K, 46 young (94208K), 2 survivors (4096K)
 Metaspace       used 21126K, committed 21504K, reserved 1114112K
  class space    used 2921K, committed 3136K, reserved 1048576K
}
Event: 1.513 GC heap after
{Heap after GC invocations=3 (full 0):
 garbage-first heap   total 260096K, used 15245K [0x0000000703200000, 0x0000000800000000)
  region size 2048K, 5 young (10240K), 5 survivors (10240K)
 Metaspace       used 21126K, committed 21504K, reserved 1114112K
  class space    used 2921K, committed 3136K, reserved 1048576K
}
Event: 1.866 GC heap before
{Heap before GC invocations=4 (full 0):
 garbage-first heap   total 69632K, used 45965K [0x0000000703200000, 0x0000000800000000)
  region size 2048K, 20 young (40960K), 5 survivors (10240K)
 Metaspace       used 25430K, committed 25792K, reserved 1114112K
  class space    used 3556K, committed 3712K, reserved 1048576K
}
Event: 1.875 GC heap after
{Heap after GC invocations=5 (full 0):
 garbage-first heap   total 69632K, used 18020K [0x0000000703200000, 0x0000000800000000)
  region size 2048K, 2 young (4096K), 2 survivors (4096K)
 Metaspace       used 25430K, committed 25792K, reserved 1114112K
  class space    used 3556K, committed 3712K, reserved 1048576K
}
Event: 1.935 GC heap before
{Heap before GC invocations=5 (full 0):
 garbage-first heap   total 69632K, used 18020K [0x0000000703200000, 0x0000000800000000)
  region size 2048K, 3 young (6144K), 2 survivors (4096K)
 Metaspace       used 26052K, committed 26432K, reserved 1114112K
  class space    used 3640K, committed 3840K, reserved 1048576K
}
Event: 1.939 GC heap after
{Heap after GC invocations=6 (full 0):
 garbage-first heap   total 69632K, used 18228K [0x0000000703200000, 0x0000000800000000)
  region size 2048K, 1 young (2048K), 1 survivors (2048K)
 Metaspace       used 26052K, committed 26432K, reserved 1114112K
  class space    used 3640K, committed 3840K, reserved 1048576K
}
Event: 2.327 GC heap before
{Heap before GC invocations=6 (full 0):
 garbage-first heap   total 69632K, used 44852K [0x0000000703200000, 0x0000000800000000)
  region size 2048K, 14 young (28672K), 1 survivors (2048K)
 Metaspace       used 30764K, committed 31232K, reserved 1114112K
  class space    used 4224K, committed 4480K, reserved 1048576K
}
Event: 2.330 GC heap after
{Heap after GC invocations=7 (full 0):
 garbage-first heap   total 94208K, used 19702K [0x0000000703200000, 0x0000000800000000)
  region size 2048K, 2 young (4096K), 2 survivors (4096K)
 Metaspace       used 30764K, committed 31232K, reserved 1114112K
  class space    used 4224K, committed 4480K, reserved 1048576K
}
Event: 2.566 GC heap before
{Heap before GC invocations=7 (full 0):
 garbage-first heap   total 94208K, used 40182K [0x0000000703200000, 0x0000000800000000)
  region size 2048K, 13 young (26624K), 2 survivors (4096K)
 Metaspace       used 35607K, committed 35968K, reserved 1114112K
  class space    used 4806K, committed 4992K, reserved 1048576K
}
Event: 2.569 GC heap after
{Heap after GC invocations=8 (full 0):
 garbage-first heap   total 94208K, used 21602K [0x0000000703200000, 0x0000000800000000)
  region size 2048K, 2 young (4096K), 2 survivors (4096K)
 Metaspace       used 35607K, committed 35968K, reserved 1114112K
  class space    used 4806K, committed 4992K, reserved 1048576K
}
Event: 3.233 GC heap before
{Heap before GC invocations=9 (full 0):
 garbage-first heap   total 81920K, used 66658K [0x0000000703200000, 0x0000000800000000)
  region size 2048K, 24 young (49152K), 2 survivors (4096K)
 Metaspace       used 45568K, committed 46016K, reserved 1114112K
  class space    used 6338K, committed 6528K, reserved 1048576K
}
Event: 3.238 GC heap after
{Heap after GC invocations=10 (full 0):
 garbage-first heap   total 81920K, used 24105K [0x0000000703200000, 0x0000000800000000)
  region size 2048K, 3 young (6144K), 3 survivors (6144K)
 Metaspace       used 45568K, committed 46016K, reserved 1114112K
  class space    used 6338K, committed 6528K, reserved 1048576K
}
Event: 3.264 GC heap before
{Heap before GC invocations=10 (full 0):
 garbage-first heap   total 81920K, used 26153K [0x0000000703200000, 0x0000000800000000)
  region size 2048K, 4 young (8192K), 3 survivors (6144K)
 Metaspace       used 46171K, committed 46656K, reserved 1114112K
  class space    used 6425K, committed 6656K, reserved 1048576K
}
Event: 3.268 GC heap after
{Heap after GC invocations=11 (full 0):
 garbage-first heap   total 81920K, used 24005K [0x0000000703200000, 0x0000000800000000)
  region size 2048K, 1 young (2048K), 1 survivors (2048K)
 Metaspace       used 46171K, committed 46656K, reserved 1114112K
  class space    used 6425K, committed 6656K, reserved 1048576K
}
Event: 3.655 GC heap before
{Heap before GC invocations=11 (full 0):
 garbage-first heap   total 81920K, used 60869K [0x0000000703200000, 0x0000000800000000)
  region size 2048K, 19 young (38912K), 1 survivors (2048K)
 Metaspace       used 51616K, committed 52032K, reserved 1114112K
  class space    used 7241K, committed 7424K, reserved 1048576K
}
Event: 3.657 GC heap after
{Heap after GC invocations=12 (full 0):
 garbage-first heap   total 81920K, used 25505K [0x0000000703200000, 0x0000000800000000)
  region size 2048K, 2 young (4096K), 2 survivors (4096K)
 Metaspace       used 51616K, committed 52032K, reserved 1114112K
  class space    used 7241K, committed 7424K, reserved 1048576K
}
Event: 3.938 GC heap before
{Heap before GC invocations=13 (full 0):
 garbage-first heap   total 81920K, used 60321K [0x0000000703200000, 0x0000000800000000)
  region size 2048K, 19 young (38912K), 2 survivors (4096K)
 Metaspace       used 53116K, committed 53568K, reserved 1114112K
  class space    used 7494K, committed 7680K, reserved 1048576K
}
Event: 3.942 GC heap after
{Heap after GC invocations=14 (full 0):
 garbage-first heap   total 81920K, used 27906K [0x0000000703200000, 0x0000000800000000)
  region size 2048K, 3 young (6144K), 3 survivors (6144K)
 Metaspace       used 53116K, committed 53568K, reserved 1114112K
  class space    used 7494K, committed 7680K, reserved 1048576K
}
Event: 4.299 GC heap before
{Heap before GC invocations=14 (full 0):
 garbage-first heap   total 81920K, used 60674K [0x0000000703200000, 0x0000000800000000)
  region size 2048K, 20 young (40960K), 3 survivors (6144K)
 Metaspace       used 55296K, committed 55808K, reserved 1114112K
  class space    used 7809K, committed 8064K, reserved 1048576K
}
Event: 4.303 GC heap after
{Heap after GC invocations=15 (full 0):
 garbage-first heap   total 112640K, used 30740K [0x0000000703200000, 0x0000000800000000)
  region size 2048K, 3 young (6144K), 3 survivors (6144K)
 Metaspace       used 55296K, committed 55808K, reserved 1114112K
  class space    used 7809K, committed 8064K, reserved 1048576K
}

Deoptimization events (12 events):
Event: 1.682 Thread 0x000002630c74d950 DEOPT PACKING pc=0x0000026315fd2215 sp=0x000000d7d2dfde70
Event: 1.682 Thread 0x000002630c74d950 DEOPT UNPACKING pc=0x00000263158266e3 sp=0x000000d7d2dfd418 mode 0
Event: 1.983 Thread 0x000002630c74d950 DEOPT PACKING pc=0x0000026315d578ac sp=0x000000d7d2dfd950
Event: 1.983 Thread 0x000002630c74d950 DEOPT UNPACKING pc=0x00000263158266e3 sp=0x000000d7d2dfce18 mode 0
Event: 2.646 Thread 0x000002630c74d950 DEOPT PACKING pc=0x0000026315d31889 sp=0x000000d7d2dfd460
Event: 2.646 Thread 0x000002630c74d950 DEOPT UNPACKING pc=0x00000263158266e3 sp=0x000000d7d2dfc8f0 mode 3
Event: 2.646 Thread 0x000002636bbc4380 DEOPT PACKING pc=0x0000026315d1041f sp=0x000000d7d4fff020
Event: 2.646 Thread 0x000002636bbc4380 DEOPT UNPACKING pc=0x00000263158266e3 sp=0x000000d7d4ffe478 mode 3
Event: 3.517 Thread 0x000002630c74d950 DEOPT PACKING pc=0x0000026315d37c52 sp=0x000000d7d2dfbd50
Event: 3.517 Thread 0x000002630c74d950 DEOPT UNPACKING pc=0x00000263158266e3 sp=0x000000d7d2dfb258 mode 3
Event: 3.517 Thread 0x000002630c74d950 DEOPT PACKING pc=0x0000026315d2e3d5 sp=0x000000d7d2dfbd10
Event: 3.517 Thread 0x000002630c74d950 DEOPT UNPACKING pc=0x00000263158266e3 sp=0x000000d7d2dfb258 mode 3

Classes unloaded (0 events):
No events

Classes redefined (0 events):
No events

Internal exceptions (20 events):
Event: 3.514 Thread 0x000002630c74d950 Exception <a 'java/lang/IncompatibleClassChangeError'{0x0000000706a5a948}: Found class java.lang.Object, but interface was expected> (0x0000000706a5a948) 
thrown [s\open\src\hotspot\share\interpreter\linkResolver.cpp, line 826]
Event: 3.720 Thread 0x000002630c74d950 Exception <a 'sun/nio/fs/WindowsException'{0x0000000707acff78}> (0x0000000707acff78) 
thrown [s\open\src\hotspot\share\prims\jni.cpp, line 516]
Event: 3.765 Thread 0x000002630c74d950 Exception <a 'java/lang/IncompatibleClassChangeError'{0x00000007072960e0}: Found class java.lang.Object, but interface was expected> (0x00000007072960e0) 
thrown [s\open\src\hotspot\share\interpreter\linkResolver.cpp, line 826]
Event: 3.790 Thread 0x000002630c74d950 Exception <a 'java/lang/NoSuchMethodError'{0x000000070710c0d0}: 'void java.lang.invoke.DirectMethodHandle$Holder.invokeVirtual(java.lang.Object, java.lang.Object, long)'> (0x000000070710c0d0) 
thrown [s\open\src\hotspot\share\interpreter\linkResolver.cpp, line 759]
Event: 3.891 Thread 0x000002630c74d950 Exception <a 'java/lang/IncompatibleClassChangeError'{0x00000007064f1c50}: Found class java.lang.Object, but interface was expected> (0x00000007064f1c50) 
thrown [s\open\src\hotspot\share\interpreter\linkResolver.cpp, line 826]
Event: 3.911 Thread 0x000002630c74d950 Exception <a 'java/lang/NoSuchMethodError'{0x0000000706335c50}: 'java.lang.Object java.lang.invoke.DirectMethodHandle$Holder.newInvokeSpecial(java.lang.Object, java.lang.Object, java.lang.Object, java.lang.Object, java.lang.Object, java.lang.Object, java.lang.Object, java.lang.Object, java.lang.Object)'> (0x0000000706335c50) 
thrown [s\open\src\hotspot\share\interpreter\linkResolver.cpp, line 759]
Event: 3.911 Thread 0x000002630c74d950 Exception <a 'java/lang/NoSuchMethodError'{0x000000070633a948}: 'java.lang.Object java.lang.invoke.Invokers$Holder.linkToTargetMethod(java.lang.Object, java.lang.Object, java.lang.Object, java.lang.Object, java.lang.Object, java.lang.Object, java.lang.Object, java.lang.Object, java.lang.Object)'> (0x000000070633a948) 
thrown [s\open\src\hotspot\share\interpreter\linkResolver.cpp, line 759]
Event: 4.036 Thread 0x000002630c74d950 Exception <a 'java/lang/NoSuchMethodError'{0x0000000707656bf0}: 'double java.lang.invoke.DirectMethodHandle$Holder.invokeStatic(java.lang.Object, java.lang.Object)'> (0x0000000707656bf0) 
thrown [s\open\src\hotspot\share\interpreter\linkResolver.cpp, line 759]
Event: 4.038 Thread 0x000002630c74d950 Exception <a 'java/lang/NoSuchMethodError'{0x00000007076841a0}: 'int java.lang.invoke.DirectMethodHandle$Holder.invokeStatic(java.lang.Object, java.lang.Object, java.lang.Object, java.lang.Object, java.lang.Object)'> (0x00000007076841a0) 
thrown [s\open\src\hotspot\share\interpreter\linkResolver.cpp, line 759]
Event: 4.146 Thread 0x000002630c74d950 Exception <a 'java/lang/NoSuchMethodError'{0x0000000706989820}: 'void java.lang.invoke.DirectMethodHandle$Holder.invokeStatic(java.lang.Object, java.lang.Object, double)'> (0x0000000706989820) 
thrown [s\open\src\hotspot\share\interpreter\linkResolver.cpp, line 759]
Event: 4.153 Thread 0x000002630c74d950 Exception <a 'java/lang/NoSuchMethodError'{0x00000007069e4fc8}: 'double java.lang.invoke.DirectMethodHandle$Holder.invokeStatic(java.lang.Object, java.lang.Object, java.lang.Object)'> (0x00000007069e4fc8) 
thrown [s\open\src\hotspot\share\interpreter\linkResolver.cpp, line 759]
Event: 4.167 Thread 0x000002630c74d950 Exception <a 'java/lang/IncompatibleClassChangeError'{0x00000007066ee4c0}: Found class java.lang.Object, but interface was expected> (0x00000007066ee4c0) 
thrown [s\open\src\hotspot\share\interpreter\linkResolver.cpp, line 826]
Event: 4.171 Thread 0x000002630c74d950 Exception <a 'java/lang/NoSuchMethodError'{0x0000000706718050}: 'java.lang.Object java.lang.invoke.DirectMethodHandle$Holder.newInvokeSpecial(java.lang.Object, java.lang.Object, int, java.lang.Object, java.lang.Object)'> (0x0000000706718050) 
thrown [s\open\src\hotspot\share\interpreter\linkResolver.cpp, line 759]
Event: 4.210 Thread 0x000002630c74d950 Exception <a 'java/lang/NoSuchMethodError'{0x00000007060585b8}: 'java.lang.Object java.lang.invoke.DirectMethodHandle$Holder.newInvokeSpecial(java.lang.Object, java.lang.Object, java.lang.Object, java.lang.Object, java.lang.Object, java.lang.Object, java.lang.Object, int)'> (0x00000007060585b8) 
thrown [s\open\src\hotspot\share\interpreter\linkResolver.cpp, line 759]
Event: 4.210 Thread 0x000002630c74d950 Exception <a 'java/lang/NoSuchMethodError'{0x000000070605d5b0}: 'java.lang.Object java.lang.invoke.DirectMethodHandle$Holder.invokeSpecial(java.lang.Object, java.lang.Object, java.lang.Object, java.lang.Object, java.lang.Object, java.lang.Object, java.lang.Object, java.lang.Object, int)'> (0x000000070605d5b0) 
thrown [s\open\src\hotspot\share\interpreter\linkResolver.cpp, line 759]
Event: 4.210 Thread 0x000002630c74d950 Exception <a 'java/lang/NoSuchMethodError'{0x0000000706062078}: 'java.lang.Object java.lang.invoke.Invokers$Holder.linkToTargetMethod(java.lang.Object, java.lang.Object, java.lang.Object, java.lang.Object, java.lang.Object, java.lang.Object, int, java.lang.Object)'> (0x0000000706062078) 
thrown [s\open\src\hotspot\share\interpreter\linkResolver.cpp, line 759]
Event: 4.311 Thread 0x000002632536bef0 Exception <a 'java/lang/NoSuchMethodError'{0x0000000712e1bd38}: 'long java.lang.invoke.DirectMethodHandle$Holder.invokeStatic(java.lang.Object, java.lang.Object, java.lang.Object)'> (0x0000000712e1bd38) 
thrown [s\open\src\hotspot\share\interpreter\linkResolver.cpp, line 759]
Event: 4.339 Thread 0x000002630c74d950 Exception <a 'java/lang/IncompatibleClassChangeError'{0x0000000712fb2ba8}: Found class java.lang.Object, but interface was expected> (0x0000000712fb2ba8) 
thrown [s\open\src\hotspot\share\interpreter\linkResolver.cpp, line 826]
Event: 11.716 Thread 0x000002636bbc52b0 Exception <a 'java/lang/NoSuchMethodError'{0x0000000709621c80}: 'java.lang.Object java.lang.invoke.DirectMethodHandle$Holder.invokeSpecial(java.lang.Object, java.lang.Object, java.lang.Object, java.lang.Object, java.lang.Object, long)'> (0x0000000709621c80) 
thrown [s\open\src\hotspot\share\interpreter\linkResolver.cpp, line 759]
Event: 11.716 Thread 0x000002636bbc52b0 Exception <a 'java/lang/NoSuchMethodError'{0x00000007096256c0}: 'java.lang.Object java.lang.invoke.Invokers$Holder.linkToTargetMethod(java.lang.Object, java.lang.Object, java.lang.Object, long, java.lang.Object)'> (0x00000007096256c0) 
thrown [s\open\src\hotspot\share\interpreter\linkResolver.cpp, line 759]

VM Operations (20 events):
Event: 4.299 Executing VM operation: G1CollectForAllocation
Event: 4.303 Executing VM operation: G1CollectForAllocation done
Event: 5.309 Executing VM operation: Cleanup
Event: 5.309 Executing VM operation: Cleanup done
Event: 11.647 Executing VM operation: HandshakeAllThreads
Event: 11.647 Executing VM operation: HandshakeAllThreads done
Event: 11.647 Executing VM operation: Cleanup
Event: 11.647 Executing VM operation: Cleanup done
Event: 11.658 Executing VM operation: HandshakeAllThreads
Event: 11.658 Executing VM operation: HandshakeAllThreads done
Event: 11.731 Executing VM operation: HandshakeAllThreads
Event: 11.731 Executing VM operation: HandshakeAllThreads done
Event: 11.788 Executing VM operation: HandshakeAllThreads
Event: 11.788 Executing VM operation: HandshakeAllThreads done
Event: 12.028 Executing VM operation: HandshakeAllThreads
Event: 12.028 Executing VM operation: HandshakeAllThreads done
Event: 12.111 Executing VM operation: HandshakeAllThreads
Event: 12.111 Executing VM operation: HandshakeAllThreads done
Event: 12.130 Executing VM operation: HandshakeAllThreads
Event: 12.130 Executing VM operation: HandshakeAllThreads done

Events (20 events):
Event: 11.769 loading class java/util/concurrent/ArrayBlockingQueue$Itr done
Event: 11.785 loading class java/time/format/DateTimeFormatterBuilder$ZoneTextPrinterParser
Event: 11.785 loading class java/time/format/DateTimeFormatterBuilder$ZoneTextPrinterParser done
Event: 11.785 loading class java/time/format/DateTimeFormatterBuilder$ReducedPrinterParser
Event: 11.785 loading class java/time/format/DateTimeFormatterBuilder$ReducedPrinterParser done
Event: 11.787 loading class java/util/ArrayDeque$DescendingIterator
Event: 11.788 loading class java/util/ArrayDeque$DescendingIterator done
Event: 11.985 loading class java/io/PushbackInputStream
Event: 11.985 loading class java/io/PushbackInputStream done
Event: 11.987 loading class java/util/OptionalLong
Event: 11.987 loading class java/util/OptionalLong done
Event: 11.987 loading class java/util/OptionalDouble
Event: 11.987 loading class java/util/OptionalDouble done
Event: 11.999 loading class org/w3c/dom/Node
Event: 11.999 loading class org/w3c/dom/Node done
Event: 11.999 loading class org/w3c/dom/Document
Event: 11.999 loading class org/w3c/dom/Document done
Event: 12.145 Loaded shared library C:\Windows\System32\dpuareu_jni.dll
Event: 12.154 loading class jdk/internal/loader/BootLoader$PackageHelper
Event: 12.154 loading class jdk/internal/loader/BootLoader$PackageHelper done


Dynamic libraries:
0x00007ff6bde00000 - 0x00007ff6bde10000 	D:\Program Files\Java\jdk-17\bin\java.exe
0x00007ffd97050000 - 0x00007ffd97267000 	C:\WINDOWS\SYSTEM32\ntdll.dll
0x00007ffd95a80000 - 0x00007ffd95b44000 	C:\WINDOWS\System32\KERNEL32.DLL
0x00007ffd94510000 - 0x00007ffd948ca000 	C:\WINDOWS\System32\KERNELBASE.dll
0x00007ffd94c00000 - 0x00007ffd94d11000 	C:\WINDOWS\System32\ucrtbase.dll
0x00007ffd7aff0000 - 0x00007ffd7b009000 	D:\Program Files\Java\jdk-17\bin\jli.dll
0x00007ffd82df0000 - 0x00007ffd82e0b000 	D:\Program Files\Java\jdk-17\bin\VCRUNTIME140.dll
0x00007ffd966c0000 - 0x00007ffd96772000 	C:\WINDOWS\System32\ADVAPI32.dll
0x00007ffd96460000 - 0x00007ffd96507000 	C:\WINDOWS\System32\msvcrt.dll
0x00007ffd962f0000 - 0x00007ffd96397000 	C:\WINDOWS\System32\sechost.dll
0x00007ffd94970000 - 0x00007ffd94998000 	C:\WINDOWS\System32\bcrypt.dll
0x00007ffd95b60000 - 0x00007ffd95c74000 	C:\WINDOWS\System32\RPCRT4.dll
0x00007ffd95700000 - 0x00007ffd958ae000 	C:\WINDOWS\System32\USER32.dll
0x00007ffd751f0000 - 0x00007ffd75482000 	C:\WINDOWS\WinSxS\amd64_microsoft.windows.common-controls_6595b64144ccf1df_6.0.22621.4541_none_2710d1c57384c085\COMCTL32.dll
0x00007ffd94d20000 - 0x00007ffd94d46000 	C:\WINDOWS\System32\win32u.dll
0x00007ffd94d50000 - 0x00007ffd94d79000 	C:\WINDOWS\System32\GDI32.dll
0x00007ffd949a0000 - 0x00007ffd94abb000 	C:\WINDOWS\System32\gdi32full.dll
0x00007ffd948d0000 - 0x00007ffd9496a000 	C:\WINDOWS\System32\msvcp_win.dll
0x00007ffd8dc80000 - 0x00007ffd8dc8a000 	C:\WINDOWS\SYSTEM32\VERSION.dll
0x00007ffd95a30000 - 0x00007ffd95a61000 	C:\WINDOWS\System32\IMM32.DLL
0x00007ffd8d4e0000 - 0x00007ffd8d4ec000 	D:\Program Files\Java\jdk-17\bin\vcruntime140_1.dll
0x00007ffd0c400000 - 0x00007ffd0c48e000 	D:\Program Files\Java\jdk-17\bin\msvcp140.dll
0x00007ffcf2170000 - 0x00007ffcf2d4f000 	D:\Program Files\Java\jdk-17\bin\server\jvm.dll
0x00007ffd963a0000 - 0x00007ffd963a8000 	C:\WINDOWS\System32\PSAPI.DLL
0x00007ffd90040000 - 0x00007ffd90074000 	C:\WINDOWS\SYSTEM32\WINMM.dll
0x00007ffd90c70000 - 0x00007ffd90c79000 	C:\WINDOWS\SYSTEM32\WSOCK32.dll
0x00007ffd959b0000 - 0x00007ffd95a21000 	C:\WINDOWS\System32\WS2_32.dll
0x00007ffd93410000 - 0x00007ffd93428000 	C:\WINDOWS\SYSTEM32\kernel.appcore.dll
0x00007ffd8b850000 - 0x00007ffd8b85a000 	D:\Program Files\Java\jdk-17\bin\jimage.dll
0x00007ffd8f8b0000 - 0x00007ffd8fae2000 	C:\WINDOWS\SYSTEM32\DBGHELP.DLL
0x00007ffd94d80000 - 0x00007ffd9510f000 	C:\WINDOWS\System32\combase.dll
0x00007ffd95340000 - 0x00007ffd95417000 	C:\WINDOWS\System32\OLEAUT32.dll
0x00007ffd8c260000 - 0x00007ffd8c292000 	C:\WINDOWS\SYSTEM32\dbgcore.DLL
0x00007ffd94b80000 - 0x00007ffd94bfb000 	C:\WINDOWS\System32\bcryptPrimitives.dll
0x00007ffd23e70000 - 0x00007ffd23e95000 	D:\Program Files\Java\jdk-17\bin\java.dll
0x00007ffd0c490000 - 0x00007ffd0c567000 	D:\Program Files\Java\jdk-17\bin\jsvml.dll
0x00007ffd96790000 - 0x00007ffd97008000 	C:\WINDOWS\System32\SHELL32.dll
0x00007ffd92220000 - 0x00007ffd92b28000 	C:\WINDOWS\SYSTEM32\windows.storage.dll
0x00007ffd920e0000 - 0x00007ffd9221f000 	C:\WINDOWS\SYSTEM32\wintypes.dll
0x00007ffd95110000 - 0x00007ffd9520a000 	C:\WINDOWS\System32\SHCORE.dll
0x00007ffd95280000 - 0x00007ffd952de000 	C:\WINDOWS\System32\shlwapi.dll
0x00007ffd94250000 - 0x00007ffd9427b000 	C:\WINDOWS\SYSTEM32\profapi.dll
0x00007ffd7cd00000 - 0x00007ffd7cd19000 	D:\Program Files\Java\jdk-17\bin\net.dll
0x00007ffd91100000 - 0x00007ffd91236000 	C:\WINDOWS\SYSTEM32\WINHTTP.dll
0x00007ffd93890000 - 0x00007ffd938f9000 	C:\WINDOWS\system32\mswsock.dll
0x00007ffd46f40000 - 0x00007ffd46f56000 	D:\Program Files\Java\jdk-17\bin\nio.dll
0x00007ffd46ee0000 - 0x00007ffd46ef8000 	D:\Program Files\Java\jdk-17\bin\zip.dll
0x00007ffd84a00000 - 0x00007ffd84a0e000 	D:\Program Files\Java\jdk-17\bin\sunmscapi.dll
0x00007ffd94320000 - 0x00007ffd94486000 	C:\WINDOWS\System32\CRYPT32.dll
0x00007ffd93cc0000 - 0x00007ffd93ced000 	C:\WINDOWS\SYSTEM32\ncrypt.dll
0x00007ffd93c80000 - 0x00007ffd93cb7000 	C:\WINDOWS\SYSTEM32\NTASN1.dll
0x00007ffd93ab0000 - 0x00007ffd93acb000 	C:\WINDOWS\SYSTEM32\CRYPTSP.dll
0x00007ffd93370000 - 0x00007ffd933a5000 	C:\WINDOWS\system32\rsaenh.dll
0x00007ffd93950000 - 0x00007ffd93978000 	C:\WINDOWS\SYSTEM32\USERENV.dll
0x00007ffd93ad0000 - 0x00007ffd93adc000 	C:\WINDOWS\SYSTEM32\CRYPTBASE.dll
0x00007ffd92e00000 - 0x00007ffd92e2d000 	C:\WINDOWS\SYSTEM32\IPHLPAPI.DLL
0x00007ffd95b50000 - 0x00007ffd95b59000 	C:\WINDOWS\System32\NSI.dll
0x00007ffd90020000 - 0x00007ffd90039000 	C:\WINDOWS\SYSTEM32\dhcpcsvc6.DLL
0x00007ffd8ffe0000 - 0x00007ffd8ffff000 	C:\WINDOWS\SYSTEM32\dhcpcsvc.DLL
0x00007ffd92e30000 - 0x00007ffd92f32000 	C:\WINDOWS\SYSTEM32\DNSAPI.dll
0x00007ffd8a790000 - 0x00007ffd8a79a000 	D:\Program Files\Java\jdk-17\bin\management.dll
0x00007ffd8a780000 - 0x00007ffd8a78b000 	D:\Program Files\Java\jdk-17\bin\management_ext.dll
0x00007ffd8b0d0000 - 0x00007ffd8b0e0000 	D:\Program Files\Java\jdk-17\bin\verify.dll
0x00007ffd77b00000 - 0x00007ffd77b08000 	C:\WINDOWS\system32\wshunix.dll
0x00007ffd685c0000 - 0x00007ffd685f1000 	C:\Windows\System32\dpuareu_jni.dll
0x00007ffd96510000 - 0x00007ffd966b5000 	C:\WINDOWS\System32\ole32.dll
0x00007ffd68550000 - 0x00007ffd685b6000 	C:\WINDOWS\SYSTEM32\dpfj.dll
0x00007ffd68500000 - 0x00007ffd68542000 	C:\WINDOWS\SYSTEM32\dpfr6.dll

dbghelp: loaded successfully - version: 4.0.5 - missing functions: none
symbol engine: initialized successfully - sym options: 0x614 - pdb path: .;D:\Program Files\Java\jdk-17\bin;C:\WINDOWS\SYSTEM32;C:\WINDOWS\WinSxS\amd64_microsoft.windows.common-controls_6595b64144ccf1df_6.0.22621.4541_none_2710d1c57384c085;D:\Program Files\Java\jdk-17\bin\server

VM Arguments:
jvm_args: -XX:TieredStopAtLevel=1 
java_command: com.example.fingerprint_service.FingerprintServiceApplication
java_class_path (initial): C:\Users\crisi\Desktop\Extension\Final\fingerprint-service\target\classes;C:\Users\crisi\.m2\repository\org\springframework\boot\spring-boot\3.3.4\spring-boot-3.3.4.jar;C:\Users\crisi\.m2\repository\org\springframework\boot\spring-boot-autoconfigure\3.3.4\spring-boot-autoconfigure-3.3.4.jar;C:\Users\crisi\.m2\repository\ch\qos\logback\logback-classic\1.5.8\logback-classic-1.5.8.jar;C:\Users\crisi\.m2\repository\ch\qos\logback\logback-core\1.5.8\logback-core-1.5.8.jar;C:\Users\crisi\.m2\repository\org\apache\logging\log4j\log4j-to-slf4j\2.23.1\log4j-to-slf4j-2.23.1.jar;C:\Users\crisi\.m2\repository\org\apache\logging\log4j\log4j-api\2.23.1\log4j-api-2.23.1.jar;C:\Users\crisi\.m2\repository\org\slf4j\jul-to-slf4j\2.0.16\jul-to-slf4j-2.0.16.jar;C:\Users\crisi\.m2\repository\org\yaml\snakeyaml\2.2\snakeyaml-2.2.jar;C:\Users\crisi\.m2\repository\org\springframework\boot\spring-boot-actuator-autoconfigure\3.3.4\spring-boot-actuator-autoconfigure-3.3.4.jar;C:\Users\crisi\.m2\repository\org\springframework\boot\spring-boot-actuator\3.3.4\spring-boot-actuator-3.3.4.jar;C:\Users\crisi\.m2\repository\com\fasterxml\jackson\core\jackson-databind\2.17.2\jackson-databind-2.17.2.jar;C:\Users\crisi\.m2\repository\com\fasterxml\jackson\core\jackson-annotations\2.17.2\jackson-annotations-2.17.2.jar;C:\Users\crisi\.m2\repository\com\fasterxml\jackson\core\jackson-core\2.17.2\jackson-core-2.17.2.jar;C:\Users\crisi\.m2\repository\com\fasterxml\jackson\datatype\jackson-datatype-jsr310\2.17.2\jackson-datatype-jsr310-2.17.2.jar;C:\Users\crisi\.m2\repository\io\micrometer\micrometer-observation\1.13.4\micrometer-observation-1.13.4.jar;C:\Users\crisi\.m2\repository\io\micrometer\micrometer-commons\1.13.4\micrometer-commons-1.13.4.jar;C:\Users\crisi\.m2\repository\io\micrometer\micrometer-jakarta9\1.13.4\micrometer-jakarta9-1.13.4.jar;C:\Users\crisi\.m2\repository\io\micrometer\micrometer-core\1.13.4\micrometer-core-1.13.4.jar;C:\Users\crisi\.m2\repository\org\hdrh
Launcher Type: SUN_STANDARD

[Global flags]
     intx CICompilerCount                          = 4                                         {product} {ergonomic}
     uint ConcGCThreads                            = 2                                         {product} {ergonomic}
     uint G1ConcRefinementThreads                  = 8                                         {product} {ergonomic}
   size_t G1HeapRegionSize                         = 2097152                                   {product} {ergonomic}
    uintx GCDrainStackTargetSize                   = 64                                        {product} {ergonomic}
   size_t InitialHeapSize                          = 266338304                                 {product} {ergonomic}
   size_t MarkStackSize                            = 4194304                                   {product} {ergonomic}
   size_t MaxHeapSize                              = 4242538496                                {product} {ergonomic}
   size_t MaxNewSize                               = 2543845376                                {product} {ergonomic}
   size_t MinHeapDeltaBytes                        = 2097152                                   {product} {ergonomic}
   size_t MinHeapSize                              = 8388608                                   {product} {ergonomic}
    uintx NonProfiledCodeHeapSize                  = 0                                      {pd product} {ergonomic}
     bool ProfileInterpreter                       = false                                  {pd product} {command line}
    uintx ProfiledCodeHeapSize                     = 0                                      {pd product} {ergonomic}
   size_t SoftMaxHeapSize                          = 4242538496                             {manageable} {ergonomic}
     intx TieredStopAtLevel                        = 1                                         {product} {command line}
     bool UseCompressedClassPointers               = true                           {product lp64_product} {ergonomic}
     bool UseCompressedOops                        = true                           {product lp64_product} {ergonomic}
     bool UseG1GC                                  = true                                      {product} {ergonomic}
     bool UseLargePagesIndividualAllocation        = false                                  {pd product} {ergonomic}

Logging:
Log output configuration:
 #0: stdout all=warning uptime,level,tags
 #1: stderr all=off uptime,level,tags

Environment Variables:
PATH=C:\Users\crisi\bin;C:\Program Files\Git\mingw64\bin;C:\Program Files\Git\usr\local\bin;C:\Program Files\Git\usr\bin;C:\Program Files\Git\usr\bin;C:\Program Files\Git\mingw64\bin;C:\Program Files\Git\usr\bin;C:\Users\crisi\bin;C:\Windows\System32\HWAudioDriverLibs;C:\Windows\system32;C:\Windows;C:\Windows\System32\Wbem;C:\Windows\System32\WindowsPowerShell\v1.0;C:\Windows\System32\OpenSSH;C:\Windows\system32\config\systemprofile\AppData\Local\Microsoft\WindowsApps;C:\WINDOWS\system32;C:\WINDOWS;C:\WINDOWS\System32\Wbem;C:\WINDOWS\System32\WindowsPowerShell\v1.0;C:\WINDOWS\System32\OpenSSH;C:\sqlite3;C:\Program Files\Microsoft SQL Server\Client SDK\ODBC\170\Tools\Binn;C:\Program Files (x86)\Microsoft SQL Server\150\Tools\Binn;C:\Program Files\Microsoft SQL Server\150\Tools\Binn;C:\Program Files\Microsoft SQL Server\150\DTS\Binn;C:\Program Files\Git\cmd;C:\Program Files\dotnet;D:\Program Files\Java\jdk-17\bin;C:\Program Files\nodejs;D:\Program Files (x86)\Windows Kits\10\Windows Performance Toolkit;C:\ProgramData\chocolatey\bin;D:\Program Files\MySQL\MySQL Shell 8.0\bin;C:\Users\crisi\AppData\Local\Programs\Python\Python310\Scripts;C:\Users\crisi\AppData\Local\Programs\Python\Python310;C:\Users\crisi\.console-ninja\.bin;C:\Users\crisi\AppData\Local\Microsoft\WindowsApps;C:\Users\crisi\AppData\Local\Programs\Microsoft VS Code\bin;C:\Users\crisi\.dotnet\tools;C:\Users\crisi\AppData\Local\GitHubDesktop\bin;D:\flutter\bin;D:\Android\platform-tools;C:\Users\crisi\AppData\Roaming\npm;D:\Downloads\Installer\apache-maven-3.9.9-bin\apache-maven-3.9.9\bin;C:\Users\crisi\AppData\Local\Google\Cloud SDK\google-cloud-sdk\bin;C:\Program Files\Git\usr\bin\vendor_perl;C:\Program Files\Git\usr\bin\core_perl
USERNAME=crisi
SHELL=C:\Program Files\Git\usr\bin\bash.exe
DISPLAY=needs-to-be-defined
LANG=en_US.UTF-8
OS=Windows_NT
PROCESSOR_IDENTIFIER=Intel64 Family 6 Model 140 Stepping 1, GenuineIntel



---------------  S Y S T E M  ---------------

OS:
 Windows 11 , 64 bit Build 22621 (10.0.22621.4391)
OS uptime: 0 days 15:24 hours
Hyper-V role detected

CPU: total 8 (initial active 8) (4 cores per cpu, 2 threads per core) family 6 model 140 stepping 1 microcode 0x8a, cx8, cmov, fxsr, ht, mmx, 3dnowpref, sse, sse2, sse3, ssse3, sse4.1, sse4.2, popcnt, lzcnt, tsc, tscinvbit, avx, avx2, aes, erms, clmul, bmi1, bmi2, adx, avx512f, avx512dq, avx512cd, avx512bw, avx512vl, sha, fma, vzeroupper, avx512_vpopcntdq, avx512_vpclmulqdq, avx512_vaes, avx512_vnni, clflush, clflushopt, clwb, avx512_vbmi2, avx512_vbmi, hv

Memory: 4k page, system-wide physical 16183M (2376M free)
TotalPageFile size 28010M (AvailPageFile size 4227M)
current process WorkingSet (physical memory assigned to process): 233M, peak: 233M
current process commit charge ("private bytes"): 289M, peak: 379M

vm_info: Java HotSpot(TM) 64-Bit Server VM (17.0.10+11-LTS-240) for windows-amd64 JRE (17.0.10+11-LTS-240), built on Dec 19 2023 21:47:25 by "mach5one" with MS VC++ 17.1 (VS2022)

END.
