#
# A fatal error has been detected by the Java Runtime Environment:
#
#  EXCEPTION_ACCESS_VIOLATION (0xc0000005) at pc=0x00007ffd1f6956f8, pid=12784, tid=19748
#
# JRE version: Java(TM) SE Runtime Environment (17.0.10+11) (build 17.0.10+11-LTS-240)
# Java VM: Java HotSpot(TM) 64-Bit Server VM (17.0.10+11-LTS-240, mixed mode, emulated-client, sharing, tiered, compressed oops, compressed class ptrs, g1 gc, windows-amd64)
# Problematic frame:
# C  [dpfj.dll+0x56f8]
#
# No core dump will be written. Minidumps are not enabled by default on client versions of Windows
#
# If you would like to submit a bug report, please visit:
#   https://bugreport.java.com/bugreport/crash.jsp
# The crash happened outside the Java Virtual Machine in native code.
# See problematic frame for where to report the bug.
#

---------------  S U M M A R Y ------------

Command Line: -XX:TieredStopAtLevel=1 com.example.fingerprint_service.FingerprintServiceApplication

Host: 11th Gen Intel(R) Core(TM) i5-1135G7 @ 2.40GHz, 8 cores, 15G,  Windows 11 , 64 bit Build 22621 (10.0.22621.4391)
Time: Thu Dec 12 02:06:56 2024 Malay Peninsula Standard Time elapsed time: 280.679084 seconds (0d 0h 4m 40s)

---------------  T H R E A D  ---------------

Current thread (0x000001a87b0ab1c0):  JavaThread "https-jsse-nio-8080-exec-10" daemon [_thread_in_native, id=19748, stack(0x000000725aa00000,0x000000725ab00000)]

Stack: [0x000000725aa00000,0x000000725ab00000],  sp=0x000000725aafc4b8,  free space=1009k
Native frames: (J=compiled Java code, j=interpreted, Vv=VM code, C=native code)
C  [dpfj.dll+0x56f8]

Java frames: (J=compiled Java code, j=interpreted, Vv=VM code)
j  com.digitalpersona.uareu.jni.Dpfj.DpfjImportFid([BILcom/digitalpersona/uareu/dpfpdd/FidImpl;)I+0
j  com.digitalpersona.uareu.jni.Dpfj.import_fid([BLcom/digitalpersona/uareu/Fid$Format;)Lcom/digitalpersona/uareu/Fid;+87
j  com.digitalpersona.uareu.dpfj.ImporterImpl.ImportFid([BLcom/digitalpersona/uareu/Fid$Format;)Lcom/digitalpersona/uareu/Fid;+6
j  com.example.fingerprint_service.service.FingerprintService.createFmdFromData(Ljava/lang/String;)Lcom/digitalpersona/uareu/Fmd;+12
j  com.example.fingerprint_service.service.FingerprintService.identifyUser(Ljava/lang/String;)Lcom/example/fingerprint_service/model/ResidentAuth;+14
j  com.example.fingerprint_service.controller.FingerprintController.identifyUser(Lcom/example/fingerprint_service/model/FingerprintRequest;)Lorg/springframework/http/ResponseEntity;+8
v  ~StubRoutines::call_stub
J 4677  jdk.internal.reflect.NativeMethodAccessorImpl.invoke0(Ljava/lang/reflect/Method;Ljava/lang/Object;[Ljava/lang/Object;)Ljava/lang/Object; java.base@17.0.10 (0 bytes) @ 0x000001a82503fc27 [0x000001a82503fba0+0x0000000000000087]
J 4676 c1 jdk.internal.reflect.NativeMethodAccessorImpl.invoke(Ljava/lang/Object;[Ljava/lang/Object;)Ljava/lang/Object; java.base@17.0.10 (137 bytes) @ 0x000001a82504084c [0x000001a825040500+0x000000000000034c]
J 4098 c1 jdk.internal.reflect.DelegatingMethodAccessorImpl.invoke(Ljava/lang/Object;[Ljava/lang/Object;)Ljava/lang/Object; java.base@17.0.10 (10 bytes) @ 0x000001a824f53764 [0x000001a824f53720+0x0000000000000044]
J 4539 c1 java.lang.reflect.Method.invoke(Ljava/lang/Object;[Ljava/lang/Object;)Ljava/lang/Object; java.base@17.0.10 (65 bytes) @ 0x000001a82500b06c [0x000001a82500af60+0x000000000000010c]
j  org.springframework.web.method.support.InvocableHandlerMethod.doInvoke([Ljava/lang/Object;)Ljava/lang/Object;+55
j  org.springframework.web.method.support.InvocableHandlerMethod.invokeForRequest(Lorg/springframework/web/context/request/NativeWebRequest;Lorg/springframework/web/method/support/ModelAndViewContainer;[Ljava/lang/Object;)Ljava/lang/Object;+82
j  org.springframework.web.servlet.mvc.method.annotation.ServletInvocableHandlerMethod.invokeAndHandle(Lorg/springframework/web/context/request/ServletWebRequest;Lorg/springframework/web/method/support/ModelAndViewContainer;[Ljava/lang/Object;)V+4
j  org.springframework.web.servlet.mvc.method.annotation.RequestMappingHandlerAdapter.invokeHandlerMethod(Ljakarta/servlet/http/HttpServletRequest;Ljakarta/servlet/http/HttpServletResponse;Lorg/springframework/web/method/HandlerMethod;)Lorg/springframework/web/servlet/ModelAndView;+309
j  org.springframework.web.servlet.mvc.method.annotation.RequestMappingHandlerAdapter.handleInternal(Ljakarta/servlet/http/HttpServletRequest;Ljakarta/servlet/http/HttpServletResponse;Lorg/springframework/web/method/HandlerMethod;)Lorg/springframework/web/servlet/ModelAndView;+81
j  org.springframework.web.servlet.mvc.method.AbstractHandlerMethodAdapter.handle(Ljakarta/servlet/http/HttpServletRequest;Ljakarta/servlet/http/HttpServletResponse;Ljava/lang/Object;)Lorg/springframework/web/servlet/ModelAndView;+7
j  org.springframework.web.servlet.DispatcherServlet.doDispatch(Ljakarta/servlet/http/HttpServletRequest;Ljakarta/servlet/http/HttpServletResponse;)V+304
j  org.springframework.web.servlet.DispatcherServlet.doService(Ljakarta/servlet/http/HttpServletRequest;Ljakarta/servlet/http/HttpServletResponse;)V+242
j  org.springframework.web.servlet.FrameworkServlet.processRequest(Ljakarta/servlet/http/HttpServletRequest;Ljakarta/servlet/http/HttpServletResponse;)V+70
j  org.springframework.web.servlet.FrameworkServlet.doPost(Ljakarta/servlet/http/HttpServletRequest;Ljakarta/servlet/http/HttpServletResponse;)V+3
j  jakarta.servlet.http.HttpServlet.service(Ljakarta/servlet/http/HttpServletRequest;Ljakarta/servlet/http/HttpServletResponse;)V+150
j  org.springframework.web.servlet.FrameworkServlet.service(Ljakarta/servlet/http/HttpServletRequest;Ljakarta/servlet/http/HttpServletResponse;)V+20
j  jakarta.servlet.http.HttpServlet.service(Ljakarta/servlet/ServletRequest;Ljakarta/servlet/ServletResponse;)V+37
j  org.apache.catalina.core.ApplicationFilterChain.internalDoFilter(Ljakarta/servlet/ServletRequest;Ljakarta/servlet/ServletResponse;)V+300
j  org.apache.catalina.core.ApplicationFilterChain.doFilter(Ljakarta/servlet/ServletRequest;Ljakarta/servlet/ServletResponse;)V+99
j  org.apache.tomcat.websocket.server.WsFilter.doFilter(Ljakarta/servlet/ServletRequest;Ljakarta/servlet/ServletResponse;Ljakarta/servlet/FilterChain;)V+21
j  org.apache.catalina.core.ApplicationFilterChain.internalDoFilter(Ljakarta/servlet/ServletRequest;Ljakarta/servlet/ServletResponse;)V+130
j  org.apache.catalina.core.ApplicationFilterChain.doFilter(Ljakarta/servlet/ServletRequest;Ljakarta/servlet/ServletResponse;)V+99
j  org.springframework.web.filter.CorsFilter.doFilterInternal(Ljakarta/servlet/http/HttpServletRequest;Ljakarta/servlet/http/HttpServletResponse;Ljakarta/servlet/FilterChain;)V+43
j  org.springframework.web.filter.OncePerRequestFilter.doFilter(Ljakarta/servlet/ServletRequest;Ljakarta/servlet/ServletResponse;Ljakarta/servlet/FilterChain;)V+150
j  org.apache.catalina.core.ApplicationFilterChain.internalDoFilter(Ljakarta/servlet/ServletRequest;Ljakarta/servlet/ServletResponse;)V+130
j  org.apache.catalina.core.ApplicationFilterChain.doFilter(Ljakarta/servlet/ServletRequest;Ljakarta/servlet/ServletResponse;)V+99
j  org.springframework.web.filter.RequestContextFilter.doFilterInternal(Ljakarta/servlet/http/HttpServletRequest;Ljakarta/servlet/http/HttpServletResponse;Ljakarta/servlet/FilterChain;)V+21
j  org.springframework.web.filter.OncePerRequestFilter.doFilter(Ljakarta/servlet/ServletRequest;Ljakarta/servlet/ServletResponse;Ljakarta/servlet/FilterChain;)V+150
j  org.apache.catalina.core.ApplicationFilterChain.internalDoFilter(Ljakarta/servlet/ServletRequest;Ljakarta/servlet/ServletResponse;)V+130
j  org.apache.catalina.core.ApplicationFilterChain.doFilter(Ljakarta/servlet/ServletRequest;Ljakarta/servlet/ServletResponse;)V+99
j  org.springframework.web.filter.FormContentFilter.doFilterInternal(Ljakarta/servlet/http/HttpServletRequest;Ljakarta/servlet/http/HttpServletResponse;Ljakarta/servlet/FilterChain;)V+38
j  org.springframework.web.filter.OncePerRequestFilter.doFilter(Ljakarta/servlet/ServletRequest;Ljakarta/servlet/ServletResponse;Ljakarta/servlet/FilterChain;)V+150
j  org.apache.catalina.core.ApplicationFilterChain.internalDoFilter(Ljakarta/servlet/ServletRequest;Ljakarta/servlet/ServletResponse;)V+130
j  org.apache.catalina.core.ApplicationFilterChain.doFilter(Ljakarta/servlet/ServletRequest;Ljakarta/servlet/ServletResponse;)V+99
j  org.springframework.web.filter.ServerHttpObservationFilter.doFilterInternal(Ljakarta/servlet/http/HttpServletRequest;Ljakarta/servlet/http/HttpServletResponse;Ljakarta/servlet/FilterChain;)V+20
j  org.springframework.web.filter.OncePerRequestFilter.doFilter(Ljakarta/servlet/ServletRequest;Ljakarta/servlet/ServletResponse;Ljakarta/servlet/FilterChain;)V+150
j  org.apache.catalina.core.ApplicationFilterChain.internalDoFilter(Ljakarta/servlet/ServletRequest;Ljakarta/servlet/ServletResponse;)V+130
j  org.apache.catalina.core.ApplicationFilterChain.doFilter(Ljakarta/servlet/ServletRequest;Ljakarta/servlet/ServletResponse;)V+99
j  org.springframework.web.filter.CharacterEncodingFilter.doFilterInternal(Ljakarta/servlet/http/HttpServletRequest;Ljakarta/servlet/http/HttpServletResponse;Ljakarta/servlet/FilterChain;)V+53
j  org.springframework.web.filter.OncePerRequestFilter.doFilter(Ljakarta/servlet/ServletRequest;Ljakarta/servlet/ServletResponse;Ljakarta/servlet/FilterChain;)V+150
j  org.apache.catalina.core.ApplicationFilterChain.internalDoFilter(Ljakarta/servlet/ServletRequest;Ljakarta/servlet/ServletResponse;)V+130
j  org.apache.catalina.core.ApplicationFilterChain.doFilter(Ljakarta/servlet/ServletRequest;Ljakarta/servlet/ServletResponse;)V+99
j  org.apache.catalina.core.StandardWrapperValve.invoke(Lorg/apache/catalina/connector/Request;Lorg/apache/catalina/connector/Response;)V+514
j  org.apache.catalina.core.StandardContextValve.invoke(Lorg/apache/catalina/connector/Request;Lorg/apache/catalina/connector/Response;)V+169
j  org.apache.catalina.authenticator.AuthenticatorBase.invoke(Lorg/apache/catalina/connector/Request;Lorg/apache/catalina/connector/Response;)V+221
j  org.apache.catalina.core.StandardHostValve.invoke(Lorg/apache/catalina/connector/Request;Lorg/apache/catalina/connector/Response;)V+131
j  org.apache.catalina.valves.ErrorReportValve.invoke(Lorg/apache/catalina/connector/Request;Lorg/apache/catalina/connector/Response;)V+6
j  org.apache.catalina.core.StandardEngineValve.invoke(Lorg/apache/catalina/connector/Request;Lorg/apache/catalina/connector/Response;)V+59
j  org.apache.catalina.connector.CoyoteAdapter.service(Lorg/apache/coyote/Request;Lorg/apache/coyote/Response;)V+188
j  org.apache.coyote.http11.Http11Processor.service(Lorg/apache/tomcat/util/net/SocketWrapperBase;)Lorg/apache/tomcat/util/net/AbstractEndpoint$Handler$SocketState;+796
j  org.apache.coyote.AbstractProcessorLight.process(Lorg/apache/tomcat/util/net/SocketWrapperBase;Lorg/apache/tomcat/util/net/SocketEvent;)Lorg/apache/tomcat/util/net/AbstractEndpoint$Handler$SocketState;+155
j  org.apache.coyote.AbstractProtocol$ConnectionHandler.process(Lorg/apache/tomcat/util/net/SocketWrapperBase;Lorg/apache/tomcat/util/net/SocketEvent;)Lorg/apache/tomcat/util/net/AbstractEndpoint$Handler$SocketState;+482
j  org.apache.tomcat.util.net.NioEndpoint$SocketProcessor.doRun()V+249
j  org.apache.tomcat.util.net.SocketProcessorBase.run()V+32
j  org.apache.tomcat.util.threads.ThreadPoolExecutor.runWorker(Lorg/apache/tomcat/util/threads/ThreadPoolExecutor$Worker;)V+92
j  org.apache.tomcat.util.threads.ThreadPoolExecutor$Worker.run()V+5
j  org.apache.tomcat.util.threads.TaskThread$WrappingRunnable.run()V+4
j  java.lang.Thread.run()V+11 java.base@17.0.10
v  ~StubRoutines::call_stub

siginfo: EXCEPTION_ACCESS_VIOLATION (0xc0000005), reading address 0x000001a8af305fe9


Registers:
RAX=0x0000000000000000, RBX=0x000000725aafc520, RCX=0x000001a8af305fe8, RDX=0x000000725aafc520
RSP=0x000000725aafc4b8, RBP=0x000000725aafc571, RSI=0x000001a8332aa9c0, RDI=0x000001a8af305fe8
R8 =0x0000000034697978, R9 =0x000001a8af305fe8, R10=0x0000000000000001, R11=0x000001a87ac6e650
R12=0x000001a87ac6e650, R13=0x0000000001010007, R14=0x000001a8332aa9c8, R15=0x0000000000000001
RIP=0x00007ffd1f6956f8, EFLAGS=0x0000000000010206


Register to memory mapping:

RIP=0x00007ffd1f6956f8 dpfj.dll
RAX=0x0 is NULL
RBX=0x000000725aafc520 is pointing into the stack for thread: 0x000001a87b0ab1c0
RCX=0x000001a8af305fe8 is an unknown value
RDX=0x000000725aafc520 is pointing into the stack for thread: 0x000001a87b0ab1c0
RSP=0x000000725aafc4b8 is pointing into the stack for thread: 0x000001a87b0ab1c0
RBP=0x000000725aafc571 is pointing into the stack for thread: 0x000001a87b0ab1c0
RSI=0x000001a8332aa9c0 points into unknown readable memory: 0x0000000707e4a708 | 08 a7 e4 07 07 00 00 00
RDI=0x000001a8af305fe8 is an unknown value
R8 =0x0000000034697978 is an unknown value
R9 =0x000001a8af305fe8 is an unknown value
R10=0x0000000000000001 is an unknown value
R11=0x000001a87ac6e650 points into unknown readable memory: 0x70674d41386a4f41 | 41 4f 6a 38 41 4d 67 70
R12=0x000001a87ac6e650 points into unknown readable memory: 0x70674d41386a4f41 | 41 4f 6a 38 41 4d 67 70
R13=0x0000000001010007 is an unknown value
R14=0x000001a8332aa9c8 points into unknown readable memory: 0x0000000000000000 | 00 00 00 00 00 00 00 00
R15=0x0000000000000001 is an unknown value


Top of Stack: (sp=0x000000725aafc4b8)
0x000000725aafc4b8:   00007ffd1f691654 0000000000000001
0x000000725aafc4c8:   0000000000007238 000000725aafc520
0x000000725aafc4d8:   000001a8332aa9c0 0000000034697998
0x000000725aafc4e8:   00007ffd20d84a17 000001a87b0ab470
0x000000725aafc4f8:   000001a8332aa9c0 000000725aafc571
0x000000725aafc508:   000001a87ac6e2f0 000001a8332aa9c0
0x000000725aafc518:   000000000000006d 0000000000000000
0x000000725aafc528:   0000000000000000 0000000000000000
0x000000725aafc538:   0000000000000000 0000000000000000
0x000000725aafc548:   000000004e637745 0000383100004533
0x000000725aafc558:   0000004b0000006d 00005a3200004b35
0x000000725aafc568:   0000005400000072 00002208e67bb08f
0x000000725aafc578:   000000000000000f 0000000000000000
0x000000725aafc588:   000001a87b0ab470 0000000001010007
0x000000725aafc598:   000001a87b0ab1c0 000001a878382a88
0x000000725aafc5a8:   0000000000000000 000001a87ac6e650 

Instructions: (pc=0x00007ffd1f6956f8)
0x00007ffd1f6955f8:   c1 c1 e8 08 81 fb 01 04 1b 00 43 88 04 11 b8 20
0x00007ffd1f695608:   00 00 00 43 88 4c 11 01 0f 44 d0 41 0f b6 43 20
0x00007ffd1f695618:   b9 1d 00 00 00 42 88 04 12 b8 21 00 00 00 0f 44
0x00007ffd1f695628:   c8 41 0f b6 43 24 42 88 04 11 b8 22 00 00 00 44
0x00007ffd1f695638:   0f 44 c0 66 43 c7 04 10 00 00 48 8b 5c 24 08 c3
0x00007ffd1f695648:   cc cc cc cc cc cc cc cc 48 89 5c 24 08 41 8b d8
0x00007ffd1f695658:   4c 8b da 48 85 d2 74 7f 0f b6 42 0b 44 0f b6 4a
0x00007ffd1f695668:   0a 41 c1 e1 08 44 0b c8 0f b6 42 0c 41 c1 e1 08
0x00007ffd1f695678:   44 0b c8 0f b6 42 0d 41 c1 e1 08 ba 24 00 00 00
0x00007ffd1f695688:   44 0b c8 b8 20 00 00 00 81 f9 01 04 1b 00 0f 44
0x00007ffd1f695698:   c2 45 33 d2 85 db 74 3a 41 3b c1 73 3a 8b d0 41
0x00007ffd1f6956a8:   ff c2 49 03 d3 0f b6 4a 01 44 0f b6 02 41 c1 e0
0x00007ffd1f6956b8:   08 44 0b c1 0f b6 4a 02 41 c1 e0 08 44 0b c1 0f
0x00007ffd1f6956c8:   b6 4a 03 41 c1 e0 08 44 0b c1 41 03 c0 44 3b d3
0x00007ffd1f6956d8:   72 c6 41 3b c1 72 02 33 c0 48 8b 5c 24 08 c3 cc
0x00007ffd1f6956e8:   cc cc cc cc cc cc cc cc 4c 8b c9 48 85 c9 74 76
0x00007ffd1f6956f8:   0f b6 41 01 44 0f b6 01 41 c1 e0 08 44 0b c0 0f
0x00007ffd1f695708:   b6 41 02 41 c1 e0 08 44 0b c0 0f b6 41 03 41 c1
0x00007ffd1f695718:   e0 08 44 0b c0 44 89 02 0f b6 41 04 89 42 04 0f
0x00007ffd1f695728:   b6 41 05 89 42 08 0f b6 41 06 89 42 0c 0f b6 41
0x00007ffd1f695738:   07 89 42 10 0f b6 41 08 89 42 14 0f b6 49 09 41
0x00007ffd1f695748:   0f b6 41 0a c1 e1 08 0b c8 89 4a 18 41 0f b6 41
0x00007ffd1f695758:   0c 41 0f b6 49 0b c1 e1 08 0b c8 49 8d 41 0e 48
0x00007ffd1f695768:   89 42 20 89 4a 1c c3 cc 48 85 d2 0f 84 44 01 00
0x00007ffd1f695778:   00 81 f9 01 00 1b 00 0f 85 90 00 00 00 0f b6 42
0x00007ffd1f695788:   09 41 ba 02 00 00 00 44 0f b6 4a 08 41 c1 e1 08
0x00007ffd1f695798:   44 0b c8 45 89 08 0f b6 42 0b 0f b6 4a 0a c1 e1
0x00007ffd1f6957a8:   08 0b c8 0f b6 42 0c c1 e1 08 0b c8 0f b6 42 0d
0x00007ffd1f6957b8:   c1 e1 08 0b c8 41 89 48 04 45 85 c9 0f 85 80 00
0x00007ffd1f6957c8:   00 00 0f b6 42 0b 45 8d 51 06 0f b6 4a 0a c1 e1
0x00007ffd1f6957d8:   08 0b c8 0f b6 42 0c c1 e1 08 0b c8 0f b6 42 0d
0x00007ffd1f6957e8:   c1 e1 08 0b c8 41 89 08 0f b6 42 0f 0f b6 4a 0e 


Stack slot to memory mapping:
stack at sp + 0 slots: 0x00007ffd1f691654 dpfj.dll
stack at sp + 1 slots: 0x0000000000000001 is an unknown value
stack at sp + 2 slots: 0x0000000000007238 is an unknown value
stack at sp + 3 slots: 0x000000725aafc520 is pointing into the stack for thread: 0x000001a87b0ab1c0
stack at sp + 4 slots: 0x000001a8332aa9c0 points into unknown readable memory: 0x0000000707e4a708 | 08 a7 e4 07 07 00 00 00
stack at sp + 5 slots: 0x0000000034697998 is an unknown value
stack at sp + 6 slots: 0x00007ffd20d84a17 dpuareu_jni.dll
stack at sp + 7 slots: 0x000001a87b0ab470 points into unknown readable memory: 0x00007ffcf2c12670 | 70 26 c1 f2 fc 7f 00 00


Compiled method (n/a)  280717 4677     n 0       jdk.internal.reflect.NativeMethodAccessorImpl::invoke0 (native)
 total in heap  [0x000001a82503fa10,0x000001a82503feb0] = 1184
 relocation     [0x000001a82503fb68,0x000001a82503fba0] = 56
 main code      [0x000001a82503fba0,0x000001a82503feb0] = 784

[Constant Pool (empty)]

[MachCode]
[Entry Point]
  # {method} {0x000001a8341c4290} 'invoke0' '(Ljava/lang/reflect/Method;Ljava/lang/Object;[Ljava/lang/Object;)Ljava/lang/Object;' in 'jdk/internal/reflect/NativeMethodAccessorImpl'
  # parm0:    rdx:rdx   = 'java/lang/reflect/Method'
  # parm1:    r8:r8     = 'java/lang/Object'
  # parm2:    r9:r9     = '[Ljava/lang/Object;'
  #           [sp+0x80]  (sp of caller)
  0x000001a82503fba0: 448b 5208 | 49bb 0000 | 0034 a801 | 0000 4d03 | d349 3bc2 | 0f84 0600 

  0x000001a82503fbb8: ;   {runtime_call ic_miss_stub}
  0x000001a82503fbb8: 0000 e9c1 | d361 ff90 
[Verified Entry Point]
  0x000001a82503fbc0: 8984 2400 | 90ff ff55 | 488b ec48 | 83ec 704c | 894c 2438 | 4983 f900 | 488d 4424 | 3848 0f44 
  0x000001a82503fbe0: 4424 3848 | 8944 2420 | 4c89 4424 | 3049 83f8 | 004c 8d4c | 2430 4c0f | 444c 2430 | 4889 5424 
  0x000001a82503fc00: 2848 83fa | 004c 8d44 | 2428 4c0f | 4444 2428 

  0x000001a82503fc10: ;   {oop(a 'java/lang/Class'{0x000000070341bd60} = 'jdk/internal/reflect/NativeMethodAccessorImpl')}
  0x000001a82503fc10: 49be 60bd | 4103 0700 | 0000 4c89 | 7424 584c | 8d74 2458 | 498b d6c5 

  0x000001a82503fc28: ;   {internal_word}
  0x000001a82503fc28: f877 49ba | 27fc 0325 | a801 0000 | 4d89 9798 | 0200 0049 | 89a7 9002 

  0x000001a82503fc40: ;   {external_word}
  0x000001a82503fc40: 0000 49ba | e380 c7f2 | fc7f 0000 | 4180 3a00 | 0f84 5200 | 0000 5241 

  0x000001a82503fc58: ;   {metadata({method} {0x000001a8341c4290} 'invoke0' '(Ljava/lang/reflect/Method;Ljava/lang/Object;[Ljava/lang/Object;)Ljava/lang/Object;' in 'jdk/internal/reflect/NativeMethodAccessorImpl')}
  0x000001a82503fc58: 5041 5148 | ba88 421c | 34a8 0100 | 0049 8bcf | 4883 ec20 | f7c4 0f00 | 0000 0f84 | 1a00 0000 
  0x000001a82503fc78: 4883 ec08 

  0x000001a82503fc7c: ;   {runtime_call}
  0x000001a82503fc7c: 49ba 00d6 | 84f2 fc7f | 0000 41ff | d248 83c4 | 08e9 0d00 

  0x000001a82503fc90: ;   {runtime_call}
  0x000001a82503fc90: 0000 49ba | 00d6 84f2 | fc7f 0000 | 41ff d248 | 83c4 2041 | 5941 585a | 498d 8fb0 | 0200 0041 
  0x000001a82503fcb0: c787 4003 | 0000 0400 

  0x000001a82503fcb8: ;   {runtime_call}
  0x000001a82503fcb8: 0000 49ba | a43e e723 | fd7f 0000 | 41ff d2c5 | f877 41c7 | 8740 0300 | 0005 0000 | 00f0 8344 
  0x000001a82503fcd8: 24c0 0049 | 3baf 4803 | 0000 0f87 | 1100 0000 | 4181 bf30 | 0300 0000 | 0000 000f | 842c 0000 
  0x000001a82503fcf8: 00c5 f877 | 4889 45f8 | 498b cf4c | 8be4 4883 | ec20 4883 

  0x000001a82503fd0c: ;   {runtime_call}
  0x000001a82503fd0c: e4f0 49ba | 408d 8ff2 | fc7f 0000 | 41ff d249 | 8be4 4d33 | e448 8b45 | f841 c787 | 4003 0000 
  0x000001a82503fd2c: 0800 0000 | 4181 bfb0 | 0300 0002 | 0000 000f | 843f 0100 

  0x000001a82503fd40: ;   {external_word}
  0x000001a82503fd40: 0049 bae3 | 80c7 f2fc | 7f00 0041 | 803a 000f | 8450 0000 | 0048 8945 

  0x000001a82503fd58: ;   {metadata({method} {0x000001a8341c4290} 'invoke0' '(Ljava/lang/reflect/Method;Ljava/lang/Object;[Ljava/lang/Object;)Ljava/lang/Object;' in 'jdk/internal/reflect/NativeMethodAccessorImpl')}
  0x000001a82503fd58: f848 ba88 | 421c 34a8 | 0100 0049 | 8bcf 4883 | ec20 f7c4 | 0f00 0000 | 0f84 1a00 | 0000 4883 
  0x000001a82503fd78: ;   {runtime_call}
  0x000001a82503fd78: ec08 49ba | 00d6 84f2 | fc7f 0000 | 41ff d248 | 83c4 08e9 | 0d00 0000 

  0x000001a82503fd90: ;   {runtime_call}
  0x000001a82503fd90: 49ba 00d6 | 84f2 fc7f | 0000 41ff | d248 83c4 | 2048 8b45 | f849 c787 | 9002 0000 | 0000 0000 
  0x000001a82503fdb0: 49c7 8798 | 0200 0000 | 0000 00c5 | f877 4885 | c00f 8493 | 0000 0048 | f7c0 0100 | 0000 0f84 
  0x000001a82503fdd0: 8300 0000 | 488b 40ff | 4180 7f38 | 000f 846f | 0000 0048 | 83f8 000f | 8465 0000 | 0049 8b4f 
  0x000001a82503fdf0: 2048 83f9 | 000f 8414 | 0000 0048 | 83e9 0849 | 894f 2049 | 034f 3048 | 8901 e943 | 0000 0050 
  0x000001a82503fe10: 498b d748 | 8bc8 4883 | ec20 f7c4 | 0f00 0000 | 0f84 1a00 | 0000 4883 

  0x000001a82503fe28: ;   {runtime_call}
  0x000001a82503fe28: ec08 49ba | 3009 44f2 | fc7f 0000 | 41ff d248 | 83c4 08e9 | 0d00 0000 

  0x000001a82503fe40: ;   {runtime_call}
  0x000001a82503fe40: 49ba 3009 | 44f2 fc7f | 0000 41ff | d248 83c4 | 2058 e903 | 0000 0048 | 8b00 498b | 8fd8 0000 
  0x000001a82503fe60: 00c7 8100 | 0100 0000 | 0000 00c9 | 4981 7f08 | 0000 0000 | 0f85 0100 

  0x000001a82503fe78: ;   {runtime_call StubRoutines (1)}
  0x000001a82503fe78: 0000 c3e9 | 8010 5dff | c5f8 7748 | 8945 f84c | 8be4 4883 | ec20 4883 

  0x000001a82503fe90: ;   {runtime_call}
  0x000001a82503fe90: e4f0 49ba | a006 85f2 | fc7f 0000 | 41ff d249 | 8be4 4d33 | e448 8b45 | f8e9 93fe | ffff f4f4 
[/MachCode]


Compiled method (c1)  280723 4676   !   1       jdk.internal.reflect.NativeMethodAccessorImpl::invoke (137 bytes)
 total in heap  [0x000001a825040310,0x000001a825040d50] = 2624
 relocation     [0x000001a825040468,0x000001a8250404f0] = 136
 main code      [0x000001a825040500,0x000001a825040960] = 1120
 stub code      [0x000001a825040960,0x000001a8250409e8] = 136
 metadata       [0x000001a8250409e8,0x000001a825040a08] = 32
 scopes data    [0x000001a825040a08,0x000001a825040ac8] = 192
 scopes pcs     [0x000001a825040ac8,0x000001a825040be8] = 288
 dependencies   [0x000001a825040be8,0x000001a825040bf0] = 8
 handler table  [0x000001a825040bf0,0x000001a825040d10] = 288
 nul chk table  [0x000001a825040d10,0x000001a825040d50] = 64

[Constant Pool (empty)]

[MachCode]
[Entry Point]
  # {method} {0x000001a8341c3d68} 'invoke' '(Ljava/lang/Object;[Ljava/lang/Object;)Ljava/lang/Object;' in 'jdk/internal/reflect/NativeMethodAccessorImpl'
  # this:     rdx:rdx   = 'jdk/internal/reflect/NativeMethodAccessorImpl'
  # parm0:    r8:r8     = 'java/lang/Object'
  # parm1:    r9:r9     = '[Ljava/lang/Object;'
  #           [sp+0xd0]  (sp of caller)
  0x000001a825040500: 448b 5208 | 49bb 0000 | 0034 a801 | 0000 4d03 | d34c 3bd0 

  0x000001a825040514: ;   {runtime_call ic_miss_stub}
  0x000001a825040514: 0f85 66ca | 61ff 660f | 1f44 0000 
[Verified Entry Point]
  0x000001a825040520: 8984 2400 | 90ff ff55 | 4881 ecc0 | 0000 0048 | 8954 2470 | 8b72 0cff | c689 720c 

  0x000001a82504053c: ;   {oop(a 'java/lang/Class'{0x0000000703469398} = 'jdk/internal/reflect/ReflectionFactory')}
  0x000001a82504053c: 48bf 9893 | 4603 0700 | 0000 8b7f | 783b f70f | 8f08 0000 | 0048 8bf2 | e9e2 0200 | 004c 898c 
  0x000001a82504055c: 2480 0000 | 004c 8944 | 2478 8b72 | 1448 c1e6 | 038b 7624 | 48c1 e603 

  0x000001a825040574: ; implicit exception: dispatches to 0x000001a82504089a
  0x000001a825040574: 483b 0648 | 8bd6 0f1f 

  0x000001a82504057c: ;   {optimized virtual_call}
  0x000001a82504057c: 4400 00e8 

  0x000001a825040580: ; ImmutableOopMap {[112]=Oop [128]=Oop [120]=Oop }
                      ;*invokevirtual isHidden {reexecute=0 rethrow=0 return_oop=0}
                      ; - jdk.internal.reflect.NativeMethodAccessorImpl::invoke@24 (line 57)
  0x000001a825040580: 3c77 92ff | 83f8 000f | 8417 0000 | 004c 8b8c | 2480 0000 | 004c 8b44 | 2478 488b | 7424 70e9 
  0x000001a8250405a0: 9702 0000 | 488b 5424 | 708b 4210 | 83f8 000f | 8415 0000 | 004c 8b8c | 2480 0000 | 004c 8b44 
  0x000001a8250405c0: 2478 488b | f2e9 7102 | 0000 488d | 7210 b800 | 0000 00bf | 0100 0000 | f00f b13e | be01 0000 
  0x000001a8250405e0: 000f 8405 | 0000 00be | 0000 0000 | 83fe 000f | 8515 0000 | 004c 8b8c | 2480 0000 | 004c 8b44 
  0x000001a825040600: 2478 488b | f2e9 3102 | 0000 488b 

  0x000001a82504060c: ;   {metadata('jdk/internal/reflect/MethodAccessorGenerator')}
  0x000001a82504060c: da48 ba00 | 310f 35a8 | 0100 0049 | 8b87 0801 | 0000 488d | b890 0000 | 0049 3bbf | 1801 0000 
  0x000001a82504062c: 0f87 6d02 | 0000 4989 | bf08 0100 | 0048 c700 | 0100 0000 | 488b ca49 | ba00 0000 | 34a8 0100 
  0x000001a82504064c: 0049 2bca | 8948 0848 | 33c9 8948 | 0c48 33c9 | 48bf 1000 | 0000 0000 | 0000 4889 | 4cf8 0848 
  0x000001a82504066c: ffcf 75f6 | ba1e 0000 | 0066 8950 | 6aba 4900 | 0000 6689 | 506c 8b53 | 1448 c1e2 | 038b 7224 
  0x000001a82504068c: 48c1 e603 | 8b7a 2848 | c1e7 038b | 5230 48c1 | e203 4889 | 8424 9800 | 0000 4889 | bc24 9000 
  0x000001a8250406ac: 0000 4889 | b424 8800 | 0000 0f1f | 8000 0000 | 0048 b878 | 1c00 34a8 

  0x000001a8250406c4: ;   {virtual_call}
  0x000001a8250406c4: 0100 00e8 

  0x000001a8250406c8: ; ImmutableOopMap {[128]=Oop [120]=Oop [152]=Oop [112]=Oop [144]=Oop [136]=Oop }
                      ;*invokevirtual clone {reexecute=0 rethrow=0 return_oop=0}
                      ; - java.lang.reflect.Method::getParameterTypes@4 (line 314)
                      ; - jdk.internal.reflect.NativeMethodAccessorImpl::invoke@77 (line 65)
  0x000001a8250406c8: d401 89ff | 4883 f800 | 0f84 2900 

  0x000001a8250406d4: ;   {metadata('java/lang/Class'[])}
  0x000001a8250406d4: 0000 48bb | 781c 0034 | a801 0000 | 8b78 0849 | ba00 0000 | 34a8 0100 | 0049 03fa | 483b 5f40 
  0x000001a8250406f4: 0f85 b701 | 0000 e900 | 0000 0048 | 8bf0 488b | 5424 708b | 7a14 48c1 | e703 8b5f | 2c48 c1e3 
  0x000001a825040714: 038b 7f34 | 48c1 e703 | 488b d748 | 899c 24a8 | 0000 0048 | 89b4 24a0 | 0000 0066 | 0f1f 4400 
  0x000001a825040734: 0048 b878 | 1c00 34a8 

  0x000001a82504073c: ;   {virtual_call}
  0x000001a82504073c: 0100 00e8 

  0x000001a825040740: ; ImmutableOopMap {[128]=Oop [120]=Oop [152]=Oop [144]=Oop [136]=Oop [112]=Oop [168]=Oop [160]=Oop }
                      ;*invokevirtual clone {reexecute=0 rethrow=0 return_oop=0}
                      ; - java.lang.reflect.Method::getExceptionTypes@4 (line 341)
                      ; - jdk.internal.reflect.NativeMethodAccessorImpl::invoke@91 (line 67)
  0x000001a825040740: 5c01 89ff | 4883 f800 | 0f84 2a00 

  0x000001a82504074c: ;   {metadata('java/lang/Class'[])}
  0x000001a82504074c: 0000 48bf | 781c 0034 | a801 0000 | 448b 4808 | 49ba 0000 | 0034 a801 | 0000 4d03 | ca49 3b79 
  0x000001a82504076c: 400f 854c | 0100 00e9 | 0000 0000 | 488b c848 | 8b54 2470 | 448b 4214 | 49c1 e003 

  0x000001a825040788: ; implicit exception: dispatches to 0x000001a8250408c8
  0x000001a825040788: 418b 5820 | 4c8b 8424 | 8800 0000 | 4c8b 8c24 | 9000 0000 | 488b bc24 | a000 0000 | 488b b424 
  0x000001a8250407a8: a800 0000 | 891c 2448 | 8b94 2498 

  0x000001a8250407b4: ;   {optimized virtual_call}
  0x000001a8250407b4: 0000 00e8 

  0x000001a8250407b8: ; ImmutableOopMap {[128]=Oop [120]=Oop [112]=Oop }
                      ;*invokevirtual generateMethod {reexecute=0 rethrow=0 return_oop=0}
                      ; - jdk.internal.reflect.NativeMethodAccessorImpl::invoke@101 (line 63)
  0x000001a8250407b8: d901 0000 | 4883 f800 | 0f84 2a00 

  0x000001a8250407c4: ;   {metadata('jdk/internal/reflect/MethodAccessorImpl')}
  0x000001a8250407c4: 0000 48be | d0ae 0034 | a801 0000 | 448b 4808 | 49ba 0000 | 0034 a801 | 0000 4d03 | ca49 3b71 
  0x000001a8250407e4: 400f 85e2 | 0000 00e9 | 0000 0000 | 488b d048 | 8b74 2470 | 448b 4618 | 49c1 e003 | 450f be4f 
  0x000001a825040804: 3841 83f9 | 000f 85c7 | 0000 004c | 8bd2 49c1 | ea03 4589 | 500c 4d8b | c84c 33ca | 49c1 e915 
  0x000001a825040824: 4983 f900 | 0f85 cd00 | 0000 4c8b | 8c24 8000 | 0000 4c8b | 4424 788b | 5614 48c1 | e203 0f1f 
  0x000001a825040844: ;   {static_call}
  0x000001a825040844: 4400 00e8 

  0x000001a825040848: ; ImmutableOopMap {}
                      ;*invokestatic invoke0 {reexecute=0 rethrow=0 return_oop=0}
                      ; - jdk.internal.reflect.NativeMethodAccessorImpl::invoke@133 (line 77)
  0x000001a825040848: 74f3 ffff | 4881 c4c0 | 0000 005d 

  0x000001a825040854: ;   {poll_return}
  0x000001a825040854: 493b a748 | 0300 000f | 87b2 0000 | 00c3 488b | 7424 7049 | 8b87 d803 | 0000 4d33 | d24d 8997 
  0x000001a825040874: d803 0000 | 4d33 d24d | 8997 e003 | 0000 bf00 | 0000 0089 | 7e10 f083 | 4424 c000 | e9b8 0000 
  0x000001a825040894: ;   {runtime_call throw_null_pointer_exception Runtime1 stub}
  0x000001a825040894: 00e8 8659 

  0x000001a825040898: ; ImmutableOopMap {rdx=Oop [112]=Oop [128]=Oop [120]=Oop }
                      ;*invokevirtual getDeclaringClass {reexecute=0 rethrow=0 return_oop=0}
                      ; - jdk.internal.reflect.NativeMethodAccessorImpl::invoke@21 (line 57)
                      ;   {runtime_call throw_null_pointer_exception Runtime1 stub}
  0x000001a825040898: 6cff e881 

  0x000001a82504089c: ; ImmutableOopMap {rdx=Oop [112]=Oop [128]=Oop [120]=Oop rsi=Oop }
                      ;*invokevirtual isHidden {reexecute=0 rethrow=0 return_oop=0}
                      ; - jdk.internal.reflect.NativeMethodAccessorImpl::invoke@24 (line 57)
  0x000001a82504089c: 596c ff48 

  0x000001a8250408a0: ;   {runtime_call fast_new_instance Runtime1 stub}
  0x000001a8250408a0: 8bd2 e859 

  0x000001a8250408a4: ; ImmutableOopMap {[128]=Oop [120]=Oop rbx=Oop [112]=Oop }
                      ;*new {reexecute=0 rethrow=0 return_oop=0}
                      ; - jdk.internal.reflect.NativeMethodAccessorImpl::invoke@52 (line 61)
  0x000001a8250408a4: 646c ffe9 | c4fd ffff 

  0x000001a8250408ac: ;   {runtime_call throw_null_pointer_exception Runtime1 stub}
  0x000001a8250408ac: e86f 596c 

  0x000001a8250408b0: ; ImmutableOopMap {[128]=Oop [120]=Oop rbx=Oop [112]=Oop rax=Oop rdx=Oop }
                      ;*invokevirtual getDeclaringClass {reexecute=0 rethrow=0 return_oop=0}
                      ; - jdk.internal.reflect.NativeMethodAccessorImpl::invoke@63 (line 63)
  0x000001a8250408b0: ff48 8904 

  0x000001a8250408b4: ;   {runtime_call throw_class_cast_exception Runtime1 stub}
  0x000001a8250408b4: 24e8 6685 

  0x000001a8250408b8: ; ImmutableOopMap {[128]=Oop [120]=Oop [152]=Oop [112]=Oop [144]=Oop [136]=Oop }
                      ;*checkcast {reexecute=0 rethrow=0 return_oop=0}
                      ; - java.lang.reflect.Method::getParameterTypes@7 (line 314)
                      ; - jdk.internal.reflect.NativeMethodAccessorImpl::invoke@77 (line 65)
                      ;   {runtime_call throw_null_pointer_exception Runtime1 stub}
  0x000001a8250408b8: 6cff e861 

  0x000001a8250408bc: ; ImmutableOopMap {[128]=Oop [120]=Oop [152]=Oop [144]=Oop [136]=Oop rsi=Oop rdx=Oop [112]=Oop rdi=Oop }
                      ;*invokevirtual getReturnType {reexecute=0 rethrow=0 return_oop=0}
                      ; - jdk.internal.reflect.NativeMethodAccessorImpl::invoke@84 (line 66)
  0x000001a8250408bc: 596c ff48 

  0x000001a8250408c0: ;   {runtime_call throw_class_cast_exception Runtime1 stub}
  0x000001a8250408c0: 8904 24e8 

  0x000001a8250408c4: ; ImmutableOopMap {[128]=Oop [120]=Oop [152]=Oop [144]=Oop [136]=Oop [112]=Oop [168]=Oop [160]=Oop }
                      ;*checkcast {reexecute=0 rethrow=0 return_oop=0}
                      ; - java.lang.reflect.Method::getExceptionTypes@7 (line 341)
                      ; - jdk.internal.reflect.NativeMethodAccessorImpl::invoke@91 (line 67)
  0x000001a8250408c4: 5885 6cff 

  0x000001a8250408c8: ;   {runtime_call throw_null_pointer_exception Runtime1 stub}
  0x000001a8250408c8: e853 596c 

  0x000001a8250408cc: ; ImmutableOopMap {[128]=Oop [120]=Oop [152]=Oop [144]=Oop [136]=Oop [168]=Oop [160]=Oop rcx=Oop rdx=Oop [112]=Oop }
                      ;*invokevirtual getModifiers {reexecute=0 rethrow=0 return_oop=0}
                      ; - jdk.internal.reflect.NativeMethodAccessorImpl::invoke@98 (line 68)
  0x000001a8250408cc: ff48 8904 

  0x000001a8250408d0: ;   {runtime_call throw_class_cast_exception Runtime1 stub}
  0x000001a8250408d0: 24e8 4a85 

  0x000001a8250408d4: ; ImmutableOopMap {[128]=Oop [120]=Oop [112]=Oop }
                      ;*checkcast {reexecute=0 rethrow=0 return_oop=0}
                      ; - jdk.internal.reflect.NativeMethodAccessorImpl::invoke@104 (line 63)
  0x000001a8250408d4: 6cff 458b | 480c 49c1 | e103 4983 | f900 0f84 | 27ff ffff | 4c89 0c24 

  0x000001a8250408ec: ;   {runtime_call g1_pre_barrier_slow}
  0x000001a8250408ec: e88f c26c | ffe9 19ff 

  0x000001a8250408f4: ;   {runtime_call throw_null_pointer_exception Runtime1 stub}
  0x000001a8250408f4: ffff e825 

  0x000001a8250408f8: ; ImmutableOopMap {[128]=Oop [120]=Oop rdx=Oop rsi=Oop [112]=Oop r8=Oop }
                      ;*invokevirtual setDelegate {reexecute=0 rethrow=0 return_oop=0}
                      ; - jdk.internal.reflect.NativeMethodAccessorImpl::invoke@113 (line 69)
  0x000001a8250408f8: 596c ff48 | 83fa 000f | 8429 ffff | ff4c 8904 

  0x000001a825040908: ;   {runtime_call g1_post_barrier_slow}
  0x000001a825040908: 24e8 72c6 | 6cff e91b 

  0x000001a825040910: ;   {internal_word}
  0x000001a825040910: ffff ff49 | ba54 0804 | 25a8 0100 | 004d 8997 | 6003 0000 

  0x000001a825040924: ;   {runtime_call SafepointBlob}
  0x000001a825040924: e957 4062 

  0x000001a825040928: ;   {runtime_call throw_null_pointer_exception Runtime1 stub}
  0x000001a825040928: ffe8 f258 

  0x000001a82504092c: ; ImmutableOopMap {[128]=Oop [120]=Oop rdx=Oop rsi=Oop [112]=Oop r8=Oop }
                      ;*invokevirtual setDelegate {reexecute=0 rethrow=0 return_oop=0}
                      ; - jdk.internal.reflect.NativeMethodAccessorImpl::invoke@113 (line 69)
  0x000001a82504092c: 6cff 9090 | 498b 87d8 | 0300 0049 | c787 d803 | 0000 0000 | 0000 49c7 | 87e0 0300 | 0000 0000 
  0x000001a82504094c: 0048 81c4 | c000 0000 

  0x000001a825040954: ;   {runtime_call unwind_exception Runtime1 stub}
  0x000001a825040954: 5de9 a649 | 6cff f4f4 | f4f4 f4f4 
[Stub Code]
  0x000001a825040960: ;   {no_reloc}
  0x000001a825040960: 0f1f 4400 

  0x000001a825040964: ;   {static_stub}
  0x000001a825040964: 0048 bb00 | 0000 0000 

  0x000001a82504096c: ;   {runtime_call}
  0x000001a82504096c: 0000 00e9 | fbff ffff 

  0x000001a825040974: ;   {static_stub}
  0x000001a825040974: 9048 bb00 | 0000 0000 

  0x000001a82504097c: ;   {runtime_call}
  0x000001a82504097c: 0000 00e9 | fbff ffff 

  0x000001a825040984: ;   {static_stub}
  0x000001a825040984: 9048 bb00 | 0000 0000 

  0x000001a82504098c: ;   {runtime_call}
  0x000001a82504098c: 0000 00e9 | fbff ffff 

  0x000001a825040994: ;   {static_stub}
  0x000001a825040994: 9048 bb08 | 4f24 75a8 

  0x000001a82504099c: ;   {runtime_call I2C/C2I adapters}
  0x000001a82504099c: 0100 00e9 | d68d 85ff 

  0x000001a8250409a4: ;   {static_stub}
  0x000001a8250409a4: 9048 bb00 | 0000 0000 

  0x000001a8250409ac: ;   {runtime_call}
  0x000001a8250409ac: 0000 00e9 | fbff ffff 
[Exception Handler]
  0x000001a8250409b4: ;   {runtime_call handle_exception_from_callee Runtime1 stub}
  0x000001a8250409b4: e847 7e6c 

  0x000001a8250409b8: ;   {external_word}
  0x000001a8250409b8: ff48 b9a0 | e0a3 f2fc | 7f00 0048 

  0x000001a8250409c4: ;   {runtime_call}
  0x000001a8250409c4: 83e4 f049 | bae0 da71 | f2fc 7f00 | 0041 ffd2 

  0x000001a8250409d4: ;   {section_word}
  0x000001a8250409d4: f449 bad5 | 0904 25a8 | 0100 0041 

  0x000001a8250409e0: ;   {runtime_call DeoptimizationBlob}
  0x000001a8250409e0: 52e9 3a54 | 62ff f4f4 
[/MachCode]


Compiled method (c1)  280731 4098       1       jdk.internal.reflect.DelegatingMethodAccessorImpl::invoke (10 bytes)
 total in heap  [0x000001a824f53590,0x000001a824f53858] = 712
 relocation     [0x000001a824f536e8,0x000001a824f53720] = 56
 main code      [0x000001a824f53720,0x000001a824f537c0] = 160
 stub code      [0x000001a824f537c0,0x000001a824f53808] = 72
 metadata       [0x000001a824f53808,0x000001a824f53810] = 8
 scopes data    [0x000001a824f53810,0x000001a824f53820] = 16
 scopes pcs     [0x000001a824f53820,0x000001a824f53850] = 48
 dependencies   [0x000001a824f53850,0x000001a824f53858] = 8

[Constant Pool (empty)]

[MachCode]
[Entry Point]
  # {method} {0x000001a83435fb00} 'invoke' '(Ljava/lang/Object;[Ljava/lang/Object;)Ljava/lang/Object;' in 'jdk/internal/reflect/DelegatingMethodAccessorImpl'
  # this:     rdx:rdx   = 'jdk/internal/reflect/DelegatingMethodAccessorImpl'
  # parm0:    r8:r8     = 'java/lang/Object'
  # parm1:    r9:r9     = '[Ljava/lang/Object;'
  #           [sp+0x40]  (sp of caller)
  0x000001a824f53720: 448b 5208 | 49bb 0000 | 0034 a801 | 0000 4d03 | d34c 3bd0 

  0x000001a824f53734: ;   {runtime_call ic_miss_stub}
  0x000001a824f53734: 0f85 4698 | 70ff 660f | 1f44 0000 
[Verified Entry Point]
  0x000001a824f53740: 8984 2400 | 90ff ff55 | 4883 ec30 | 8b52 0c48 | c1e2 0366 | 9048 b8ff | ffff ffff 

  0x000001a824f5375c: ;   {virtual_call}
  0x000001a824f5375c: ffff ffe8 

  0x000001a824f53760: ; ImmutableOopMap {}
                      ;*invokevirtual invoke {reexecute=0 rethrow=0 return_oop=0}
                      ; - jdk.internal.reflect.DelegatingMethodAccessorImpl::invoke@6 (line 43)
  0x000001a824f53760: 6ca6 7bff | 4883 c430 

  0x000001a824f53768: ;   {poll_return}
  0x000001a824f53768: 5d49 3ba7 | 4803 0000 | 0f87 0100 

  0x000001a824f53774: ;   {internal_word}
  0x000001a824f53774: 0000 c349 | ba69 37f5 | 24a8 0100 | 004d 8997 | 6003 0000 

  0x000001a824f53788: ;   {runtime_call SafepointBlob}
  0x000001a824f53788: e9f3 1171 | ff90 9049 | 8b87 d803 | 0000 49c7 | 87d8 0300 | 0000 0000 | 0049 c787 | e003 0000 
  0x000001a824f537a8: 0000 0000 | 4883 c430 

  0x000001a824f537b0: ;   {runtime_call unwind_exception Runtime1 stub}
  0x000001a824f537b0: 5de9 4a1b | 7bff f4f4 | f4f4 f4f4 | f4f4 f4f4 
[Stub Code]
  0x000001a824f537c0: ;   {no_reloc}
  0x000001a824f537c0: 0f1f 4400 

  0x000001a824f537c4: ;   {static_stub}
  0x000001a824f537c4: 0048 bb00 | 0000 0000 

  0x000001a824f537cc: ;   {runtime_call}
  0x000001a824f537cc: 0000 00e9 | fbff ffff 
[Exception Handler]
  0x000001a824f537d4: ;   {runtime_call handle_exception_from_callee Runtime1 stub}
  0x000001a824f537d4: e827 507b 

  0x000001a824f537d8: ;   {external_word}
  0x000001a824f537d8: ff48 b9a0 | e0a3 f2fc | 7f00 0048 

  0x000001a824f537e4: ;   {runtime_call}
  0x000001a824f537e4: 83e4 f049 | bae0 da71 | f2fc 7f00 | 0041 ffd2 

  0x000001a824f537f4: ;   {section_word}
  0x000001a824f537f4: f449 baf5 | 37f5 24a8 | 0100 0041 

  0x000001a824f53800: ;   {runtime_call DeoptimizationBlob}
  0x000001a824f53800: 52e9 1a26 | 71ff f4f4 
[/MachCode]


---------------  P R O C E S S  ---------------

Threads class SMR info:
_java_thread_list=0x000001a87b094bf0, length=28, elements={
0x000001a833242260, 0x000001a833242e20, 0x000001a833256df0, 0x000001a8332588d0,
0x000001a8332593a0, 0x000001a83325dd90, 0x000001a83325e660, 0x000001a83325ef70,
0x000001a833a92a60, 0x000001a833a9d5c0, 0x000001a87a24e1b0, 0x000001a87a24eaa0,
0x000001a87a24c9b0, 0x000001a87a0dac80, 0x000001a87a3564a0, 0x000001a87a355a80,
0x000001a87a355f90, 0x000001a87a3569b0, 0x000001a87b0ab6d0, 0x000001a87b0a9360,
0x000001a87b0acb10, 0x000001a87b0aacb0, 0x000001a87b0aa7a0, 0x000001a87b0a7f20,
0x000001a87b0ab1c0, 0x000001a87b0a8e50, 0x000001a87b0ad530, 0x000001a87b0abbe0
}
_to_delete_list=0x000001a879a9a8f0, length=29, elements={
0x000001a833242260, 0x000001a833242e20, 0x000001a833256df0, 0x000001a8332588d0,
0x000001a8332593a0, 0x000001a83325dd90, 0x000001a83325e660, 0x000001a83325ef70,
0x000001a833a58be0, 0x000001a833a92a60, 0x000001a833a9d5c0, 0x000001a87a24e1b0,
0x000001a87a24eaa0, 0x000001a87a24c9b0, 0x000001a87a0dac80, 0x000001a87a3564a0,
0x000001a87a355a80, 0x000001a87a355f90, 0x000001a87a3569b0, 0x000001a87b0ab6d0,
0x000001a87b0a9360, 0x000001a87b0acb10, 0x000001a87b0aacb0, 0x000001a87b0aa7a0,
0x000001a87b0a7f20, 0x000001a87b0ab1c0, 0x000001a87b0a8e50, 0x000001a87b0ad530,
0x000001a87b0abbe0
}

Java Threads: ( => current thread )
  0x000001a833242260 JavaThread "Reference Handler" daemon [_thread_blocked, id=17144, stack(0x0000007258400000,0x0000007258500000)]
  0x000001a833242e20 JavaThread "Finalizer" daemon [_thread_blocked, id=7252, stack(0x0000007258500000,0x0000007258600000)]
  0x000001a833256df0 JavaThread "Signal Dispatcher" daemon [_thread_blocked, id=14404, stack(0x0000007258600000,0x0000007258700000)]
  0x000001a8332588d0 JavaThread "Attach Listener" daemon [_thread_blocked, id=1744, stack(0x0000007258700000,0x0000007258800000)]
  0x000001a8332593a0 JavaThread "Service Thread" daemon [_thread_blocked, id=18592, stack(0x0000007258800000,0x0000007258900000)]
  0x000001a83325dd90 JavaThread "Monitor Deflation Thread" daemon [_thread_blocked, id=21624, stack(0x0000007258900000,0x0000007258a00000)]
  0x000001a83325e660 JavaThread "C1 CompilerThread0" daemon [_thread_blocked, id=9196, stack(0x0000007258a00000,0x0000007258b00000)]
  0x000001a83325ef70 JavaThread "Sweeper thread" daemon [_thread_blocked, id=1804, stack(0x0000007258b00000,0x0000007258c00000)]
  0x000001a833a92a60 JavaThread "Notification Thread" daemon [_thread_blocked, id=30844, stack(0x0000007258e00000,0x0000007258f00000)]
  0x000001a833a9d5c0 JavaThread "Common-Cleaner" daemon [_thread_blocked, id=15420, stack(0x0000007259000000,0x0000007259100000)]
  0x000001a87a24e1b0 JavaThread "Catalina-utility-1" [_thread_blocked, id=15432, stack(0x0000007259a00000,0x0000007259b00000)]
  0x000001a87a24eaa0 JavaThread "Catalina-utility-2" [_thread_blocked, id=18700, stack(0x0000007259b00000,0x0000007259c00000)]
  0x000001a87a24c9b0 JavaThread "container-0" [_thread_blocked, id=19476, stack(0x0000007259c00000,0x0000007259d00000)]
  0x000001a87a0dac80 JavaThread "mysql-cj-abandoned-connection-cleanup" daemon [_thread_blocked, id=6052, stack(0x0000007259d00000,0x0000007259e00000)]
  0x000001a87a3564a0 JavaThread "HikariPool-1 housekeeper" daemon [_thread_blocked, id=30664, stack(0x0000007259f00000,0x000000725a000000)]
  0x000001a87a355a80 JavaThread "https-jsse-nio-8080-exec-1" daemon [_thread_blocked, id=18096, stack(0x000000725a100000,0x000000725a200000)]
  0x000001a87a355f90 JavaThread "https-jsse-nio-8080-exec-2" daemon [_thread_blocked, id=7836, stack(0x000000725a200000,0x000000725a300000)]
  0x000001a87a3569b0 JavaThread "https-jsse-nio-8080-exec-3" daemon [_thread_blocked, id=17012, stack(0x000000725a300000,0x000000725a400000)]
  0x000001a87b0ab6d0 JavaThread "https-jsse-nio-8080-exec-4" daemon [_thread_blocked, id=26260, stack(0x000000725a400000,0x000000725a500000)]
  0x000001a87b0a9360 JavaThread "https-jsse-nio-8080-exec-5" daemon [_thread_blocked, id=19932, stack(0x000000725a500000,0x000000725a600000)]
  0x000001a87b0acb10 JavaThread "https-jsse-nio-8080-exec-6" daemon [_thread_blocked, id=8064, stack(0x000000725a600000,0x000000725a700000)]
  0x000001a87b0aacb0 JavaThread "https-jsse-nio-8080-exec-7" daemon [_thread_blocked, id=34196, stack(0x000000725a700000,0x000000725a800000)]
  0x000001a87b0aa7a0 JavaThread "https-jsse-nio-8080-exec-8" daemon [_thread_blocked, id=28520, stack(0x000000725a800000,0x000000725a900000)]
  0x000001a87b0a7f20 JavaThread "https-jsse-nio-8080-exec-9" daemon [_thread_blocked, id=36348, stack(0x000000725a900000,0x000000725aa00000)]
=>0x000001a87b0ab1c0 JavaThread "https-jsse-nio-8080-exec-10" daemon [_thread_in_native, id=19748, stack(0x000000725aa00000,0x000000725ab00000)]
  0x000001a87b0a8e50 JavaThread "https-jsse-nio-8080-Poller" daemon [_thread_in_native, id=14820, stack(0x000000725ab00000,0x000000725ac00000)]
  0x000001a87b0ad530 JavaThread "https-jsse-nio-8080-Acceptor" daemon [_thread_in_native, id=3396, stack(0x000000725ac00000,0x000000725ad00000)]
  0x000001a87b0abbe0 JavaThread "DestroyJavaVM" [_thread_blocked, id=20772, stack(0x0000007257d00000,0x0000007257e00000)]

Other Threads:
  0x000001a83323e7c0 VMThread "VM Thread" [stack: 0x0000007258300000,0x0000007258400000] [id=4444]
  0x000001a833a95170 WatcherThread [stack: 0x0000007258f00000,0x0000007259000000] [id=19012]
  0x000001a81cde0490 GCTaskThread "GC Thread#0" [stack: 0x0000007257e00000,0x0000007257f00000] [id=16432]
  0x000001a879121e30 GCTaskThread "GC Thread#1" [stack: 0x0000007259100000,0x0000007259200000] [id=24420]
  0x000001a8791220f0 GCTaskThread "GC Thread#2" [stack: 0x0000007259200000,0x0000007259300000] [id=25572]
  0x000001a8791223b0 GCTaskThread "GC Thread#3" [stack: 0x0000007259300000,0x0000007259400000] [id=14480]
  0x000001a879122670 GCTaskThread "GC Thread#4" [stack: 0x0000007259400000,0x0000007259500000] [id=31872]
  0x000001a879122930 GCTaskThread "GC Thread#5" [stack: 0x0000007259500000,0x0000007259600000] [id=11944]
  0x000001a879782030 GCTaskThread "GC Thread#6" [stack: 0x0000007259800000,0x0000007259900000] [id=11376]
  0x000001a8797822f0 GCTaskThread "GC Thread#7" [stack: 0x0000007259900000,0x0000007259a00000] [id=2292]
  0x000001a81cdf10b0 ConcurrentGCThread "G1 Main Marker" [stack: 0x0000007257f00000,0x0000007258000000] [id=24140]
  0x000001a81cdf2ad0 ConcurrentGCThread "G1 Conc#0" [stack: 0x0000007258000000,0x0000007258100000] [id=25084]
  0x000001a879e75a10 ConcurrentGCThread "G1 Conc#1" [stack: 0x0000007259600000,0x0000007259700000] [id=13256]
  0x000001a833175400 ConcurrentGCThread "G1 Refine#0" [stack: 0x0000007258100000,0x0000007258200000] [id=30552]
  0x000001a833176e40 ConcurrentGCThread "G1 Service" [stack: 0x0000007258200000,0x0000007258300000] [id=12072]

Threads with active compile tasks:

VM state: not at safepoint (normal execution)

VM Mutex/Monitor currently owned by a thread: None

Heap address: 0x0000000703200000, size: 4046 MB, Compressed Oops mode: Zero based, Oop shift amount: 3

CDS archive(s) mapped at: [0x000001a834000000-0x000001a834bd0000-0x000001a834bd0000), size 12386304, SharedBaseAddress: 0x000001a834000000, ArchiveRelocationMode: 1.
Compressed class space mapped at: 0x000001a835000000-0x000001a875000000, reserved size: 1073741824
Narrow klass base: 0x000001a834000000, Narrow klass shift: 0, Narrow klass range: 0x100000000

GC Precious Log:
 CPUs: 8 total, 8 available
 Memory: 16183M
 Large Page Support: Disabled
 NUMA Support: Disabled
 Compressed Oops: Enabled (Zero based)
 Heap Region Size: 2M
 Heap Min Capacity: 8M
 Heap Initial Capacity: 254M
 Heap Max Capacity: 4046M
 Pre-touch: Disabled
 Parallel Workers: 8
 Concurrent Workers: 2
 Concurrent Refinement Workers: 8
 Periodic GC: Disabled

Heap:
 garbage-first heap   total 102400K, used 53340K [0x0000000703200000, 0x0000000800000000)
  region size 2048K, 15 young (30720K), 3 survivors (6144K)
 Metaspace       used 60413K, committed 60928K, reserved 1114112K
  class space    used 8415K, committed 8640K, reserved 1048576K

Heap Regions: E=young(eden), S=young(survivor), O=old, HS=humongous(starts), HC=humongous(continues), CS=collection set, F=free, OA=open archive, CA=closed archive, TAMS=top-at-mark-start (previous, next)
|   0|0x0000000703200000, 0x0000000703400000, 0x0000000703400000|100%| O|  |TAMS 0x0000000703400000, 0x0000000703200000| Untracked 
|   1|0x0000000703400000, 0x0000000703600000, 0x0000000703600000|100%| O|  |TAMS 0x0000000703600000, 0x0000000703400000| Untracked 
|   2|0x0000000703600000, 0x0000000703800000, 0x0000000703800000|100%| O|  |TAMS 0x0000000703800000, 0x0000000703600000| Untracked 
|   3|0x0000000703800000, 0x0000000703a00000, 0x0000000703a00000|100%| O|  |TAMS 0x0000000703a00000, 0x0000000703800000| Untracked 
|   4|0x0000000703a00000, 0x0000000703c00000, 0x0000000703c00000|100%| O|  |TAMS 0x0000000703c00000, 0x0000000703a00000| Untracked 
|   5|0x0000000703c00000, 0x0000000703e00000, 0x0000000703e00000|100%| O|  |TAMS 0x0000000703e00000, 0x0000000703c00000| Untracked 
|   6|0x0000000703e00000, 0x0000000704000000, 0x0000000704000000|100%| O|  |TAMS 0x0000000704000000, 0x0000000703e00000| Untracked 
|   7|0x0000000704000000, 0x0000000704200000, 0x0000000704200000|100%| O|  |TAMS 0x0000000704200000, 0x0000000704000000| Untracked 
|   8|0x0000000704200000, 0x0000000704400000, 0x0000000704400000|100%| O|  |TAMS 0x0000000704400000, 0x0000000704200000| Untracked 
|   9|0x0000000704400000, 0x000000070447d400, 0x0000000704600000| 24%| O|  |TAMS 0x0000000704400000, 0x0000000704400000| Untracked 
|  10|0x0000000704600000, 0x0000000704800000, 0x0000000704800000|100%| O|  |TAMS 0x0000000704800000, 0x0000000704600000| Untracked 
|  11|0x0000000704800000, 0x0000000704a00000, 0x0000000704a00000|100%| O|  |TAMS 0x0000000704a00000, 0x0000000704800000| Untracked 
|  12|0x0000000704a00000, 0x0000000704c00000, 0x0000000704c00000|100%| O|  |TAMS 0x0000000704a81600, 0x0000000704a00000| Untracked 
|  13|0x0000000704c00000, 0x0000000704c00000, 0x0000000704e00000|  0%| F|  |TAMS 0x0000000704c00000, 0x0000000704c00000| Untracked 
|  14|0x0000000704e00000, 0x0000000704e00000, 0x0000000705000000|  0%| F|  |TAMS 0x0000000704e00000, 0x0000000704e00000| Untracked 
|  15|0x0000000705000000, 0x0000000705000000, 0x0000000705200000|  0%| F|  |TAMS 0x0000000705000000, 0x0000000705000000| Untracked 
|  16|0x0000000705200000, 0x0000000705200000, 0x0000000705400000|  0%| F|  |TAMS 0x0000000705200000, 0x0000000705200000| Untracked 
|  17|0x0000000705400000, 0x0000000705599f58, 0x0000000705600000| 80%| S|CS|TAMS 0x0000000705400000, 0x0000000705400000| Complete 
|  18|0x0000000705600000, 0x0000000705600000, 0x0000000705800000|  0%| F|  |TAMS 0x0000000705600000, 0x0000000705600000| Untracked 
|  19|0x0000000705800000, 0x0000000705a00000, 0x0000000705a00000|100%| S|CS|TAMS 0x0000000705800000, 0x0000000705800000| Complete 
|  20|0x0000000705a00000, 0x0000000705c00000, 0x0000000705c00000|100%| S|CS|TAMS 0x0000000705a00000, 0x0000000705a00000| Complete 
|  21|0x0000000705c00000, 0x0000000705c00000, 0x0000000705e00000|  0%| F|  |TAMS 0x0000000705c00000, 0x0000000705c00000| Untracked 
|  22|0x0000000705e00000, 0x0000000705e00000, 0x0000000706000000|  0%| F|  |TAMS 0x0000000705e00000, 0x0000000705e00000| Untracked 
|  23|0x0000000706000000, 0x0000000706000000, 0x0000000706200000|  0%| F|  |TAMS 0x0000000706000000, 0x0000000706000000| Untracked 
|  24|0x0000000706200000, 0x0000000706200000, 0x0000000706400000|  0%| F|  |TAMS 0x0000000706200000, 0x0000000706200000| Untracked 
|  25|0x0000000706400000, 0x0000000706400000, 0x0000000706600000|  0%| F|  |TAMS 0x0000000706400000, 0x0000000706400000| Untracked 
|  26|0x0000000706600000, 0x0000000706600000, 0x0000000706800000|  0%| F|  |TAMS 0x0000000706600000, 0x0000000706600000| Untracked 
|  27|0x0000000706800000, 0x0000000706800000, 0x0000000706a00000|  0%| F|  |TAMS 0x0000000706800000, 0x0000000706800000| Untracked 
|  28|0x0000000706a00000, 0x0000000706a00000, 0x0000000706c00000|  0%| F|  |TAMS 0x0000000706a00000, 0x0000000706a00000| Untracked 
|  29|0x0000000706c00000, 0x0000000706c00000, 0x0000000706e00000|  0%| F|  |TAMS 0x0000000706c00000, 0x0000000706c00000| Untracked 
|  30|0x0000000706e00000, 0x0000000706e00000, 0x0000000707000000|  0%| F|  |TAMS 0x0000000706e00000, 0x0000000706e00000| Untracked 
|  31|0x0000000707000000, 0x0000000707000000, 0x0000000707200000|  0%| F|  |TAMS 0x0000000707000000, 0x0000000707000000| Untracked 
|  32|0x0000000707200000, 0x0000000707200000, 0x0000000707400000|  0%| F|  |TAMS 0x0000000707200000, 0x0000000707200000| Untracked 
|  33|0x0000000707400000, 0x0000000707400000, 0x0000000707600000|  0%| F|  |TAMS 0x0000000707400000, 0x0000000707400000| Untracked 
|  34|0x0000000707600000, 0x0000000707600000, 0x0000000707800000|  0%| F|  |TAMS 0x0000000707600000, 0x0000000707600000| Untracked 
|  35|0x0000000707800000, 0x0000000707800000, 0x0000000707a00000|  0%| F|  |TAMS 0x0000000707800000, 0x0000000707800000| Untracked 
|  36|0x0000000707a00000, 0x0000000707a00000, 0x0000000707c00000|  0%| F|  |TAMS 0x0000000707a00000, 0x0000000707a00000| Untracked 
|  37|0x0000000707c00000, 0x0000000707c00000, 0x0000000707e00000|  0%| F|  |TAMS 0x0000000707c00000, 0x0000000707c00000| Untracked 
|  38|0x0000000707e00000, 0x0000000707e5ebf0, 0x0000000708000000| 18%| E|  |TAMS 0x0000000707e00000, 0x0000000707e00000| Complete 
|  39|0x0000000708000000, 0x0000000708200000, 0x0000000708200000|100%| E|CS|TAMS 0x0000000708000000, 0x0000000708000000| Complete 
|  40|0x0000000708200000, 0x0000000708400000, 0x0000000708400000|100%| E|CS|TAMS 0x0000000708200000, 0x0000000708200000| Complete 
|  41|0x0000000708400000, 0x0000000708600000, 0x0000000708600000|100%| E|CS|TAMS 0x0000000708400000, 0x0000000708400000| Complete 
|  42|0x0000000708600000, 0x0000000708800000, 0x0000000708800000|100%| E|CS|TAMS 0x0000000708600000, 0x0000000708600000| Complete 
|  43|0x0000000708800000, 0x0000000708a00000, 0x0000000708a00000|100%| E|CS|TAMS 0x0000000708800000, 0x0000000708800000| Complete 
|  44|0x0000000708a00000, 0x0000000708c00000, 0x0000000708c00000|100%| E|CS|TAMS 0x0000000708a00000, 0x0000000708a00000| Complete 
|  45|0x0000000708c00000, 0x0000000708e00000, 0x0000000708e00000|100%| E|CS|TAMS 0x0000000708c00000, 0x0000000708c00000| Complete 
|  76|0x000000070ca00000, 0x000000070cc00000, 0x000000070cc00000|100%| E|CS|TAMS 0x000000070ca00000, 0x000000070ca00000| Complete 
|  77|0x000000070cc00000, 0x000000070ce00000, 0x000000070ce00000|100%| E|CS|TAMS 0x000000070cc00000, 0x000000070cc00000| Complete 
|  78|0x000000070ce00000, 0x000000070d000000, 0x000000070d000000|100%| E|CS|TAMS 0x000000070ce00000, 0x000000070ce00000| Complete 
| 126|0x0000000712e00000, 0x0000000713000000, 0x0000000713000000|100%| E|CS|TAMS 0x0000000712e00000, 0x0000000712e00000| Complete 

Card table byte_map: [0x000001a828020000,0x000001a828810000] _byte_map_base: 0x000001a824807000

Marking Bits (Prev, Next): (CMBitMap*) 0x000001a81cde0af0, (CMBitMap*) 0x000001a81cde0ab0
 Prev Bits: [0x000001a82cf40000, 0x000001a830e78000)
 Next Bits: [0x000001a829000000, 0x000001a82cf38000)

Polling page: 0x000001a81c530000

Metaspace:

Usage:
  Non-class:     50.78 MB used.
      Class:      8.22 MB used.
       Both:     59.00 MB used.

Virtual space:
  Non-class space:       64.00 MB reserved,      51.06 MB ( 80%) committed,  1 nodes.
      Class space:        1.00 GB reserved,       8.44 MB ( <1%) committed,  1 nodes.
             Both:        1.06 GB reserved,      59.50 MB (  5%) committed. 

Chunk freelists:
   Non-Class:  12.45 MB
       Class:  7.39 MB
        Both:  19.84 MB

MaxMetaspaceSize: unlimited
CompressedClassSpaceSize: 1.00 GB
Initial GC threshold: 21.00 MB
Current GC threshold: 84.62 MB
CDS: on
MetaspaceReclaimPolicy: balanced
 - commit_granule_bytes: 65536.
 - commit_granule_words: 8192.
 - virtual_space_node_default_size: 8388608.
 - enlarge_chunks_in_place: 1.
 - new_chunks_are_fully_committed: 0.
 - uncommit_free_chunks: 1.
 - use_allocation_guard: 0.
 - handle_deallocations: 1.


Internal statistics:

num_allocs_failed_limit: 12.
num_arena_births: 718.
num_arena_deaths: 0.
num_vsnodes_births: 2.
num_vsnodes_deaths: 0.
num_space_committed: 952.
num_space_uncommitted: 0.
num_chunks_returned_to_freelist: 12.
num_chunks_taken_from_freelist: 2793.
num_chunk_merges: 3.
num_chunk_splits: 2035.
num_chunks_enlarged: 1601.
num_inconsistent_stats: 0.

CodeCache: size=49152Kb used=10928Kb max_used=12220Kb free=38223Kb
 bounds [0x000001a824610000, 0x000001a825200000, 0x000001a827610000]
 total_blobs=6540 nmethods=5908 adapters=559
 compilation: enabled
              stopped_count=0, restarted_count=0
 full_count=0

Compilation events (20 events):
Event: 280.544 Thread 0x000001a83325e660 5900       1       java.lang.Double::doubleValue (5 bytes)
Event: 280.544 Thread 0x000001a83325e660 nmethod 5900 0x000001a824ac2f90 code [0x000001a824ac3120, 0x000001a824ac31f8]
Event: 280.544 Thread 0x000001a83325e660 5898       1       io.micrometer.common.ImmutableKeyValue::getKey (5 bytes)
Event: 280.544 Thread 0x000001a83325e660 nmethod 5898 0x000001a824ac2c90 code [0x000001a824ac2e20, 0x000001a824ac2ef8]
Event: 280.544 Thread 0x000001a83325e660 5901       1       java.io.StringReader::ensureOpen (18 bytes)
Event: 280.544 Thread 0x000001a83325e660 nmethod 5901 0x000001a824ac2910 code [0x000001a824ac2aa0, 0x000001a824ac2c08]
Event: 280.545 Thread 0x000001a83325e660 5902       1       java.nio.charset.CharsetDecoder::charset (5 bytes)
Event: 280.545 Thread 0x000001a83325e660 nmethod 5902 0x000001a824ac2610 code [0x000001a824ac27a0, 0x000001a824ac2878]
Event: 280.548 Thread 0x000001a83325e660 5903   !   1       ch.qos.logback.classic.spi.TurboFilterList::getTurboFilterChainDecision (119 bytes)
Event: 280.549 Thread 0x000001a83325e660 nmethod 5903 0x000001a824ac1d10 code [0x000001a824ac1f00, 0x000001a824ac22e8]
Event: 280.592 Thread 0x000001a83325e660 5904 %     1       java.util.Properties$LineReader::readLine @ 53 (584 bytes)
Event: 280.593 Thread 0x000001a83325e660 nmethod 5904% 0x000001a824abf410 code [0x000001a824abf6a0, 0x000001a824ac0a18]
Event: 280.593 Thread 0x000001a83325e660 5905       1       org.springframework.core.annotation.AnnotationTypeMapping$MirrorSets::updateFrom (148 bytes)
Event: 280.594 Thread 0x000001a83325e660 nmethod 5905 0x000001a824abe110 code [0x000001a824abe380, 0x000001a824abee98]
Event: 280.600 Thread 0x000001a83325e660 5906       1       org.apache.tomcat.util.http.MimeHeaderField::getValue (5 bytes)
Event: 280.600 Thread 0x000001a83325e660 nmethod 5906 0x000001a824abde10 code [0x000001a824abdfa0, 0x000001a824abe078]
Event: 280.652 Thread 0x000001a83325e660 5907       1       java.lang.reflect.Field::getFieldAccessor (35 bytes)
Event: 280.652 Thread 0x000001a83325e660 nmethod 5907 0x000001a824abcf10 code [0x000001a824abd0a0, 0x000001a824abd1a8]
Event: 280.652 Thread 0x000001a83325e660 5908       1       java.lang.reflect.Field::checkAccess (32 bytes)
Event: 280.652 Thread 0x000001a83325e660 nmethod 5908 0x000001a824abcb90 code [0x000001a824abcd20, 0x000001a824abce68]

GC Heap History (20 events):
Event: 1.599 GC heap before
{Heap before GC invocations=2 (full 0):
 garbage-first heap   total 260096K, used 96980K [0x0000000703200000, 0x0000000800000000)
  region size 2048K, 46 young (94208K), 2 survivors (4096K)
 Metaspace       used 21133K, committed 21504K, reserved 1114112K
  class space    used 2921K, committed 3072K, reserved 1048576K
}
Event: 1.605 GC heap after
{Heap after GC invocations=3 (full 0):
 garbage-first heap   total 260096K, used 15172K [0x0000000703200000, 0x0000000800000000)
  region size 2048K, 5 young (10240K), 5 survivors (10240K)
 Metaspace       used 21133K, committed 21504K, reserved 1114112K
  class space    used 2921K, committed 3072K, reserved 1048576K
}
Event: 2.016 GC heap before
{Heap before GC invocations=4 (full 0):
 garbage-first heap   total 69632K, used 45892K [0x0000000703200000, 0x0000000800000000)
  region size 2048K, 20 young (40960K), 5 survivors (10240K)
 Metaspace       used 25432K, committed 25792K, reserved 1114112K
  class space    used 3557K, committed 3712K, reserved 1048576K
}
Event: 2.024 GC heap after
{Heap after GC invocations=5 (full 0):
 garbage-first heap   total 69632K, used 18032K [0x0000000703200000, 0x0000000800000000)
  region size 2048K, 2 young (4096K), 2 survivors (4096K)
 Metaspace       used 25432K, committed 25792K, reserved 1114112K
  class space    used 3557K, committed 3712K, reserved 1048576K
}
Event: 2.091 GC heap before
{Heap before GC invocations=5 (full 0):
 garbage-first heap   total 69632K, used 20080K [0x0000000703200000, 0x0000000800000000)
  region size 2048K, 3 young (6144K), 2 survivors (4096K)
 Metaspace       used 26008K, committed 26432K, reserved 1114112K
  class space    used 3630K, committed 3840K, reserved 1048576K
}
Event: 2.094 GC heap after
{Heap after GC invocations=6 (full 0):
 garbage-first heap   total 69632K, used 17834K [0x0000000703200000, 0x0000000800000000)
  region size 2048K, 1 young (2048K), 1 survivors (2048K)
 Metaspace       used 26008K, committed 26432K, reserved 1114112K
  class space    used 3630K, committed 3840K, reserved 1048576K
}
Event: 2.498 GC heap before
{Heap before GC invocations=6 (full 0):
 garbage-first heap   total 69632K, used 44458K [0x0000000703200000, 0x0000000800000000)
  region size 2048K, 14 young (28672K), 1 survivors (2048K)
 Metaspace       used 30713K, committed 31168K, reserved 1114112K
  class space    used 4213K, committed 4416K, reserved 1048576K
}
Event: 2.503 GC heap after
{Heap after GC invocations=7 (full 0):
 garbage-first heap   total 86016K, used 19237K [0x0000000703200000, 0x0000000800000000)
  region size 2048K, 1 young (2048K), 1 survivors (2048K)
 Metaspace       used 30713K, committed 31168K, reserved 1114112K
  class space    used 4213K, committed 4416K, reserved 1048576K
}
Event: 2.759 GC heap before
{Heap before GC invocations=7 (full 0):
 garbage-first heap   total 86016K, used 39717K [0x0000000703200000, 0x0000000800000000)
  region size 2048K, 12 young (24576K), 1 survivors (2048K)
 Metaspace       used 35543K, committed 35968K, reserved 1114112K
  class space    used 4805K, committed 4992K, reserved 1048576K
}
Event: 2.762 GC heap after
{Heap after GC invocations=8 (full 0):
 garbage-first heap   total 86016K, used 21267K [0x0000000703200000, 0x0000000800000000)
  region size 2048K, 2 young (4096K), 2 survivors (4096K)
 Metaspace       used 35543K, committed 35968K, reserved 1114112K
  class space    used 4805K, committed 4992K, reserved 1048576K
}
Event: 3.475 GC heap before
{Heap before GC invocations=9 (full 0):
 garbage-first heap   total 81920K, used 64275K [0x0000000703200000, 0x0000000800000000)
  region size 2048K, 23 young (47104K), 2 survivors (4096K)
 Metaspace       used 45175K, committed 45632K, reserved 1114112K
  class space    used 6259K, committed 6464K, reserved 1048576K
}
Event: 3.478 GC heap after
{Heap after GC invocations=10 (full 0):
 garbage-first heap   total 81920K, used 23678K [0x0000000703200000, 0x0000000800000000)
  region size 2048K, 3 young (6144K), 3 survivors (6144K)
 Metaspace       used 45175K, committed 45632K, reserved 1114112K
  class space    used 6259K, committed 6464K, reserved 1048576K
}
Event: 3.513 GC heap before
{Heap before GC invocations=10 (full 0):
 garbage-first heap   total 81920K, used 25726K [0x0000000703200000, 0x0000000800000000)
  region size 2048K, 4 young (8192K), 3 survivors (6144K)
 Metaspace       used 45604K, committed 46016K, reserved 1114112K
  class space    used 6350K, committed 6528K, reserved 1048576K
}
Event: 3.516 GC heap after
{Heap after GC invocations=11 (full 0):
 garbage-first heap   total 81920K, used 23714K [0x0000000703200000, 0x0000000800000000)
  region size 2048K, 1 young (2048K), 1 survivors (2048K)
 Metaspace       used 45604K, committed 46016K, reserved 1114112K
  class space    used 6350K, committed 6528K, reserved 1048576K
}
Event: 4.007 GC heap before
{Heap before GC invocations=11 (full 0):
 garbage-first heap   total 81920K, used 60578K [0x0000000703200000, 0x0000000800000000)
  region size 2048K, 19 young (38912K), 1 survivors (2048K)
 Metaspace       used 51367K, committed 51840K, reserved 1114112K
  class space    used 7214K, committed 7424K, reserved 1048576K
}
Event: 4.010 GC heap after
{Heap after GC invocations=12 (full 0):
 garbage-first heap   total 81920K, used 25372K [0x0000000703200000, 0x0000000800000000)
  region size 2048K, 2 young (4096K), 2 survivors (4096K)
 Metaspace       used 51367K, committed 51840K, reserved 1114112K
  class space    used 7214K, committed 7424K, reserved 1048576K
}
Event: 4.298 GC heap before
{Heap before GC invocations=13 (full 0):
 garbage-first heap   total 81920K, used 60188K [0x0000000703200000, 0x0000000800000000)
  region size 2048K, 19 young (38912K), 2 survivors (4096K)
 Metaspace       used 53058K, committed 53568K, reserved 1114112K
  class space    used 7483K, committed 7744K, reserved 1048576K
}
Event: 4.301 GC heap after
{Heap after GC invocations=14 (full 0):
 garbage-first heap   total 81920K, used 27796K [0x0000000703200000, 0x0000000800000000)
  region size 2048K, 3 young (6144K), 3 survivors (6144K)
 Metaspace       used 53058K, committed 53568K, reserved 1114112K
  class space    used 7483K, committed 7744K, reserved 1048576K
}
Event: 4.605 GC heap before
{Heap before GC invocations=14 (full 0):
 garbage-first heap   total 81920K, used 60564K [0x0000000703200000, 0x0000000800000000)
  region size 2048K, 20 young (40960K), 3 survivors (6144K)
 Metaspace       used 55221K, committed 55808K, reserved 1114112K
  class space    used 7799K, committed 8064K, reserved 1048576K
}
Event: 4.609 GC heap after
{Heap after GC invocations=15 (full 0):
 garbage-first heap   total 102400K, used 30812K [0x0000000703200000, 0x0000000800000000)
  region size 2048K, 3 young (6144K), 3 survivors (6144K)
 Metaspace       used 55221K, committed 55808K, reserved 1114112K
  class space    used 7799K, committed 8064K, reserved 1048576K
}

Deoptimization events (10 events):
Event: 1.797 Thread 0x000001a81cd6f3b0 DEOPT PACKING pc=0x000001a824e17d95 sp=0x0000007257dfdb00
Event: 1.797 Thread 0x000001a81cd6f3b0 DEOPT UNPACKING pc=0x000001a8246666e3 sp=0x0000007257dfd0a8 mode 0
Event: 2.153 Thread 0x000001a81cd6f3b0 DEOPT PACKING pc=0x000001a824b8d42c sp=0x0000007257dfd5e0
Event: 2.153 Thread 0x000001a81cd6f3b0 DEOPT UNPACKING pc=0x000001a8246666e3 sp=0x0000007257dfcaa8 mode 0
Event: 2.506 Thread 0x000001a81cd6f3b0 DEOPT PACKING pc=0x000001a824b67989 sp=0x0000007257dfe700
Event: 2.506 Thread 0x000001a81cd6f3b0 DEOPT UNPACKING pc=0x000001a8246666e3 sp=0x0000007257dfdb90 mode 3
Event: 2.506 Thread 0x000001a87a24e1b0 DEOPT PACKING pc=0x000001a824b4fd1f sp=0x0000007259aff0d0
Event: 2.506 Thread 0x000001a87a24e1b0 DEOPT UNPACKING pc=0x000001a8246666e3 sp=0x0000007259afe528 mode 3
Event: 3.864 Thread 0x000001a81cd6f3b0 DEOPT PACKING pc=0x000001a824bb0552 sp=0x0000007257dfb9e0
Event: 3.864 Thread 0x000001a81cd6f3b0 DEOPT UNPACKING pc=0x000001a8246666e3 sp=0x0000007257dfaee8 mode 3

Classes unloaded (0 events):
No events

Classes redefined (0 events):
No events

Internal exceptions (20 events):
Event: 3.861 Thread 0x000001a81cd6f3b0 Exception <a 'java/lang/IncompatibleClassChangeError'{0x00000007068171b0}: Found class java.lang.Object, but interface was expected> (0x00000007068171b0) 
thrown [s\open\src\hotspot\share\interpreter\linkResolver.cpp, line 826]
Event: 4.092 Thread 0x000001a81cd6f3b0 Exception <a 'sun/nio/fs/WindowsException'{0x000000070788c818}> (0x000000070788c818) 
thrown [s\open\src\hotspot\share\prims\jni.cpp, line 516]
Event: 4.142 Thread 0x000001a81cd6f3b0 Exception <a 'java/lang/IncompatibleClassChangeError'{0x0000000707059c88}: Found class java.lang.Object, but interface was expected> (0x0000000707059c88) 
thrown [s\open\src\hotspot\share\interpreter\linkResolver.cpp, line 826]
Event: 4.171 Thread 0x000001a81cd6f3b0 Exception <a 'java/lang/NoSuchMethodError'{0x0000000706ec9348}: 'void java.lang.invoke.DirectMethodHandle$Holder.invokeVirtual(java.lang.Object, java.lang.Object, long)'> (0x0000000706ec9348) 
thrown [s\open\src\hotspot\share\interpreter\linkResolver.cpp, line 759]
Event: 4.263 Thread 0x000001a81cd6f3b0 Exception <a 'java/lang/IncompatibleClassChangeError'{0x00000007062af4c0}: Found class java.lang.Object, but interface was expected> (0x00000007062af4c0) 
thrown [s\open\src\hotspot\share\interpreter\linkResolver.cpp, line 826]
Event: 4.284 Thread 0x000001a81cd6f3b0 Exception <a 'java/lang/NoSuchMethodError'{0x00000007060f08d0}: 'java.lang.Object java.lang.invoke.DirectMethodHandle$Holder.newInvokeSpecial(java.lang.Object, java.lang.Object, java.lang.Object, java.lang.Object, java.lang.Object, java.lang.Object, java.lang.Object, java.lang.Object, java.lang.Object)'> (0x00000007060f08d0) 
thrown [s\open\src\hotspot\share\interpreter\linkResolver.cpp, line 759]
Event: 4.285 Thread 0x000001a81cd6f3b0 Exception <a 'java/lang/NoSuchMethodError'{0x00000007060f55c8}: 'java.lang.Object java.lang.invoke.Invokers$Holder.linkToTargetMethod(java.lang.Object, java.lang.Object, java.lang.Object, java.lang.Object, java.lang.Object, java.lang.Object, java.lang.Object, java.lang.Object, java.lang.Object)'> (0x00000007060f55c8) 
thrown [s\open\src\hotspot\share\interpreter\linkResolver.cpp, line 759]
Event: 4.416 Thread 0x000001a81cd6f3b0 Exception <a 'java/lang/NoSuchMethodError'{0x0000000707411710}: 'double java.lang.invoke.DirectMethodHandle$Holder.invokeStatic(java.lang.Object, java.lang.Object)'> (0x0000000707411710) 
thrown [s\open\src\hotspot\share\interpreter\linkResolver.cpp, line 759]
Event: 4.418 Thread 0x000001a81cd6f3b0 Exception <a 'java/lang/NoSuchMethodError'{0x000000070743ecc0}: 'int java.lang.invoke.DirectMethodHandle$Holder.invokeStatic(java.lang.Object, java.lang.Object, java.lang.Object, java.lang.Object, java.lang.Object)'> (0x000000070743ecc0) 
thrown [s\open\src\hotspot\share\interpreter\linkResolver.cpp, line 759]
Event: 4.537 Thread 0x000001a81cd6f3b0 Exception <a 'java/lang/NoSuchMethodError'{0x000000070673c9a8}: 'void java.lang.invoke.DirectMethodHandle$Holder.invokeStatic(java.lang.Object, java.lang.Object, double)'> (0x000000070673c9a8) 
thrown [s\open\src\hotspot\share\interpreter\linkResolver.cpp, line 759]
Event: 4.544 Thread 0x000001a81cd6f3b0 Exception <a 'java/lang/NoSuchMethodError'{0x0000000706798170}: 'double java.lang.invoke.DirectMethodHandle$Holder.invokeStatic(java.lang.Object, java.lang.Object, java.lang.Object)'> (0x0000000706798170) 
thrown [s\open\src\hotspot\share\interpreter\linkResolver.cpp, line 759]
Event: 4.562 Thread 0x000001a81cd6f3b0 Exception <a 'java/lang/IncompatibleClassChangeError'{0x00000007064a2718}: Found class java.lang.Object, but interface was expected> (0x00000007064a2718) 
thrown [s\open\src\hotspot\share\interpreter\linkResolver.cpp, line 826]
Event: 4.566 Thread 0x000001a81cd6f3b0 Exception <a 'java/lang/NoSuchMethodError'{0x00000007064cc2b8}: 'java.lang.Object java.lang.invoke.DirectMethodHandle$Holder.newInvokeSpecial(java.lang.Object, java.lang.Object, int, java.lang.Object, java.lang.Object)'> (0x00000007064cc2b8) 
thrown [s\open\src\hotspot\share\interpreter\linkResolver.cpp, line 759]
Event: 4.610 Thread 0x000001a81cd6f3b0 Exception <a 'java/lang/NoSuchMethodError'{0x0000000712ef8578}: 'java.lang.Object java.lang.invoke.DirectMethodHandle$Holder.newInvokeSpecial(java.lang.Object, java.lang.Object, java.lang.Object, java.lang.Object, java.lang.Object, java.lang.Object, java.lang.Object, int)'> (0x0000000712ef8578) 
thrown [s\open\src\hotspot\share\interpreter\linkResolver.cpp, line 759]
Event: 4.610 Thread 0x000001a81cd6f3b0 Exception <a 'java/lang/NoSuchMethodError'{0x0000000712efd570}: 'java.lang.Object java.lang.invoke.DirectMethodHandle$Holder.invokeSpecial(java.lang.Object, java.lang.Object, java.lang.Object, java.lang.Object, java.lang.Object, java.lang.Object, java.lang.Object, java.lang.Object, int)'> (0x0000000712efd570) 
thrown [s\open\src\hotspot\share\interpreter\linkResolver.cpp, line 759]
Event: 4.610 Thread 0x000001a81cd6f3b0 Exception <a 'java/lang/NoSuchMethodError'{0x0000000712f02038}: 'java.lang.Object java.lang.invoke.Invokers$Holder.linkToTargetMethod(java.lang.Object, java.lang.Object, java.lang.Object, java.lang.Object, java.lang.Object, java.lang.Object, int, java.lang.Object)'> (0x0000000712f02038) 
thrown [s\open\src\hotspot\share\interpreter\linkResolver.cpp, line 759]
Event: 4.615 Thread 0x000001a833a92a60 Exception <a 'java/lang/NoSuchMethodError'{0x0000000712e1bd38}: 'long java.lang.invoke.DirectMethodHandle$Holder.invokeStatic(java.lang.Object, java.lang.Object, java.lang.Object)'> (0x0000000712e1bd38) 
thrown [s\open\src\hotspot\share\interpreter\linkResolver.cpp, line 759]
Event: 4.743 Thread 0x000001a81cd6f3b0 Exception <a 'java/lang/IncompatibleClassChangeError'{0x000000070ca6f8a8}: Found class java.lang.Object, but interface was expected> (0x000000070ca6f8a8) 
thrown [s\open\src\hotspot\share\interpreter\linkResolver.cpp, line 826]
Event: 4.753 Thread 0x000001a87a355a80 Exception <a 'java/lang/NoSuchMethodError'{0x0000000708c63720}: 'java.lang.Object java.lang.invoke.DirectMethodHandle$Holder.invokeSpecial(java.lang.Object, java.lang.Object, java.lang.Object, java.lang.Object, java.lang.Object, long)'> (0x0000000708c63720) 
thrown [s\open\src\hotspot\share\interpreter\linkResolver.cpp, line 759]
Event: 4.753 Thread 0x000001a87a355a80 Exception <a 'java/lang/NoSuchMethodError'{0x0000000708c67160}: 'java.lang.Object java.lang.invoke.Invokers$Holder.linkToTargetMethod(java.lang.Object, java.lang.Object, java.lang.Object, long, java.lang.Object)'> (0x0000000708c67160) 
thrown [s\open\src\hotspot\share\interpreter\linkResolver.cpp, line 759]

VM Operations (20 events):
Event: 193.160 Executing VM operation: Cleanup
Event: 193.160 Executing VM operation: Cleanup done
Event: 202.236 Executing VM operation: Cleanup
Event: 202.236 Executing VM operation: Cleanup done
Event: 204.259 Executing VM operation: Cleanup
Event: 204.259 Executing VM operation: Cleanup done
Event: 213.335 Executing VM operation: Cleanup
Event: 213.335 Executing VM operation: Cleanup done
Event: 263.688 Executing VM operation: Cleanup
Event: 263.688 Executing VM operation: Cleanup done
Event: 280.507 Executing VM operation: HandshakeAllThreads
Event: 280.507 Executing VM operation: HandshakeAllThreads done
Event: 280.507 Executing VM operation: Cleanup
Event: 280.507 Executing VM operation: Cleanup done
Event: 280.613 Executing VM operation: HandshakeAllThreads
Event: 280.613 Executing VM operation: HandshakeAllThreads done
Event: 280.640 Executing VM operation: HandshakeAllThreads
Event: 280.640 Executing VM operation: HandshakeAllThreads done
Event: 280.649 Executing VM operation: HandshakeAllThreads
Event: 280.650 Executing VM operation: HandshakeAllThreads done

Events (20 events):
Event: 280.495 loading class java/util/concurrent/ArrayBlockingQueue done
Event: 280.495 loading class java/util/concurrent/ArrayBlockingQueue$Itr
Event: 280.495 loading class java/util/concurrent/ArrayBlockingQueue$Itr done
Event: 280.504 loading class java/time/format/DateTimeFormatterBuilder$ZoneTextPrinterParser
Event: 280.504 loading class java/time/format/DateTimeFormatterBuilder$ZoneTextPrinterParser done
Event: 280.504 loading class java/time/format/DateTimeFormatterBuilder$ReducedPrinterParser
Event: 280.504 loading class java/time/format/DateTimeFormatterBuilder$ReducedPrinterParser done
Event: 280.506 loading class java/util/ArrayDeque$DescendingIterator
Event: 280.506 loading class java/util/ArrayDeque$DescendingIterator done
Event: 280.600 loading class java/io/PushbackInputStream
Event: 280.600 loading class java/io/PushbackInputStream done
Event: 280.601 loading class java/util/OptionalLong
Event: 280.601 loading class java/util/OptionalLong done
Event: 280.601 loading class java/util/OptionalDouble
Event: 280.601 loading class java/util/OptionalDouble done
Event: 280.604 loading class org/w3c/dom/Node
Event: 280.604 loading class org/w3c/dom/Node done
Event: 280.604 loading class org/w3c/dom/Document
Event: 280.604 loading class org/w3c/dom/Document done
Event: 280.666 Loaded shared library C:\Windows\System32\dpuareu_jni.dll


Dynamic libraries:
0x00007ff6bde00000 - 0x00007ff6bde10000 	D:\Program Files\Java\jdk-17\bin\java.exe
0x00007ffd97050000 - 0x00007ffd97267000 	C:\WINDOWS\SYSTEM32\ntdll.dll
0x00007ffd95a80000 - 0x00007ffd95b44000 	C:\WINDOWS\System32\KERNEL32.DLL
0x00007ffd94510000 - 0x00007ffd948ca000 	C:\WINDOWS\System32\KERNELBASE.dll
0x00007ffd94c00000 - 0x00007ffd94d11000 	C:\WINDOWS\System32\ucrtbase.dll
0x00007ffd8b860000 - 0x00007ffd8b879000 	D:\Program Files\Java\jdk-17\bin\jli.dll
0x00007ffd82df0000 - 0x00007ffd82e0b000 	D:\Program Files\Java\jdk-17\bin\VCRUNTIME140.dll
0x00007ffd966c0000 - 0x00007ffd96772000 	C:\WINDOWS\System32\ADVAPI32.dll
0x00007ffd96460000 - 0x00007ffd96507000 	C:\WINDOWS\System32\msvcrt.dll
0x00007ffd962f0000 - 0x00007ffd96397000 	C:\WINDOWS\System32\sechost.dll
0x00007ffd94970000 - 0x00007ffd94998000 	C:\WINDOWS\System32\bcrypt.dll
0x00007ffd95b60000 - 0x00007ffd95c74000 	C:\WINDOWS\System32\RPCRT4.dll
0x00007ffd95700000 - 0x00007ffd958ae000 	C:\WINDOWS\System32\USER32.dll
0x00007ffd94d20000 - 0x00007ffd94d46000 	C:\WINDOWS\System32\win32u.dll
0x00007ffd94d50000 - 0x00007ffd94d79000 	C:\WINDOWS\System32\GDI32.dll
0x00007ffd751f0000 - 0x00007ffd75482000 	C:\WINDOWS\WinSxS\amd64_microsoft.windows.common-controls_6595b64144ccf1df_6.0.22621.4541_none_2710d1c57384c085\COMCTL32.dll
0x00007ffd949a0000 - 0x00007ffd94abb000 	C:\WINDOWS\System32\gdi32full.dll
0x00007ffd948d0000 - 0x00007ffd9496a000 	C:\WINDOWS\System32\msvcp_win.dll
0x00007ffd8dc80000 - 0x00007ffd8dc8a000 	C:\WINDOWS\SYSTEM32\VERSION.dll
0x00007ffd95a30000 - 0x00007ffd95a61000 	C:\WINDOWS\System32\IMM32.DLL
0x00007ffd8d4e0000 - 0x00007ffd8d4ec000 	D:\Program Files\Java\jdk-17\bin\vcruntime140_1.dll
0x00007ffd0c400000 - 0x00007ffd0c48e000 	D:\Program Files\Java\jdk-17\bin\msvcp140.dll
0x00007ffcf2170000 - 0x00007ffcf2d4f000 	D:\Program Files\Java\jdk-17\bin\server\jvm.dll
0x00007ffd963a0000 - 0x00007ffd963a8000 	C:\WINDOWS\System32\PSAPI.DLL
0x00007ffd90c70000 - 0x00007ffd90c79000 	C:\WINDOWS\SYSTEM32\WSOCK32.dll
0x00007ffd90040000 - 0x00007ffd90074000 	C:\WINDOWS\SYSTEM32\WINMM.dll
0x00007ffd959b0000 - 0x00007ffd95a21000 	C:\WINDOWS\System32\WS2_32.dll
0x00007ffd93410000 - 0x00007ffd93428000 	C:\WINDOWS\SYSTEM32\kernel.appcore.dll
0x00007ffd8b850000 - 0x00007ffd8b85a000 	D:\Program Files\Java\jdk-17\bin\jimage.dll
0x00007ffd8f8b0000 - 0x00007ffd8fae2000 	C:\WINDOWS\SYSTEM32\DBGHELP.DLL
0x00007ffd94d80000 - 0x00007ffd9510f000 	C:\WINDOWS\System32\combase.dll
0x00007ffd95340000 - 0x00007ffd95417000 	C:\WINDOWS\System32\OLEAUT32.dll
0x00007ffd8c260000 - 0x00007ffd8c292000 	C:\WINDOWS\SYSTEM32\dbgcore.DLL
0x00007ffd94b80000 - 0x00007ffd94bfb000 	C:\WINDOWS\System32\bcryptPrimitives.dll
0x00007ffd23e70000 - 0x00007ffd23e95000 	D:\Program Files\Java\jdk-17\bin\java.dll
0x00007ffd0c490000 - 0x00007ffd0c567000 	D:\Program Files\Java\jdk-17\bin\jsvml.dll
0x00007ffd96790000 - 0x00007ffd97008000 	C:\WINDOWS\System32\SHELL32.dll
0x00007ffd92220000 - 0x00007ffd92b28000 	C:\WINDOWS\SYSTEM32\windows.storage.dll
0x00007ffd920e0000 - 0x00007ffd9221f000 	C:\WINDOWS\SYSTEM32\wintypes.dll
0x00007ffd95110000 - 0x00007ffd9520a000 	C:\WINDOWS\System32\SHCORE.dll
0x00007ffd95280000 - 0x00007ffd952de000 	C:\WINDOWS\System32\shlwapi.dll
0x00007ffd94250000 - 0x00007ffd9427b000 	C:\WINDOWS\SYSTEM32\profapi.dll
0x00007ffd7cd00000 - 0x00007ffd7cd19000 	D:\Program Files\Java\jdk-17\bin\net.dll
0x00007ffd91100000 - 0x00007ffd91236000 	C:\WINDOWS\SYSTEM32\WINHTTP.dll
0x00007ffd93890000 - 0x00007ffd938f9000 	C:\WINDOWS\system32\mswsock.dll
0x00007ffd46f40000 - 0x00007ffd46f56000 	D:\Program Files\Java\jdk-17\bin\nio.dll
0x00007ffd46ee0000 - 0x00007ffd46ef8000 	D:\Program Files\Java\jdk-17\bin\zip.dll
0x00007ffd90e10000 - 0x00007ffd90e1e000 	D:\Program Files\Java\jdk-17\bin\sunmscapi.dll
0x00007ffd94320000 - 0x00007ffd94486000 	C:\WINDOWS\System32\CRYPT32.dll
0x00007ffd93cc0000 - 0x00007ffd93ced000 	C:\WINDOWS\SYSTEM32\ncrypt.dll
0x00007ffd93c80000 - 0x00007ffd93cb7000 	C:\WINDOWS\SYSTEM32\NTASN1.dll
0x00007ffd93ab0000 - 0x00007ffd93acb000 	C:\WINDOWS\SYSTEM32\CRYPTSP.dll
0x00007ffd93370000 - 0x00007ffd933a5000 	C:\WINDOWS\system32\rsaenh.dll
0x00007ffd93950000 - 0x00007ffd93978000 	C:\WINDOWS\SYSTEM32\USERENV.dll
0x00007ffd93ad0000 - 0x00007ffd93adc000 	C:\WINDOWS\SYSTEM32\CRYPTBASE.dll
0x00007ffd92e00000 - 0x00007ffd92e2d000 	C:\WINDOWS\SYSTEM32\IPHLPAPI.DLL
0x00007ffd95b50000 - 0x00007ffd95b59000 	C:\WINDOWS\System32\NSI.dll
0x00007ffd90020000 - 0x00007ffd90039000 	C:\WINDOWS\SYSTEM32\dhcpcsvc6.DLL
0x00007ffd8ffe0000 - 0x00007ffd8ffff000 	C:\WINDOWS\SYSTEM32\dhcpcsvc.DLL
0x00007ffd92e30000 - 0x00007ffd92f32000 	C:\WINDOWS\SYSTEM32\DNSAPI.dll
0x00007ffd8a790000 - 0x00007ffd8a79a000 	D:\Program Files\Java\jdk-17\bin\management.dll
0x00007ffd8a780000 - 0x00007ffd8a78b000 	D:\Program Files\Java\jdk-17\bin\management_ext.dll
0x00007ffd8b0d0000 - 0x00007ffd8b0e0000 	D:\Program Files\Java\jdk-17\bin\verify.dll
0x00007ffd77b00000 - 0x00007ffd77b08000 	C:\WINDOWS\system32\wshunix.dll
0x00007ffd20d80000 - 0x00007ffd20db1000 	C:\Windows\System32\dpuareu_jni.dll
0x00007ffd96510000 - 0x00007ffd966b5000 	C:\WINDOWS\System32\ole32.dll
0x00007ffd1f690000 - 0x00007ffd1f6f6000 	C:\WINDOWS\SYSTEM32\dpfj.dll
0x00007ffd1f640000 - 0x00007ffd1f682000 	C:\WINDOWS\SYSTEM32\dpfr6.dll

dbghelp: loaded successfully - version: 4.0.5 - missing functions: none
symbol engine: initialized successfully - sym options: 0x614 - pdb path: .;D:\Program Files\Java\jdk-17\bin;C:\WINDOWS\SYSTEM32;C:\WINDOWS\WinSxS\amd64_microsoft.windows.common-controls_6595b64144ccf1df_6.0.22621.4541_none_2710d1c57384c085;D:\Program Files\Java\jdk-17\bin\server

VM Arguments:
jvm_args: -XX:TieredStopAtLevel=1 
java_command: com.example.fingerprint_service.FingerprintServiceApplication
java_class_path (initial): C:\Users\crisi\Desktop\Extension\Final\fingerprint-service\target\classes;C:\Users\crisi\.m2\repository\org\springframework\boot\spring-boot\3.3.4\spring-boot-3.3.4.jar;C:\Users\crisi\.m2\repository\org\springframework\boot\spring-boot-autoconfigure\3.3.4\spring-boot-autoconfigure-3.3.4.jar;C:\Users\crisi\.m2\repository\ch\qos\logback\logback-classic\1.5.8\logback-classic-1.5.8.jar;C:\Users\crisi\.m2\repository\ch\qos\logback\logback-core\1.5.8\logback-core-1.5.8.jar;C:\Users\crisi\.m2\repository\org\apache\logging\log4j\log4j-to-slf4j\2.23.1\log4j-to-slf4j-2.23.1.jar;C:\Users\crisi\.m2\repository\org\apache\logging\log4j\log4j-api\2.23.1\log4j-api-2.23.1.jar;C:\Users\crisi\.m2\repository\org\slf4j\jul-to-slf4j\2.0.16\jul-to-slf4j-2.0.16.jar;C:\Users\crisi\.m2\repository\org\yaml\snakeyaml\2.2\snakeyaml-2.2.jar;C:\Users\crisi\.m2\repository\org\springframework\boot\spring-boot-actuator-autoconfigure\3.3.4\spring-boot-actuator-autoconfigure-3.3.4.jar;C:\Users\crisi\.m2\repository\org\springframework\boot\spring-boot-actuator\3.3.4\spring-boot-actuator-3.3.4.jar;C:\Users\crisi\.m2\repository\com\fasterxml\jackson\core\jackson-databind\2.17.2\jackson-databind-2.17.2.jar;C:\Users\crisi\.m2\repository\com\fasterxml\jackson\core\jackson-annotations\2.17.2\jackson-annotations-2.17.2.jar;C:\Users\crisi\.m2\repository\com\fasterxml\jackson\core\jackson-core\2.17.2\jackson-core-2.17.2.jar;C:\Users\crisi\.m2\repository\com\fasterxml\jackson\datatype\jackson-datatype-jsr310\2.17.2\jackson-datatype-jsr310-2.17.2.jar;C:\Users\crisi\.m2\repository\io\micrometer\micrometer-observation\1.13.4\micrometer-observation-1.13.4.jar;C:\Users\crisi\.m2\repository\io\micrometer\micrometer-commons\1.13.4\micrometer-commons-1.13.4.jar;C:\Users\crisi\.m2\repository\io\micrometer\micrometer-jakarta9\1.13.4\micrometer-jakarta9-1.13.4.jar;C:\Users\crisi\.m2\repository\io\micrometer\micrometer-core\1.13.4\micrometer-core-1.13.4.jar;C:\Users\crisi\.m2\repository\org\hdrh
Launcher Type: SUN_STANDARD

[Global flags]
     intx CICompilerCount                          = 4                                         {product} {ergonomic}
     uint ConcGCThreads                            = 2                                         {product} {ergonomic}
     uint G1ConcRefinementThreads                  = 8                                         {product} {ergonomic}
   size_t G1HeapRegionSize                         = 2097152                                   {product} {ergonomic}
    uintx GCDrainStackTargetSize                   = 64                                        {product} {ergonomic}
   size_t InitialHeapSize                          = 266338304                                 {product} {ergonomic}
   size_t MarkStackSize                            = 4194304                                   {product} {ergonomic}
   size_t MaxHeapSize                              = 4242538496                                {product} {ergonomic}
   size_t MaxNewSize                               = 2543845376                                {product} {ergonomic}
   size_t MinHeapDeltaBytes                        = 2097152                                   {product} {ergonomic}
   size_t MinHeapSize                              = 8388608                                   {product} {ergonomic}
    uintx NonProfiledCodeHeapSize                  = 0                                      {pd product} {ergonomic}
     bool ProfileInterpreter                       = false                                  {pd product} {command line}
    uintx ProfiledCodeHeapSize                     = 0                                      {pd product} {ergonomic}
   size_t SoftMaxHeapSize                          = 4242538496                             {manageable} {ergonomic}
     intx TieredStopAtLevel                        = 1                                         {product} {command line}
     bool UseCompressedClassPointers               = true                           {product lp64_product} {ergonomic}
     bool UseCompressedOops                        = true                           {product lp64_product} {ergonomic}
     bool UseG1GC                                  = true                                      {product} {ergonomic}
     bool UseLargePagesIndividualAllocation        = false                                  {pd product} {ergonomic}

Logging:
Log output configuration:
 #0: stdout all=warning uptime,level,tags
 #1: stderr all=off uptime,level,tags

Environment Variables:
PATH=C:\Users\crisi\bin;C:\Program Files\Git\mingw64\bin;C:\Program Files\Git\usr\local\bin;C:\Program Files\Git\usr\bin;C:\Program Files\Git\usr\bin;C:\Program Files\Git\mingw64\bin;C:\Program Files\Git\usr\bin;C:\Users\crisi\bin;C:\Windows\System32\HWAudioDriverLibs;C:\Windows\system32;C:\Windows;C:\Windows\System32\Wbem;C:\Windows\System32\WindowsPowerShell\v1.0;C:\Windows\System32\OpenSSH;C:\Windows\system32\config\systemprofile\AppData\Local\Microsoft\WindowsApps;C:\WINDOWS\system32;C:\WINDOWS;C:\WINDOWS\System32\Wbem;C:\WINDOWS\System32\WindowsPowerShell\v1.0;C:\WINDOWS\System32\OpenSSH;C:\sqlite3;C:\Program Files\Microsoft SQL Server\Client SDK\ODBC\170\Tools\Binn;C:\Program Files (x86)\Microsoft SQL Server\150\Tools\Binn;C:\Program Files\Microsoft SQL Server\150\Tools\Binn;C:\Program Files\Microsoft SQL Server\150\DTS\Binn;C:\Program Files\Git\cmd;C:\Program Files\dotnet;D:\Program Files\Java\jdk-17\bin;C:\Program Files\nodejs;D:\Program Files (x86)\Windows Kits\10\Windows Performance Toolkit;C:\ProgramData\chocolatey\bin;D:\Program Files\MySQL\MySQL Shell 8.0\bin;C:\Users\crisi\AppData\Local\Programs\Python\Python310\Scripts;C:\Users\crisi\AppData\Local\Programs\Python\Python310;C:\Users\crisi\.console-ninja\.bin;C:\Users\crisi\AppData\Local\Microsoft\WindowsApps;C:\Users\crisi\AppData\Local\Programs\Microsoft VS Code\bin;C:\Users\crisi\.dotnet\tools;C:\Users\crisi\AppData\Local\GitHubDesktop\bin;D:\flutter\bin;D:\Android\platform-tools;C:\Users\crisi\AppData\Roaming\npm;D:\Downloads\Installer\apache-maven-3.9.9-bin\apache-maven-3.9.9\bin;C:\Users\crisi\AppData\Local\Google\Cloud SDK\google-cloud-sdk\bin;C:\Program Files\Git\usr\bin\vendor_perl;C:\Program Files\Git\usr\bin\core_perl
USERNAME=crisi
SHELL=C:\Program Files\Git\usr\bin\bash.exe
DISPLAY=needs-to-be-defined
LANG=en_US.UTF-8
OS=Windows_NT
PROCESSOR_IDENTIFIER=Intel64 Family 6 Model 140 Stepping 1, GenuineIntel



---------------  S Y S T E M  ---------------

OS:
 Windows 11 , 64 bit Build 22621 (10.0.22621.4391)
OS uptime: 0 days 14:24 hours
Hyper-V role detected

CPU: total 8 (initial active 8) (4 cores per cpu, 2 threads per core) family 6 model 140 stepping 1 microcode 0x8a, cx8, cmov, fxsr, ht, mmx, 3dnowpref, sse, sse2, sse3, ssse3, sse4.1, sse4.2, popcnt, lzcnt, tsc, tscinvbit, avx, avx2, aes, erms, clmul, bmi1, bmi2, adx, avx512f, avx512dq, avx512cd, avx512bw, avx512vl, sha, fma, vzeroupper, avx512_vpopcntdq, avx512_vpclmulqdq, avx512_vaes, avx512_vnni, clflush, clflushopt, clwb, avx512_vbmi2, avx512_vbmi, hv

Memory: 4k page, system-wide physical 16183M (1948M free)
TotalPageFile size 27301M (AvailPageFile size 4513M)
current process WorkingSet (physical memory assigned to process): 230M, peak: 230M
current process commit charge ("private bytes"): 278M, peak: 379M

vm_info: Java HotSpot(TM) 64-Bit Server VM (17.0.10+11-LTS-240) for windows-amd64 JRE (17.0.10+11-LTS-240), built on Dec 19 2023 21:47:25 by "mach5one" with MS VC++ 17.1 (VS2022)

END.
