#
# A fatal error has been detected by the Java Runtime Environment:
#
#  EXCEPTION_ACCESS_VIOLATION (0xc0000005) at pc=0x00007ffd684756f8, pid=13484, tid=20952
#
# JRE version: Java(TM) SE Runtime Environment (17.0.10+11) (build 17.0.10+11-LTS-240)
# Java VM: Java HotSpot(TM) 64-Bit Server VM (17.0.10+11-LTS-240, mixed mode, emulated-client, sharing, tiered, compressed oops, compressed class ptrs, g1 gc, windows-amd64)
# Problematic frame:
# C  [dpfj.dll+0x56f8]
#
# No core dump will be written. Minidumps are not enabled by default on client versions of Windows
#
# If you would like to submit a bug report, please visit:
#   https://bugreport.java.com/bugreport/crash.jsp
# The crash happened outside the Java Virtual Machine in native code.
# See problematic frame for where to report the bug.
#

---------------  S U M M A R Y ------------

Command Line: -XX:TieredStopAtLevel=1 com.example.fingerprint_service.FingerprintServiceApplication

Host: 11th Gen Intel(R) Core(TM) i5-1135G7 @ 2.40GHz, 8 cores, 15G,  Windows 11 , 64 bit Build 22621 (10.0.22621.4391)
Time: Thu Dec 12 04:59:34 2024 Malay Peninsula Standard Time elapsed time: 18.856256 seconds (0d 0h 0m 18s)

---------------  T H R E A D  ---------------

Current thread (0x0000023818179a00):  JavaThread "https-jsse-nio-8080-exec-9" daemon [_thread_in_native, id=20952, stack(0x000000b321a00000,0x000000b321b00000)]

Stack: [0x000000b321a00000,0x000000b321b00000],  sp=0x000000b321afc7f8,  free space=1009k
Native frames: (J=compiled Java code, j=interpreted, Vv=VM code, C=native code)
C  [dpfj.dll+0x56f8]

Java frames: (J=compiled Java code, j=interpreted, Vv=VM code)
j  com.digitalpersona.uareu.jni.Dpfj.DpfjImportFid([BILcom/digitalpersona/uareu/dpfpdd/FidImpl;)I+0
j  com.digitalpersona.uareu.jni.Dpfj.import_fid([BLcom/digitalpersona/uareu/Fid$Format;)Lcom/digitalpersona/uareu/Fid;+87
j  com.digitalpersona.uareu.dpfj.ImporterImpl.ImportFid([BLcom/digitalpersona/uareu/Fid$Format;)Lcom/digitalpersona/uareu/Fid;+6
j  com.example.fingerprint_service.service.FingerprintService.identifyUser(Ljava/lang/String;)Lcom/example/fingerprint_service/model/ResidentAuth;+32
j  com.example.fingerprint_service.controller.FingerprintController.identifyUser(Lcom/example/fingerprint_service/model/FingerprintRequest;)Lorg/springframework/http/ResponseEntity;+8
v  ~StubRoutines::call_stub
J 4586  jdk.internal.reflect.NativeMethodAccessorImpl.invoke0(Ljava/lang/reflect/Method;Ljava/lang/Object;[Ljava/lang/Object;)Ljava/lang/Object; java.base@17.0.10 (0 bytes) @ 0x00000237c2144927 [0x00000237c21448a0+0x0000000000000087]
J 4585 c1 jdk.internal.reflect.NativeMethodAccessorImpl.invoke(Ljava/lang/Object;[Ljava/lang/Object;)Ljava/lang/Object; java.base@17.0.10 (137 bytes) @ 0x00000237c214554c [0x00000237c2145200+0x000000000000034c]
J 4082 c1 jdk.internal.reflect.DelegatingMethodAccessorImpl.invoke(Ljava/lang/Object;[Ljava/lang/Object;)Ljava/lang/Object; java.base@17.0.10 (10 bytes) @ 0x00000237c2077be4 [0x00000237c2077ba0+0x0000000000000044]
J 4466 c1 java.lang.reflect.Method.invoke(Ljava/lang/Object;[Ljava/lang/Object;)Ljava/lang/Object; java.base@17.0.10 (65 bytes) @ 0x00000237c2116a6c [0x00000237c2116960+0x000000000000010c]
j  org.springframework.web.method.support.InvocableHandlerMethod.doInvoke([Ljava/lang/Object;)Ljava/lang/Object;+55
j  org.springframework.web.method.support.InvocableHandlerMethod.invokeForRequest(Lorg/springframework/web/context/request/NativeWebRequest;Lorg/springframework/web/method/support/ModelAndViewContainer;[Ljava/lang/Object;)Ljava/lang/Object;+82
j  org.springframework.web.servlet.mvc.method.annotation.ServletInvocableHandlerMethod.invokeAndHandle(Lorg/springframework/web/context/request/ServletWebRequest;Lorg/springframework/web/method/support/ModelAndViewContainer;[Ljava/lang/Object;)V+4
j  org.springframework.web.servlet.mvc.method.annotation.RequestMappingHandlerAdapter.invokeHandlerMethod(Ljakarta/servlet/http/HttpServletRequest;Ljakarta/servlet/http/HttpServletResponse;Lorg/springframework/web/method/HandlerMethod;)Lorg/springframework/web/servlet/ModelAndView;+309
j  org.springframework.web.servlet.mvc.method.annotation.RequestMappingHandlerAdapter.handleInternal(Ljakarta/servlet/http/HttpServletRequest;Ljakarta/servlet/http/HttpServletResponse;Lorg/springframework/web/method/HandlerMethod;)Lorg/springframework/web/servlet/ModelAndView;+81
j  org.springframework.web.servlet.mvc.method.AbstractHandlerMethodAdapter.handle(Ljakarta/servlet/http/HttpServletRequest;Ljakarta/servlet/http/HttpServletResponse;Ljava/lang/Object;)Lorg/springframework/web/servlet/ModelAndView;+7
j  org.springframework.web.servlet.DispatcherServlet.doDispatch(Ljakarta/servlet/http/HttpServletRequest;Ljakarta/servlet/http/HttpServletResponse;)V+304
j  org.springframework.web.servlet.DispatcherServlet.doService(Ljakarta/servlet/http/HttpServletRequest;Ljakarta/servlet/http/HttpServletResponse;)V+242
j  org.springframework.web.servlet.FrameworkServlet.processRequest(Ljakarta/servlet/http/HttpServletRequest;Ljakarta/servlet/http/HttpServletResponse;)V+70
j  org.springframework.web.servlet.FrameworkServlet.doPost(Ljakarta/servlet/http/HttpServletRequest;Ljakarta/servlet/http/HttpServletResponse;)V+3
j  jakarta.servlet.http.HttpServlet.service(Ljakarta/servlet/http/HttpServletRequest;Ljakarta/servlet/http/HttpServletResponse;)V+150
j  org.springframework.web.servlet.FrameworkServlet.service(Ljakarta/servlet/http/HttpServletRequest;Ljakarta/servlet/http/HttpServletResponse;)V+20
j  jakarta.servlet.http.HttpServlet.service(Ljakarta/servlet/ServletRequest;Ljakarta/servlet/ServletResponse;)V+37
j  org.apache.catalina.core.ApplicationFilterChain.internalDoFilter(Ljakarta/servlet/ServletRequest;Ljakarta/servlet/ServletResponse;)V+300
j  org.apache.catalina.core.ApplicationFilterChain.doFilter(Ljakarta/servlet/ServletRequest;Ljakarta/servlet/ServletResponse;)V+99
j  org.apache.tomcat.websocket.server.WsFilter.doFilter(Ljakarta/servlet/ServletRequest;Ljakarta/servlet/ServletResponse;Ljakarta/servlet/FilterChain;)V+21
j  org.apache.catalina.core.ApplicationFilterChain.internalDoFilter(Ljakarta/servlet/ServletRequest;Ljakarta/servlet/ServletResponse;)V+130
j  org.apache.catalina.core.ApplicationFilterChain.doFilter(Ljakarta/servlet/ServletRequest;Ljakarta/servlet/ServletResponse;)V+99
j  org.springframework.web.filter.CorsFilter.doFilterInternal(Ljakarta/servlet/http/HttpServletRequest;Ljakarta/servlet/http/HttpServletResponse;Ljakarta/servlet/FilterChain;)V+43
j  org.springframework.web.filter.OncePerRequestFilter.doFilter(Ljakarta/servlet/ServletRequest;Ljakarta/servlet/ServletResponse;Ljakarta/servlet/FilterChain;)V+150
j  org.apache.catalina.core.ApplicationFilterChain.internalDoFilter(Ljakarta/servlet/ServletRequest;Ljakarta/servlet/ServletResponse;)V+130
j  org.apache.catalina.core.ApplicationFilterChain.doFilter(Ljakarta/servlet/ServletRequest;Ljakarta/servlet/ServletResponse;)V+99
j  org.springframework.web.filter.RequestContextFilter.doFilterInternal(Ljakarta/servlet/http/HttpServletRequest;Ljakarta/servlet/http/HttpServletResponse;Ljakarta/servlet/FilterChain;)V+21
j  org.springframework.web.filter.OncePerRequestFilter.doFilter(Ljakarta/servlet/ServletRequest;Ljakarta/servlet/ServletResponse;Ljakarta/servlet/FilterChain;)V+150
j  org.apache.catalina.core.ApplicationFilterChain.internalDoFilter(Ljakarta/servlet/ServletRequest;Ljakarta/servlet/ServletResponse;)V+130
j  org.apache.catalina.core.ApplicationFilterChain.doFilter(Ljakarta/servlet/ServletRequest;Ljakarta/servlet/ServletResponse;)V+99
j  org.springframework.web.filter.FormContentFilter.doFilterInternal(Ljakarta/servlet/http/HttpServletRequest;Ljakarta/servlet/http/HttpServletResponse;Ljakarta/servlet/FilterChain;)V+38
j  org.springframework.web.filter.OncePerRequestFilter.doFilter(Ljakarta/servlet/ServletRequest;Ljakarta/servlet/ServletResponse;Ljakarta/servlet/FilterChain;)V+150
j  org.apache.catalina.core.ApplicationFilterChain.internalDoFilter(Ljakarta/servlet/ServletRequest;Ljakarta/servlet/ServletResponse;)V+130
j  org.apache.catalina.core.ApplicationFilterChain.doFilter(Ljakarta/servlet/ServletRequest;Ljakarta/servlet/ServletResponse;)V+99
j  org.springframework.web.filter.ServerHttpObservationFilter.doFilterInternal(Ljakarta/servlet/http/HttpServletRequest;Ljakarta/servlet/http/HttpServletResponse;Ljakarta/servlet/FilterChain;)V+20
j  org.springframework.web.filter.OncePerRequestFilter.doFilter(Ljakarta/servlet/ServletRequest;Ljakarta/servlet/ServletResponse;Ljakarta/servlet/FilterChain;)V+150
j  org.apache.catalina.core.ApplicationFilterChain.internalDoFilter(Ljakarta/servlet/ServletRequest;Ljakarta/servlet/ServletResponse;)V+130
j  org.apache.catalina.core.ApplicationFilterChain.doFilter(Ljakarta/servlet/ServletRequest;Ljakarta/servlet/ServletResponse;)V+99
j  org.springframework.web.filter.CharacterEncodingFilter.doFilterInternal(Ljakarta/servlet/http/HttpServletRequest;Ljakarta/servlet/http/HttpServletResponse;Ljakarta/servlet/FilterChain;)V+53
j  org.springframework.web.filter.OncePerRequestFilter.doFilter(Ljakarta/servlet/ServletRequest;Ljakarta/servlet/ServletResponse;Ljakarta/servlet/FilterChain;)V+150
j  org.apache.catalina.core.ApplicationFilterChain.internalDoFilter(Ljakarta/servlet/ServletRequest;Ljakarta/servlet/ServletResponse;)V+130
j  org.apache.catalina.core.ApplicationFilterChain.doFilter(Ljakarta/servlet/ServletRequest;Ljakarta/servlet/ServletResponse;)V+99
j  org.apache.catalina.core.StandardWrapperValve.invoke(Lorg/apache/catalina/connector/Request;Lorg/apache/catalina/connector/Response;)V+514
j  org.apache.catalina.core.StandardContextValve.invoke(Lorg/apache/catalina/connector/Request;Lorg/apache/catalina/connector/Response;)V+169
j  org.apache.catalina.authenticator.AuthenticatorBase.invoke(Lorg/apache/catalina/connector/Request;Lorg/apache/catalina/connector/Response;)V+221
j  org.apache.catalina.core.StandardHostValve.invoke(Lorg/apache/catalina/connector/Request;Lorg/apache/catalina/connector/Response;)V+131
j  org.apache.catalina.valves.ErrorReportValve.invoke(Lorg/apache/catalina/connector/Request;Lorg/apache/catalina/connector/Response;)V+6
j  org.apache.catalina.core.StandardEngineValve.invoke(Lorg/apache/catalina/connector/Request;Lorg/apache/catalina/connector/Response;)V+59
j  org.apache.catalina.connector.CoyoteAdapter.service(Lorg/apache/coyote/Request;Lorg/apache/coyote/Response;)V+188
j  org.apache.coyote.http11.Http11Processor.service(Lorg/apache/tomcat/util/net/SocketWrapperBase;)Lorg/apache/tomcat/util/net/AbstractEndpoint$Handler$SocketState;+796
j  org.apache.coyote.AbstractProcessorLight.process(Lorg/apache/tomcat/util/net/SocketWrapperBase;Lorg/apache/tomcat/util/net/SocketEvent;)Lorg/apache/tomcat/util/net/AbstractEndpoint$Handler$SocketState;+155
j  org.apache.coyote.AbstractProtocol$ConnectionHandler.process(Lorg/apache/tomcat/util/net/SocketWrapperBase;Lorg/apache/tomcat/util/net/SocketEvent;)Lorg/apache/tomcat/util/net/AbstractEndpoint$Handler$SocketState;+482
j  org.apache.tomcat.util.net.NioEndpoint$SocketProcessor.doRun()V+249
j  org.apache.tomcat.util.net.SocketProcessorBase.run()V+32
j  org.apache.tomcat.util.threads.ThreadPoolExecutor.runWorker(Lorg/apache/tomcat/util/threads/ThreadPoolExecutor$Worker;)V+92
j  org.apache.tomcat.util.threads.ThreadPoolExecutor$Worker.run()V+5
j  org.apache.tomcat.util.threads.TaskThread$WrappingRunnable.run()V+4
j  java.lang.Thread.run()V+11 java.base@17.0.10
v  ~StubRoutines::call_stub

siginfo: EXCEPTION_ACCESS_VIOLATION (0xc0000005), reading address 0x0000023864696d5c


Registers:
RAX=0x0000000000000000, RBX=0x000000b321afc860, RCX=0x0000023864696d5b, RDX=0x000000b321afc860
RSP=0x000000b321afc7f8, RBP=0x000000b321afc8b1, RSI=0x000002381718e0f0, RDI=0x0000023864696d5b
R8 =0x000000004c50676b, R9 =0x0000023864696d5b, R10=0x0000000000000001, R11=0x00000238181905d0
R12=0x00000238181905d0, R13=0x0000000001010007, R14=0x000002381718e0f8, R15=0x0000000000000001
RIP=0x00007ffd684756f8, EFLAGS=0x0000000000010202


Register to memory mapping:

RIP=0x00007ffd684756f8 dpfj.dll
RAX=0x0 is NULL
RBX=0x000000b321afc860 is pointing into the stack for thread: 0x0000023818179a00
RCX=0x0000023864696d5b is an unknown value
RDX=0x000000b321afc860 is pointing into the stack for thread: 0x0000023818179a00
RSP=0x000000b321afc7f8 is pointing into the stack for thread: 0x0000023818179a00
RBP=0x000000b321afc8b1 is pointing into the stack for thread: 0x0000023818179a00
RSI=0x000002381718e0f0 points into unknown readable memory: 0x0000000706b54d70 | 70 4d b5 06 07 00 00 00
RDI=0x0000023864696d5b is an unknown value
R8 =0x000000004c50676b is an unknown value
R9 =0x0000023864696d5b is an unknown value
R10=0x0000000000000001 is an unknown value
R11=0x00000238181905d0 points into unknown readable memory: 0x70674d41356a4f41 | 41 4f 6a 35 41 4d 67 70
R12=0x00000238181905d0 points into unknown readable memory: 0x70674d41356a4f41 | 41 4f 6a 35 41 4d 67 70
R13=0x0000000001010007 is an unknown value
R14=0x000002381718e0f8 points into unknown readable memory: 0x0000000000000000 | 00 00 00 00 00 00 00 00
R15=0x0000000000000001 is an unknown value


Top of Stack: (sp=0x000000b321afc7f8)
0x000000b321afc7f8:   00007ffd68471654 0000000000000001
0x000000b321afc808:   0000000000007436 000000b321afc860
0x000000b321afc818:   000002381718e0f0 000000004c50678b
0x000000b321afc828:   00007ffd684e4a17 0000023818179cb0
0x000000b321afc838:   000002381718e0f0 000000b321afc8b1
0x000000b321afc848:   0000023818190420 000002381718e0f0
0x000000b321afc858:   000000000000006d 0000000000000000
0x000000b321afc868:   0000000000000000 0000000000000000
0x000000b321afc878:   0000000000000000 0000000000000000
0x000000b321afc888:   000000004e637745 0000383100004533
0x000000b321afc898:   0000004b0000006d 00005a3200004b34
0x000000b321afc8a8:   000000490000006b 0000f19e55922595
0x000000b321afc8b8:   0000000000000000 0000000000000000
0x000000b321afc8c8:   0000023818179cb0 0000000001010007
0x000000b321afc8d8:   0000023818179a00 00000238154079d8
0x000000b321afc8e8:   0000000000000000 00000238181905d0 

Instructions: (pc=0x00007ffd684756f8)
0x00007ffd684755f8:   c1 c1 e8 08 81 fb 01 04 1b 00 43 88 04 11 b8 20
0x00007ffd68475608:   00 00 00 43 88 4c 11 01 0f 44 d0 41 0f b6 43 20
0x00007ffd68475618:   b9 1d 00 00 00 42 88 04 12 b8 21 00 00 00 0f 44
0x00007ffd68475628:   c8 41 0f b6 43 24 42 88 04 11 b8 22 00 00 00 44
0x00007ffd68475638:   0f 44 c0 66 43 c7 04 10 00 00 48 8b 5c 24 08 c3
0x00007ffd68475648:   cc cc cc cc cc cc cc cc 48 89 5c 24 08 41 8b d8
0x00007ffd68475658:   4c 8b da 48 85 d2 74 7f 0f b6 42 0b 44 0f b6 4a
0x00007ffd68475668:   0a 41 c1 e1 08 44 0b c8 0f b6 42 0c 41 c1 e1 08
0x00007ffd68475678:   44 0b c8 0f b6 42 0d 41 c1 e1 08 ba 24 00 00 00
0x00007ffd68475688:   44 0b c8 b8 20 00 00 00 81 f9 01 04 1b 00 0f 44
0x00007ffd68475698:   c2 45 33 d2 85 db 74 3a 41 3b c1 73 3a 8b d0 41
0x00007ffd684756a8:   ff c2 49 03 d3 0f b6 4a 01 44 0f b6 02 41 c1 e0
0x00007ffd684756b8:   08 44 0b c1 0f b6 4a 02 41 c1 e0 08 44 0b c1 0f
0x00007ffd684756c8:   b6 4a 03 41 c1 e0 08 44 0b c1 41 03 c0 44 3b d3
0x00007ffd684756d8:   72 c6 41 3b c1 72 02 33 c0 48 8b 5c 24 08 c3 cc
0x00007ffd684756e8:   cc cc cc cc cc cc cc cc 4c 8b c9 48 85 c9 74 76
0x00007ffd684756f8:   0f b6 41 01 44 0f b6 01 41 c1 e0 08 44 0b c0 0f
0x00007ffd68475708:   b6 41 02 41 c1 e0 08 44 0b c0 0f b6 41 03 41 c1
0x00007ffd68475718:   e0 08 44 0b c0 44 89 02 0f b6 41 04 89 42 04 0f
0x00007ffd68475728:   b6 41 05 89 42 08 0f b6 41 06 89 42 0c 0f b6 41
0x00007ffd68475738:   07 89 42 10 0f b6 41 08 89 42 14 0f b6 49 09 41
0x00007ffd68475748:   0f b6 41 0a c1 e1 08 0b c8 89 4a 18 41 0f b6 41
0x00007ffd68475758:   0c 41 0f b6 49 0b c1 e1 08 0b c8 49 8d 41 0e 48
0x00007ffd68475768:   89 42 20 89 4a 1c c3 cc 48 85 d2 0f 84 44 01 00
0x00007ffd68475778:   00 81 f9 01 00 1b 00 0f 85 90 00 00 00 0f b6 42
0x00007ffd68475788:   09 41 ba 02 00 00 00 44 0f b6 4a 08 41 c1 e1 08
0x00007ffd68475798:   44 0b c8 45 89 08 0f b6 42 0b 0f b6 4a 0a c1 e1
0x00007ffd684757a8:   08 0b c8 0f b6 42 0c c1 e1 08 0b c8 0f b6 42 0d
0x00007ffd684757b8:   c1 e1 08 0b c8 41 89 48 04 45 85 c9 0f 85 80 00
0x00007ffd684757c8:   00 00 0f b6 42 0b 45 8d 51 06 0f b6 4a 0a c1 e1
0x00007ffd684757d8:   08 0b c8 0f b6 42 0c c1 e1 08 0b c8 0f b6 42 0d
0x00007ffd684757e8:   c1 e1 08 0b c8 41 89 08 0f b6 42 0f 0f b6 4a 0e 


Stack slot to memory mapping:
stack at sp + 0 slots: 0x00007ffd68471654 dpfj.dll
stack at sp + 1 slots: 0x0000000000000001 is an unknown value
stack at sp + 2 slots: 0x0000000000007436 is an unknown value
stack at sp + 3 slots: 0x000000b321afc860 is pointing into the stack for thread: 0x0000023818179a00
stack at sp + 4 slots: 0x000002381718e0f0 points into unknown readable memory: 0x0000000706b54d70 | 70 4d b5 06 07 00 00 00
stack at sp + 5 slots: 0x000000004c50678b is an unknown value
stack at sp + 6 slots: 0x00007ffd684e4a17 dpuareu_jni.dll
stack at sp + 7 slots: 0x0000023818179cb0 points into unknown readable memory: 0x00007ffcf2c12670 | 70 26 c1 f2 fc 7f 00 00


Compiled method (n/a)   18894 4586     n 0       jdk.internal.reflect.NativeMethodAccessorImpl::invoke0 (native)
 total in heap  [0x00000237c2144710,0x00000237c2144bb0] = 1184
 relocation     [0x00000237c2144868,0x00000237c21448a0] = 56
 main code      [0x00000237c21448a0,0x00000237c2144bb0] = 784

[Constant Pool (empty)]

[MachCode]
[Entry Point]
  # {method} {0x00000237d11c4290} 'invoke0' '(Ljava/lang/reflect/Method;Ljava/lang/Object;[Ljava/lang/Object;)Ljava/lang/Object;' in 'jdk/internal/reflect/NativeMethodAccessorImpl'
  # parm0:    rdx:rdx   = 'java/lang/reflect/Method'
  # parm1:    r8:r8     = 'java/lang/Object'
  # parm2:    r9:r9     = '[Ljava/lang/Object;'
  #           [sp+0x80]  (sp of caller)
  0x00000237c21448a0: 448b 5208 | 49bb 0000 | 00d1 3702 | 0000 4d03 | d349 3bc2 | 0f84 0600 

  0x00000237c21448b8: ;   {runtime_call ic_miss_stub}
  0x00000237c21448b8: 0000 e9c1 | 8664 ff90 
[Verified Entry Point]
  0x00000237c21448c0: 8984 2400 | 90ff ff55 | 488b ec48 | 83ec 704c | 894c 2438 | 4983 f900 | 488d 4424 | 3848 0f44 
  0x00000237c21448e0: 4424 3848 | 8944 2420 | 4c89 4424 | 3049 83f8 | 004c 8d4c | 2430 4c0f | 444c 2430 | 4889 5424 
  0x00000237c2144900: 2848 83fa | 004c 8d44 | 2428 4c0f | 4444 2428 

  0x00000237c2144910: ;   {oop(a 'java/lang/Class'{0x000000070345ba80} = 'jdk/internal/reflect/NativeMethodAccessorImpl')}
  0x00000237c2144910: 49be 80ba | 4503 0700 | 0000 4c89 | 7424 584c | 8d74 2458 | 498b d6c5 

  0x00000237c2144928: ;   {internal_word}
  0x00000237c2144928: f877 49ba | 2749 14c2 | 3702 0000 | 4d89 9798 | 0200 0049 | 89a7 9002 

  0x00000237c2144940: ;   {external_word}
  0x00000237c2144940: 0000 49ba | e380 c7f2 | fc7f 0000 | 4180 3a00 | 0f84 5200 | 0000 5241 

  0x00000237c2144958: ;   {metadata({method} {0x00000237d11c4290} 'invoke0' '(Ljava/lang/reflect/Method;Ljava/lang/Object;[Ljava/lang/Object;)Ljava/lang/Object;' in 'jdk/internal/reflect/NativeMethodAccessorImpl')}
  0x00000237c2144958: 5041 5148 | ba88 421c | d137 0200 | 0049 8bcf | 4883 ec20 | f7c4 0f00 | 0000 0f84 | 1a00 0000 
  0x00000237c2144978: 4883 ec08 

  0x00000237c214497c: ;   {runtime_call}
  0x00000237c214497c: 49ba 00d6 | 84f2 fc7f | 0000 41ff | d248 83c4 | 08e9 0d00 

  0x00000237c2144990: ;   {runtime_call}
  0x00000237c2144990: 0000 49ba | 00d6 84f2 | fc7f 0000 | 41ff d248 | 83c4 2041 | 5941 585a | 498d 8fb0 | 0200 0041 
  0x00000237c21449b0: c787 4003 | 0000 0400 

  0x00000237c21449b8: ;   {runtime_call}
  0x00000237c21449b8: 0000 49ba | a43e e723 | fd7f 0000 | 41ff d2c5 | f877 41c7 | 8740 0300 | 0005 0000 | 00f0 8344 
  0x00000237c21449d8: 24c0 0049 | 3baf 4803 | 0000 0f87 | 1100 0000 | 4181 bf30 | 0300 0000 | 0000 000f | 842c 0000 
  0x00000237c21449f8: 00c5 f877 | 4889 45f8 | 498b cf4c | 8be4 4883 | ec20 4883 

  0x00000237c2144a0c: ;   {runtime_call}
  0x00000237c2144a0c: e4f0 49ba | 408d 8ff2 | fc7f 0000 | 41ff d249 | 8be4 4d33 | e448 8b45 | f841 c787 | 4003 0000 
  0x00000237c2144a2c: 0800 0000 | 4181 bfb0 | 0300 0002 | 0000 000f | 843f 0100 

  0x00000237c2144a40: ;   {external_word}
  0x00000237c2144a40: 0049 bae3 | 80c7 f2fc | 7f00 0041 | 803a 000f | 8450 0000 | 0048 8945 

  0x00000237c2144a58: ;   {metadata({method} {0x00000237d11c4290} 'invoke0' '(Ljava/lang/reflect/Method;Ljava/lang/Object;[Ljava/lang/Object;)Ljava/lang/Object;' in 'jdk/internal/reflect/NativeMethodAccessorImpl')}
  0x00000237c2144a58: f848 ba88 | 421c d137 | 0200 0049 | 8bcf 4883 | ec20 f7c4 | 0f00 0000 | 0f84 1a00 | 0000 4883 
  0x00000237c2144a78: ;   {runtime_call}
  0x00000237c2144a78: ec08 49ba | 00d6 84f2 | fc7f 0000 | 41ff d248 | 83c4 08e9 | 0d00 0000 

  0x00000237c2144a90: ;   {runtime_call}
  0x00000237c2144a90: 49ba 00d6 | 84f2 fc7f | 0000 41ff | d248 83c4 | 2048 8b45 | f849 c787 | 9002 0000 | 0000 0000 
  0x00000237c2144ab0: 49c7 8798 | 0200 0000 | 0000 00c5 | f877 4885 | c00f 8493 | 0000 0048 | f7c0 0100 | 0000 0f84 
  0x00000237c2144ad0: 8300 0000 | 488b 40ff | 4180 7f38 | 000f 846f | 0000 0048 | 83f8 000f | 8465 0000 | 0049 8b4f 
  0x00000237c2144af0: 2048 83f9 | 000f 8414 | 0000 0048 | 83e9 0849 | 894f 2049 | 034f 3048 | 8901 e943 | 0000 0050 
  0x00000237c2144b10: 498b d748 | 8bc8 4883 | ec20 f7c4 | 0f00 0000 | 0f84 1a00 | 0000 4883 

  0x00000237c2144b28: ;   {runtime_call}
  0x00000237c2144b28: ec08 49ba | 3009 44f2 | fc7f 0000 | 41ff d248 | 83c4 08e9 | 0d00 0000 

  0x00000237c2144b40: ;   {runtime_call}
  0x00000237c2144b40: 49ba 3009 | 44f2 fc7f | 0000 41ff | d248 83c4 | 2058 e903 | 0000 0048 | 8b00 498b | 8fd8 0000 
  0x00000237c2144b60: 00c7 8100 | 0100 0000 | 0000 00c9 | 4981 7f08 | 0000 0000 | 0f85 0100 

  0x00000237c2144b78: ;   {runtime_call StubRoutines (1)}
  0x00000237c2144b78: 0000 c3e9 | 80c3 5fff | c5f8 7748 | 8945 f84c | 8be4 4883 | ec20 4883 

  0x00000237c2144b90: ;   {runtime_call}
  0x00000237c2144b90: e4f0 49ba | a006 85f2 | fc7f 0000 | 41ff d249 | 8be4 4d33 | e448 8b45 | f8e9 93fe | ffff f4f4 
[/MachCode]


Compiled method (c1)   18901 4585   !   1       jdk.internal.reflect.NativeMethodAccessorImpl::invoke (137 bytes)
 total in heap  [0x00000237c2145010,0x00000237c2145a50] = 2624
 relocation     [0x00000237c2145168,0x00000237c21451f0] = 136
 main code      [0x00000237c2145200,0x00000237c2145660] = 1120
 stub code      [0x00000237c2145660,0x00000237c21456e8] = 136
 metadata       [0x00000237c21456e8,0x00000237c2145708] = 32
 scopes data    [0x00000237c2145708,0x00000237c21457c8] = 192
 scopes pcs     [0x00000237c21457c8,0x00000237c21458e8] = 288
 dependencies   [0x00000237c21458e8,0x00000237c21458f0] = 8
 handler table  [0x00000237c21458f0,0x00000237c2145a10] = 288
 nul chk table  [0x00000237c2145a10,0x00000237c2145a50] = 64

[Constant Pool (empty)]

[MachCode]
[Entry Point]
  # {method} {0x00000237d11c3d68} 'invoke' '(Ljava/lang/Object;[Ljava/lang/Object;)Ljava/lang/Object;' in 'jdk/internal/reflect/NativeMethodAccessorImpl'
  # this:     rdx:rdx   = 'jdk/internal/reflect/NativeMethodAccessorImpl'
  # parm0:    r8:r8     = 'java/lang/Object'
  # parm1:    r9:r9     = '[Ljava/lang/Object;'
  #           [sp+0xd0]  (sp of caller)
  0x00000237c2145200: 448b 5208 | 49bb 0000 | 00d1 3702 | 0000 4d03 | d34c 3bd0 

  0x00000237c2145214: ;   {runtime_call ic_miss_stub}
  0x00000237c2145214: 0f85 667d | 64ff 660f | 1f44 0000 
[Verified Entry Point]
  0x00000237c2145220: 8984 2400 | 90ff ff55 | 4881 ecc0 | 0000 0048 | 8954 2470 | 8b72 0cff | c689 720c 

  0x00000237c214523c: ;   {oop(a 'java/lang/Class'{0x00000007034a5750} = 'jdk/internal/reflect/ReflectionFactory')}
  0x00000237c214523c: 48bf 5057 | 4a03 0700 | 0000 8b7f | 783b f70f | 8f08 0000 | 0048 8bf2 | e9e2 0200 | 004c 898c 
  0x00000237c214525c: 2480 0000 | 004c 8944 | 2478 8b72 | 1448 c1e6 | 038b 7624 | 48c1 e603 

  0x00000237c2145274: ; implicit exception: dispatches to 0x00000237c214559a
  0x00000237c2145274: 483b 0648 | 8bd6 0f1f 

  0x00000237c214527c: ;   {optimized virtual_call}
  0x00000237c214527c: 4400 00e8 

  0x00000237c2145280: ; ImmutableOopMap {[112]=Oop [128]=Oop [120]=Oop }
                      ;*invokevirtual isHidden {reexecute=0 rethrow=0 return_oop=0}
                      ; - jdk.internal.reflect.NativeMethodAccessorImpl::invoke@24 (line 57)
  0x00000237c2145280: bc12 95ff | 83f8 000f | 8417 0000 | 004c 8b8c | 2480 0000 | 004c 8b44 | 2478 488b | 7424 70e9 
  0x00000237c21452a0: 9702 0000 | 488b 5424 | 708b 4210 | 83f8 000f | 8415 0000 | 004c 8b8c | 2480 0000 | 004c 8b44 
  0x00000237c21452c0: 2478 488b | f2e9 7102 | 0000 488d | 7210 b800 | 0000 00bf | 0100 0000 | f00f b13e | be01 0000 
  0x00000237c21452e0: 000f 8405 | 0000 00be | 0000 0000 | 83fe 000f | 8515 0000 | 004c 8b8c | 2480 0000 | 004c 8b44 
  0x00000237c2145300: 2478 488b | f2e9 3102 | 0000 488b 

  0x00000237c214530c: ;   {metadata('jdk/internal/reflect/MethodAccessorGenerator')}
  0x00000237c214530c: da48 bab0 | 330f d237 | 0200 0049 | 8b87 0801 | 0000 488d | b890 0000 | 0049 3bbf | 1801 0000 
  0x00000237c214532c: 0f87 6d02 | 0000 4989 | bf08 0100 | 0048 c700 | 0100 0000 | 488b ca49 | ba00 0000 | d137 0200 
  0x00000237c214534c: 0049 2bca | 8948 0848 | 33c9 8948 | 0c48 33c9 | 48bf 1000 | 0000 0000 | 0000 4889 | 4cf8 0848 
  0x00000237c214536c: ffcf 75f6 | ba1e 0000 | 0066 8950 | 6aba 4900 | 0000 6689 | 506c 8b53 | 1448 c1e2 | 038b 7224 
  0x00000237c214538c: 48c1 e603 | 8b7a 2848 | c1e7 038b | 5230 48c1 | e203 4889 | 8424 9800 | 0000 4889 | bc24 9000 
  0x00000237c21453ac: 0000 4889 | b424 8800 | 0000 0f1f | 8000 0000 | 0048 b878 | 1c00 d137 

  0x00000237c21453c4: ;   {virtual_call}
  0x00000237c21453c4: 0200 00e8 

  0x00000237c21453c8: ; ImmutableOopMap {[128]=Oop [120]=Oop [152]=Oop [112]=Oop [144]=Oop [136]=Oop }
                      ;*invokevirtual clone {reexecute=0 rethrow=0 return_oop=0}
                      ; - java.lang.reflect.Method::getParameterTypes@4 (line 314)
                      ; - jdk.internal.reflect.NativeMethodAccessorImpl::invoke@77 (line 65)
  0x00000237c21453c8: 54b8 8bff | 4883 f800 | 0f84 2900 

  0x00000237c21453d4: ;   {metadata('java/lang/Class'[])}
  0x00000237c21453d4: 0000 48bb | 781c 00d1 | 3702 0000 | 8b78 0849 | ba00 0000 | d137 0200 | 0049 03fa | 483b 5f40 
  0x00000237c21453f4: 0f85 b701 | 0000 e900 | 0000 0048 | 8bf0 488b | 5424 708b | 7a14 48c1 | e703 8b5f | 2c48 c1e3 
  0x00000237c2145414: 038b 7f34 | 48c1 e703 | 488b d748 | 899c 24a8 | 0000 0048 | 89b4 24a0 | 0000 0066 | 0f1f 4400 
  0x00000237c2145434: 0048 b878 | 1c00 d137 

  0x00000237c214543c: ;   {virtual_call}
  0x00000237c214543c: 0200 00e8 

  0x00000237c2145440: ; ImmutableOopMap {[128]=Oop [120]=Oop [152]=Oop [144]=Oop [136]=Oop [112]=Oop [168]=Oop [160]=Oop }
                      ;*invokevirtual clone {reexecute=0 rethrow=0 return_oop=0}
                      ; - java.lang.reflect.Method::getExceptionTypes@4 (line 341)
                      ; - jdk.internal.reflect.NativeMethodAccessorImpl::invoke@91 (line 67)
  0x00000237c2145440: dcb7 8bff | 4883 f800 | 0f84 2a00 

  0x00000237c214544c: ;   {metadata('java/lang/Class'[])}
  0x00000237c214544c: 0000 48bf | 781c 00d1 | 3702 0000 | 448b 4808 | 49ba 0000 | 00d1 3702 | 0000 4d03 | ca49 3b79 
  0x00000237c214546c: 400f 854c | 0100 00e9 | 0000 0000 | 488b c848 | 8b54 2470 | 448b 4214 | 49c1 e003 

  0x00000237c2145488: ; implicit exception: dispatches to 0x00000237c21455c8
  0x00000237c2145488: 418b 5820 | 4c8b 8424 | 8800 0000 | 4c8b 8c24 | 9000 0000 | 488b bc24 | a000 0000 | 488b b424 
  0x00000237c21454a8: a800 0000 | 891c 2448 | 8b94 2498 

  0x00000237c21454b4: ;   {optimized virtual_call}
  0x00000237c21454b4: 0000 00e8 

  0x00000237c21454b8: ; ImmutableOopMap {[128]=Oop [120]=Oop [112]=Oop }
                      ;*invokevirtual generateMethod {reexecute=0 rethrow=0 return_oop=0}
                      ; - jdk.internal.reflect.NativeMethodAccessorImpl::invoke@101 (line 63)
  0x00000237c21454b8: d901 0000 | 4883 f800 | 0f84 2a00 

  0x00000237c21454c4: ;   {metadata('jdk/internal/reflect/MethodAccessorImpl')}
  0x00000237c21454c4: 0000 48be | d0ae 00d1 | 3702 0000 | 448b 4808 | 49ba 0000 | 00d1 3702 | 0000 4d03 | ca49 3b71 
  0x00000237c21454e4: 400f 85e2 | 0000 00e9 | 0000 0000 | 488b d048 | 8b74 2470 | 448b 4618 | 49c1 e003 | 450f be4f 
  0x00000237c2145504: 3841 83f9 | 000f 85c7 | 0000 004c | 8bd2 49c1 | ea03 4589 | 500c 4d8b | c84c 33ca | 49c1 e915 
  0x00000237c2145524: 4983 f900 | 0f85 cd00 | 0000 4c8b | 8c24 8000 | 0000 4c8b | 4424 788b | 5614 48c1 | e203 0f1f 
  0x00000237c2145544: ;   {static_call}
  0x00000237c2145544: 4400 00e8 

  0x00000237c2145548: ; ImmutableOopMap {}
                      ;*invokestatic invoke0 {reexecute=0 rethrow=0 return_oop=0}
                      ; - jdk.internal.reflect.NativeMethodAccessorImpl::invoke@133 (line 77)
  0x00000237c2145548: 74f3 ffff | 4881 c4c0 | 0000 005d 

  0x00000237c2145554: ;   {poll_return}
  0x00000237c2145554: 493b a748 | 0300 000f | 87b2 0000 | 00c3 488b | 7424 7049 | 8b87 d803 | 0000 4d33 | d24d 8997 
  0x00000237c2145574: d803 0000 | 4d33 d24d | 8997 e003 | 0000 bf00 | 0000 0089 | 7e10 f083 | 4424 c000 | e9b8 0000 
  0x00000237c2145594: ;   {runtime_call throw_null_pointer_exception Runtime1 stub}
  0x00000237c2145594: 00e8 8600 

  0x00000237c2145598: ; ImmutableOopMap {rdx=Oop [112]=Oop [128]=Oop [120]=Oop }
                      ;*invokevirtual getDeclaringClass {reexecute=0 rethrow=0 return_oop=0}
                      ; - jdk.internal.reflect.NativeMethodAccessorImpl::invoke@21 (line 57)
                      ;   {runtime_call throw_null_pointer_exception Runtime1 stub}
  0x00000237c2145598: 6fff e881 

  0x00000237c214559c: ; ImmutableOopMap {rdx=Oop [112]=Oop [128]=Oop [120]=Oop rsi=Oop }
                      ;*invokevirtual isHidden {reexecute=0 rethrow=0 return_oop=0}
                      ; - jdk.internal.reflect.NativeMethodAccessorImpl::invoke@24 (line 57)
  0x00000237c214559c: 006f ff48 

  0x00000237c21455a0: ;   {runtime_call fast_new_instance Runtime1 stub}
  0x00000237c21455a0: 8bd2 e859 

  0x00000237c21455a4: ; ImmutableOopMap {[128]=Oop [120]=Oop rbx=Oop [112]=Oop }
                      ;*new {reexecute=0 rethrow=0 return_oop=0}
                      ; - jdk.internal.reflect.NativeMethodAccessorImpl::invoke@52 (line 61)
  0x00000237c21455a4: 0b6f ffe9 | c4fd ffff 

  0x00000237c21455ac: ;   {runtime_call throw_null_pointer_exception Runtime1 stub}
  0x00000237c21455ac: e86f 006f 

  0x00000237c21455b0: ; ImmutableOopMap {[128]=Oop [120]=Oop rbx=Oop [112]=Oop rax=Oop rdx=Oop }
                      ;*invokevirtual getDeclaringClass {reexecute=0 rethrow=0 return_oop=0}
                      ; - jdk.internal.reflect.NativeMethodAccessorImpl::invoke@63 (line 63)
  0x00000237c21455b0: ff48 8904 

  0x00000237c21455b4: ;   {runtime_call throw_class_cast_exception Runtime1 stub}
  0x00000237c21455b4: 24e8 662c 

  0x00000237c21455b8: ; ImmutableOopMap {[128]=Oop [120]=Oop [152]=Oop [112]=Oop [144]=Oop [136]=Oop }
                      ;*checkcast {reexecute=0 rethrow=0 return_oop=0}
                      ; - java.lang.reflect.Method::getParameterTypes@7 (line 314)
                      ; - jdk.internal.reflect.NativeMethodAccessorImpl::invoke@77 (line 65)
                      ;   {runtime_call throw_null_pointer_exception Runtime1 stub}
  0x00000237c21455b8: 6fff e861 

  0x00000237c21455bc: ; ImmutableOopMap {[128]=Oop [120]=Oop [152]=Oop [144]=Oop [136]=Oop rsi=Oop rdx=Oop [112]=Oop rdi=Oop }
                      ;*invokevirtual getReturnType {reexecute=0 rethrow=0 return_oop=0}
                      ; - jdk.internal.reflect.NativeMethodAccessorImpl::invoke@84 (line 66)
  0x00000237c21455bc: 006f ff48 

  0x00000237c21455c0: ;   {runtime_call throw_class_cast_exception Runtime1 stub}
  0x00000237c21455c0: 8904 24e8 

  0x00000237c21455c4: ; ImmutableOopMap {[128]=Oop [120]=Oop [152]=Oop [144]=Oop [136]=Oop [112]=Oop [168]=Oop [160]=Oop }
                      ;*checkcast {reexecute=0 rethrow=0 return_oop=0}
                      ; - java.lang.reflect.Method::getExceptionTypes@7 (line 341)
                      ; - jdk.internal.reflect.NativeMethodAccessorImpl::invoke@91 (line 67)
  0x00000237c21455c4: 582c 6fff 

  0x00000237c21455c8: ;   {runtime_call throw_null_pointer_exception Runtime1 stub}
  0x00000237c21455c8: e853 006f 

  0x00000237c21455cc: ; ImmutableOopMap {[128]=Oop [120]=Oop [152]=Oop [144]=Oop [136]=Oop [168]=Oop [160]=Oop rcx=Oop rdx=Oop [112]=Oop }
                      ;*invokevirtual getModifiers {reexecute=0 rethrow=0 return_oop=0}
                      ; - jdk.internal.reflect.NativeMethodAccessorImpl::invoke@98 (line 68)
  0x00000237c21455cc: ff48 8904 

  0x00000237c21455d0: ;   {runtime_call throw_class_cast_exception Runtime1 stub}
  0x00000237c21455d0: 24e8 4a2c 

  0x00000237c21455d4: ; ImmutableOopMap {[128]=Oop [120]=Oop [112]=Oop }
                      ;*checkcast {reexecute=0 rethrow=0 return_oop=0}
                      ; - jdk.internal.reflect.NativeMethodAccessorImpl::invoke@104 (line 63)
  0x00000237c21455d4: 6fff 458b | 480c 49c1 | e103 4983 | f900 0f84 | 27ff ffff | 4c89 0c24 

  0x00000237c21455ec: ;   {runtime_call g1_pre_barrier_slow}
  0x00000237c21455ec: e88f 756f | ffe9 19ff 

  0x00000237c21455f4: ;   {runtime_call throw_null_pointer_exception Runtime1 stub}
  0x00000237c21455f4: ffff e825 

  0x00000237c21455f8: ; ImmutableOopMap {[128]=Oop [120]=Oop rdx=Oop rsi=Oop [112]=Oop r8=Oop }
                      ;*invokevirtual setDelegate {reexecute=0 rethrow=0 return_oop=0}
                      ; - jdk.internal.reflect.NativeMethodAccessorImpl::invoke@113 (line 69)
  0x00000237c21455f8: 006f ff48 | 83fa 000f | 8429 ffff | ff4c 8904 

  0x00000237c2145608: ;   {runtime_call g1_post_barrier_slow}
  0x00000237c2145608: 24e8 7279 | 6fff e91b 

  0x00000237c2145610: ;   {internal_word}
  0x00000237c2145610: ffff ff49 | ba54 5514 | c237 0200 | 004d 8997 | 6003 0000 

  0x00000237c2145624: ;   {runtime_call SafepointBlob}
  0x00000237c2145624: e957 f364 

  0x00000237c2145628: ;   {runtime_call throw_null_pointer_exception Runtime1 stub}
  0x00000237c2145628: ffe8 f2ff 

  0x00000237c214562c: ; ImmutableOopMap {[128]=Oop [120]=Oop rdx=Oop rsi=Oop [112]=Oop r8=Oop }
                      ;*invokevirtual setDelegate {reexecute=0 rethrow=0 return_oop=0}
                      ; - jdk.internal.reflect.NativeMethodAccessorImpl::invoke@113 (line 69)
  0x00000237c214562c: 6eff 9090 | 498b 87d8 | 0300 0049 | c787 d803 | 0000 0000 | 0000 49c7 | 87e0 0300 | 0000 0000 
  0x00000237c214564c: 0048 81c4 | c000 0000 

  0x00000237c2145654: ;   {runtime_call unwind_exception Runtime1 stub}
  0x00000237c2145654: 5de9 a6f0 | 6eff f4f4 | f4f4 f4f4 
[Stub Code]
  0x00000237c2145660: ;   {no_reloc}
  0x00000237c2145660: 0f1f 4400 

  0x00000237c2145664: ;   {static_stub}
  0x00000237c2145664: 0048 bb00 | 0000 0000 

  0x00000237c214566c: ;   {runtime_call}
  0x00000237c214566c: 0000 00e9 | fbff ffff 

  0x00000237c2145674: ;   {static_stub}
  0x00000237c2145674: 9048 bb00 | 0000 0000 

  0x00000237c214567c: ;   {runtime_call}
  0x00000237c214567c: 0000 00e9 | fbff ffff 

  0x00000237c2145684: ;   {static_stub}
  0x00000237c2145684: 9048 bb00 | 0000 0000 

  0x00000237c214568c: ;   {runtime_call}
  0x00000237c214568c: 0000 00e9 | fbff ffff 

  0x00000237c2145694: ;   {static_stub}
  0x00000237c2145694: 9048 bb78 | 5f24 1238 

  0x00000237c214569c: ;   {runtime_call I2C/C2I adapters}
  0x00000237c214569c: 0200 00e9 | 5656 88ff 

  0x00000237c21456a4: ;   {static_stub}
  0x00000237c21456a4: 9048 bb00 | 0000 0000 

  0x00000237c21456ac: ;   {runtime_call}
  0x00000237c21456ac: 0000 00e9 | fbff ffff 
[Exception Handler]
  0x00000237c21456b4: ;   {runtime_call handle_exception_from_callee Runtime1 stub}
  0x00000237c21456b4: e847 256f 

  0x00000237c21456b8: ;   {external_word}
  0x00000237c21456b8: ff48 b9a0 | e0a3 f2fc | 7f00 0048 

  0x00000237c21456c4: ;   {runtime_call}
  0x00000237c21456c4: 83e4 f049 | bae0 da71 | f2fc 7f00 | 0041 ffd2 

  0x00000237c21456d4: ;   {section_word}
  0x00000237c21456d4: f449 bad5 | 5614 c237 | 0200 0041 

  0x00000237c21456e0: ;   {runtime_call DeoptimizationBlob}
  0x00000237c21456e0: 52e9 3a07 | 65ff f4f4 
[/MachCode]


Compiled method (c1)   18908 4082       1       jdk.internal.reflect.DelegatingMethodAccessorImpl::invoke (10 bytes)
 total in heap  [0x00000237c2077a10,0x00000237c2077cd8] = 712
 relocation     [0x00000237c2077b68,0x00000237c2077ba0] = 56
 main code      [0x00000237c2077ba0,0x00000237c2077c40] = 160
 stub code      [0x00000237c2077c40,0x00000237c2077c88] = 72
 metadata       [0x00000237c2077c88,0x00000237c2077c90] = 8
 scopes data    [0x00000237c2077c90,0x00000237c2077ca0] = 16
 scopes pcs     [0x00000237c2077ca0,0x00000237c2077cd0] = 48
 dependencies   [0x00000237c2077cd0,0x00000237c2077cd8] = 8

[Constant Pool (empty)]

[MachCode]
[Entry Point]
  # {method} {0x00000237d135fb00} 'invoke' '(Ljava/lang/Object;[Ljava/lang/Object;)Ljava/lang/Object;' in 'jdk/internal/reflect/DelegatingMethodAccessorImpl'
  # this:     rdx:rdx   = 'jdk/internal/reflect/DelegatingMethodAccessorImpl'
  # parm0:    r8:r8     = 'java/lang/Object'
  # parm1:    r9:r9     = '[Ljava/lang/Object;'
  #           [sp+0x40]  (sp of caller)
  0x00000237c2077ba0: 448b 5208 | 49bb 0000 | 00d1 3702 | 0000 4d03 | d34c 3bd0 

  0x00000237c2077bb4: ;   {runtime_call ic_miss_stub}
  0x00000237c2077bb4: 0f85 c653 | 71ff 660f | 1f44 0000 
[Verified Entry Point]
  0x00000237c2077bc0: 8984 2400 | 90ff ff55 | 4883 ec30 | 8b52 0c48 | c1e2 0366 | 9048 b8ff | ffff ffff 

  0x00000237c2077bdc: ;   {virtual_call}
  0x00000237c2077bdc: ffff ffe8 

  0x00000237c2077be0: ; ImmutableOopMap {}
                      ;*invokevirtual invoke {reexecute=0 rethrow=0 return_oop=0}
                      ; - jdk.internal.reflect.DelegatingMethodAccessorImpl::invoke@6 (line 43)
  0x00000237c2077be0: ec6b 7cff | 4883 c430 

  0x00000237c2077be8: ;   {poll_return}
  0x00000237c2077be8: 5d49 3ba7 | 4803 0000 | 0f87 0100 

  0x00000237c2077bf4: ;   {internal_word}
  0x00000237c2077bf4: 0000 c349 | bae9 7b07 | c237 0200 | 004d 8997 | 6003 0000 

  0x00000237c2077c08: ;   {runtime_call SafepointBlob}
  0x00000237c2077c08: e973 cd71 | ff90 9049 | 8b87 d803 | 0000 49c7 | 87d8 0300 | 0000 0000 | 0049 c787 | e003 0000 
  0x00000237c2077c28: 0000 0000 | 4883 c430 

  0x00000237c2077c30: ;   {runtime_call unwind_exception Runtime1 stub}
  0x00000237c2077c30: 5de9 caca | 7bff f4f4 | f4f4 f4f4 | f4f4 f4f4 
[Stub Code]
  0x00000237c2077c40: ;   {no_reloc}
  0x00000237c2077c40: 0f1f 4400 

  0x00000237c2077c44: ;   {static_stub}
  0x00000237c2077c44: 0048 bb00 | 0000 0000 

  0x00000237c2077c4c: ;   {runtime_call}
  0x00000237c2077c4c: 0000 00e9 | fbff ffff 
[Exception Handler]
  0x00000237c2077c54: ;   {runtime_call handle_exception_from_callee Runtime1 stub}
  0x00000237c2077c54: e8a7 ff7b 

  0x00000237c2077c58: ;   {external_word}
  0x00000237c2077c58: ff48 b9a0 | e0a3 f2fc | 7f00 0048 

  0x00000237c2077c64: ;   {runtime_call}
  0x00000237c2077c64: 83e4 f049 | bae0 da71 | f2fc 7f00 | 0041 ffd2 

  0x00000237c2077c74: ;   {section_word}
  0x00000237c2077c74: f449 ba75 | 7c07 c237 | 0200 0041 

  0x00000237c2077c80: ;   {runtime_call DeoptimizationBlob}
  0x00000237c2077c80: 52e9 9ae1 | 71ff f4f4 
[/MachCode]


---------------  P R O C E S S  ---------------

Threads class SMR info:
_java_thread_list=0x0000023817385c90, length=28, elements={
0x00000237d0910040, 0x00000237d0910b10, 0x00000237d0a36110, 0x00000237d0a39e10,
0x00000237d0a3acf0, 0x00000237d0a3d5d0, 0x00000237d0a3dea0, 0x00000237d0a413e0,
0x00000237d0b87f70, 0x00000237d0b94330, 0x00000238171f6130, 0x0000023817234f50,
0x00000238171f6610, 0x0000023817222d80, 0x00000238172237a0, 0x00000238172241c0,
0x0000023817222360, 0x0000023817220a10, 0x0000023817220f20, 0x0000023817222870,
0x0000023817221430, 0x0000023817221940, 0x0000023817223290, 0x0000023818179a00,
0x000002381817e0e0, 0x000002381817f520, 0x000002381817c790, 0x000002381817eb00
}

Java Threads: ( => current thread )
  0x00000237d0910040 JavaThread "Reference Handler" daemon [_thread_blocked, id=30900, stack(0x000000b31f500000,0x000000b31f600000)]
  0x00000237d0910b10 JavaThread "Finalizer" daemon [_thread_blocked, id=2384, stack(0x000000b31f600000,0x000000b31f700000)]
  0x00000237d0a36110 JavaThread "Signal Dispatcher" daemon [_thread_blocked, id=27700, stack(0x000000b31f700000,0x000000b31f800000)]
  0x00000237d0a39e10 JavaThread "Attach Listener" daemon [_thread_blocked, id=16676, stack(0x000000b31f800000,0x000000b31f900000)]
  0x00000237d0a3acf0 JavaThread "Service Thread" daemon [_thread_blocked, id=25516, stack(0x000000b31f900000,0x000000b31fa00000)]
  0x00000237d0a3d5d0 JavaThread "Monitor Deflation Thread" daemon [_thread_blocked, id=13856, stack(0x000000b31fa00000,0x000000b31fb00000)]
  0x00000237d0a3dea0 JavaThread "C1 CompilerThread0" daemon [_thread_blocked, id=17352, stack(0x000000b31fb00000,0x000000b31fc00000)]
  0x00000237d0a413e0 JavaThread "Sweeper thread" daemon [_thread_blocked, id=1284, stack(0x000000b31fc00000,0x000000b31fd00000)]
  0x00000237d0b87f70 JavaThread "Notification Thread" daemon [_thread_blocked, id=32516, stack(0x000000b31ff00000,0x000000b320000000)]
  0x00000237d0b94330 JavaThread "Common-Cleaner" daemon [_thread_blocked, id=7344, stack(0x000000b320100000,0x000000b320200000)]
  0x00000238171f6130 JavaThread "Catalina-utility-1" [_thread_blocked, id=15464, stack(0x000000b320b00000,0x000000b320c00000)]
  0x0000023817234f50 JavaThread "Catalina-utility-2" [_thread_blocked, id=36688, stack(0x000000b320c00000,0x000000b320d00000)]
  0x00000238171f6610 JavaThread "container-0" [_thread_blocked, id=30448, stack(0x000000b320d00000,0x000000b320e00000)]
  0x0000023817222d80 JavaThread "mysql-cj-abandoned-connection-cleanup" daemon [_thread_blocked, id=17932, stack(0x000000b320e00000,0x000000b320f00000)]
  0x00000238172237a0 JavaThread "HikariPool-1 housekeeper" daemon [_thread_blocked, id=30828, stack(0x000000b321000000,0x000000b321100000)]
  0x00000238172241c0 JavaThread "https-jsse-nio-8080-exec-1" daemon [_thread_blocked, id=23404, stack(0x000000b321200000,0x000000b321300000)]
  0x0000023817222360 JavaThread "https-jsse-nio-8080-exec-2" daemon [_thread_blocked, id=13240, stack(0x000000b321300000,0x000000b321400000)]
  0x0000023817220a10 JavaThread "https-jsse-nio-8080-exec-3" daemon [_thread_blocked, id=21840, stack(0x000000b321400000,0x000000b321500000)]
  0x0000023817220f20 JavaThread "https-jsse-nio-8080-exec-4" daemon [_thread_blocked, id=9740, stack(0x000000b321500000,0x000000b321600000)]
  0x0000023817222870 JavaThread "https-jsse-nio-8080-exec-5" daemon [_thread_blocked, id=36264, stack(0x000000b321600000,0x000000b321700000)]
  0x0000023817221430 JavaThread "https-jsse-nio-8080-exec-6" daemon [_thread_blocked, id=11660, stack(0x000000b321700000,0x000000b321800000)]
  0x0000023817221940 JavaThread "https-jsse-nio-8080-exec-7" daemon [_thread_blocked, id=23052, stack(0x000000b321800000,0x000000b321900000)]
  0x0000023817223290 JavaThread "https-jsse-nio-8080-exec-8" daemon [_thread_blocked, id=25984, stack(0x000000b321900000,0x000000b321a00000)]
=>0x0000023818179a00 JavaThread "https-jsse-nio-8080-exec-9" daemon [_thread_in_native, id=20952, stack(0x000000b321a00000,0x000000b321b00000)]
  0x000002381817e0e0 JavaThread "https-jsse-nio-8080-exec-10" daemon [_thread_blocked, id=28156, stack(0x000000b321b00000,0x000000b321c00000)]
  0x000002381817f520 JavaThread "https-jsse-nio-8080-Poller" daemon [_thread_in_native, id=3008, stack(0x000000b321c00000,0x000000b321d00000)]
  0x000002381817c790 JavaThread "https-jsse-nio-8080-Acceptor" daemon [_thread_in_native, id=26476, stack(0x000000b321d00000,0x000000b321e00000)]
  0x000002381817eb00 JavaThread "DestroyJavaVM" [_thread_blocked, id=33144, stack(0x000000b31ee00000,0x000000b31ef00000)]

Other Threads:
  0x00000237d090c690 VMThread "VM Thread" [stack: 0x000000b31f400000,0x000000b31f500000] [id=35548]
  0x00000237d0b8b2b0 WatcherThread [stack: 0x000000b320000000,0x000000b320100000] [id=34940]
  0x00000237b9f11a60 GCTaskThread "GC Thread#0" [stack: 0x000000b31ef00000,0x000000b31f000000] [id=17360]
  0x0000023816461df0 GCTaskThread "GC Thread#1" [stack: 0x000000b320200000,0x000000b320300000] [id=11496]
  0x0000023816411e60 GCTaskThread "GC Thread#2" [stack: 0x000000b320300000,0x000000b320400000] [id=4596]
  0x00000238164ee8a0 GCTaskThread "GC Thread#3" [stack: 0x000000b320400000,0x000000b320500000] [id=7604]
  0x00000238164eef70 GCTaskThread "GC Thread#4" [stack: 0x000000b320500000,0x000000b320600000] [id=28204]
  0x00000238164ef230 GCTaskThread "GC Thread#5" [stack: 0x000000b320600000,0x000000b320700000] [id=33548]
  0x0000023816784cc0 GCTaskThread "GC Thread#6" [stack: 0x000000b320900000,0x000000b320a00000] [id=23140]
  0x0000023816784f80 GCTaskThread "GC Thread#7" [stack: 0x000000b320a00000,0x000000b320b00000] [id=22876]
  0x00000237b9f22da0 ConcurrentGCThread "G1 Main Marker" [stack: 0x000000b31f000000,0x000000b31f100000] [id=25780]
  0x00000237b9f246d0 ConcurrentGCThread "G1 Conc#0" [stack: 0x000000b31f100000,0x000000b31f200000] [id=23596]
  0x0000023816e65d70 ConcurrentGCThread "G1 Conc#1" [stack: 0x000000b320700000,0x000000b320800000] [id=21008]
  0x00000237d07c0560 ConcurrentGCThread "G1 Refine#0" [stack: 0x000000b31f200000,0x000000b31f300000] [id=10836]
  0x00000237d07c1db0 ConcurrentGCThread "G1 Service" [stack: 0x000000b31f300000,0x000000b31f400000] [id=25636]

Threads with active compile tasks:

VM state: not at safepoint (normal execution)

VM Mutex/Monitor currently owned by a thread: None

Heap address: 0x0000000703200000, size: 4046 MB, Compressed Oops mode: Zero based, Oop shift amount: 3

CDS archive(s) mapped at: [0x00000237d1000000-0x00000237d1bd0000-0x00000237d1bd0000), size 12386304, SharedBaseAddress: 0x00000237d1000000, ArchiveRelocationMode: 1.
Compressed class space mapped at: 0x00000237d2000000-0x0000023812000000, reserved size: 1073741824
Narrow klass base: 0x00000237d1000000, Narrow klass shift: 0, Narrow klass range: 0x100000000

GC Precious Log:
 CPUs: 8 total, 8 available
 Memory: 16183M
 Large Page Support: Disabled
 NUMA Support: Disabled
 Compressed Oops: Enabled (Zero based)
 Heap Region Size: 2M
 Heap Min Capacity: 8M
 Heap Initial Capacity: 254M
 Heap Max Capacity: 4046M
 Pre-touch: Disabled
 Parallel Workers: 8
 Concurrent Workers: 2
 Concurrent Refinement Workers: 8
 Periodic GC: Disabled

Heap:
 garbage-first heap   total 86016K, used 55725K [0x0000000703200000, 0x0000000800000000)
  region size 2048K, 17 young (34816K), 3 survivors (6144K)
 Metaspace       used 60799K, committed 61312K, reserved 1114112K
  class space    used 8449K, committed 8704K, reserved 1048576K

Heap Regions: E=young(eden), S=young(survivor), O=old, HS=humongous(starts), HC=humongous(continues), CS=collection set, F=free, OA=open archive, CA=closed archive, TAMS=top-at-mark-start (previous, next)
|   0|0x0000000703200000, 0x0000000703400000, 0x0000000703400000|100%| O|  |TAMS 0x0000000703400000, 0x0000000703200000| Untracked 
|   1|0x0000000703400000, 0x0000000703600000, 0x0000000703600000|100%| O|  |TAMS 0x0000000703600000, 0x0000000703400000| Untracked 
|   2|0x0000000703600000, 0x0000000703800000, 0x0000000703800000|100%| O|  |TAMS 0x0000000703800000, 0x0000000703600000| Untracked 
|   3|0x0000000703800000, 0x000000070393bc00, 0x0000000703a00000| 61%| O|  |TAMS 0x000000070393bc00, 0x0000000703800000| Untracked 
|   4|0x0000000703a00000, 0x0000000703c00000, 0x0000000703c00000|100%| O|  |TAMS 0x0000000703c00000, 0x0000000703a00000| Untracked 
|   5|0x0000000703c00000, 0x0000000703e00000, 0x0000000703e00000|100%| O|  |TAMS 0x0000000703e00000, 0x0000000703c00000| Untracked 
|   6|0x0000000703e00000, 0x0000000704000000, 0x0000000704000000|100%| O|  |TAMS 0x0000000704000000, 0x0000000703e00000| Untracked 
|   7|0x0000000704000000, 0x0000000704200000, 0x0000000704200000|100%| O|  |TAMS 0x0000000704200000, 0x0000000704000000| Untracked 
|   8|0x0000000704200000, 0x0000000704400000, 0x0000000704400000|100%| O|  |TAMS 0x0000000704400000, 0x0000000704200000| Untracked 
|   9|0x0000000704400000, 0x0000000704600000, 0x0000000704600000|100%| O|  |TAMS 0x000000070442be00, 0x0000000704400000| Untracked 
|  10|0x0000000704600000, 0x0000000704800000, 0x0000000704800000|100%| O|  |TAMS 0x0000000704600000, 0x0000000704600000| Untracked 
|  11|0x0000000704800000, 0x0000000704a00000, 0x0000000704a00000|100%| O|  |TAMS 0x0000000704800000, 0x0000000704800000| Untracked 
|  12|0x0000000704a00000, 0x0000000704c00000, 0x0000000704c00000|100%| O|  |TAMS 0x0000000704a00000, 0x0000000704a00000| Untracked 
|  13|0x0000000704c00000, 0x0000000704c21800, 0x0000000704e00000|  6%| O|  |TAMS 0x0000000704c00000, 0x0000000704c00000| Untracked 
|  14|0x0000000704e00000, 0x0000000704e00000, 0x0000000705000000|  0%| F|  |TAMS 0x0000000704e00000, 0x0000000704e00000| Untracked 
|  15|0x0000000705000000, 0x0000000705000000, 0x0000000705200000|  0%| F|  |TAMS 0x0000000705000000, 0x0000000705000000| Untracked 
|  16|0x0000000705200000, 0x0000000705200000, 0x0000000705400000|  0%| F|  |TAMS 0x0000000705200000, 0x0000000705200000| Untracked 
|  17|0x0000000705400000, 0x0000000705400000, 0x0000000705600000|  0%| F|  |TAMS 0x0000000705400000, 0x0000000705400000| Untracked 
|  18|0x0000000705600000, 0x0000000705600000, 0x0000000705800000|  0%| F|  |TAMS 0x0000000705600000, 0x0000000705600000| Untracked 
|  19|0x0000000705800000, 0x000000070590e3b0, 0x0000000705a00000| 52%| S|CS|TAMS 0x0000000705800000, 0x0000000705800000| Complete 
|  20|0x0000000705a00000, 0x0000000705a00000, 0x0000000705c00000|  0%| F|  |TAMS 0x0000000705a00000, 0x0000000705a00000| Untracked 
|  21|0x0000000705c00000, 0x0000000705e00000, 0x0000000705e00000|100%| S|CS|TAMS 0x0000000705c00000, 0x0000000705c00000| Complete 
|  22|0x0000000705e00000, 0x0000000705e00000, 0x0000000706000000|  0%| F|  |TAMS 0x0000000705e00000, 0x0000000705e00000| Untracked 
|  23|0x0000000706000000, 0x0000000706200000, 0x0000000706200000|100%| S|CS|TAMS 0x0000000706000000, 0x0000000706000000| Complete 
|  24|0x0000000706200000, 0x0000000706200000, 0x0000000706400000|  0%| F|  |TAMS 0x0000000706200000, 0x0000000706200000| Untracked 
|  25|0x0000000706400000, 0x0000000706400000, 0x0000000706600000|  0%| F|  |TAMS 0x0000000706400000, 0x0000000706400000| Untracked 
|  26|0x0000000706600000, 0x0000000706600000, 0x0000000706800000|  0%| F|  |TAMS 0x0000000706600000, 0x0000000706600000| Untracked 
|  27|0x0000000706800000, 0x0000000706800000, 0x0000000706a00000|  0%| F|  |TAMS 0x0000000706800000, 0x0000000706800000| Untracked 
|  28|0x0000000706a00000, 0x0000000706b65f70, 0x0000000706c00000| 69%| E|  |TAMS 0x0000000706a00000, 0x0000000706a00000| Complete 
|  29|0x0000000706c00000, 0x0000000706e00000, 0x0000000706e00000|100%| E|  |TAMS 0x0000000706c00000, 0x0000000706c00000| Complete 
|  30|0x0000000706e00000, 0x0000000707000000, 0x0000000707000000|100%| E|CS|TAMS 0x0000000706e00000, 0x0000000706e00000| Complete 
|  31|0x0000000707000000, 0x0000000707200000, 0x0000000707200000|100%| E|CS|TAMS 0x0000000707000000, 0x0000000707000000| Complete 
|  32|0x0000000707200000, 0x0000000707400000, 0x0000000707400000|100%| E|CS|TAMS 0x0000000707200000, 0x0000000707200000| Complete 
|  33|0x0000000707400000, 0x0000000707600000, 0x0000000707600000|100%| E|CS|TAMS 0x0000000707400000, 0x0000000707400000| Complete 
|  34|0x0000000707600000, 0x0000000707800000, 0x0000000707800000|100%| E|CS|TAMS 0x0000000707600000, 0x0000000707600000| Complete 
|  35|0x0000000707800000, 0x0000000707a00000, 0x0000000707a00000|100%| E|CS|TAMS 0x0000000707800000, 0x0000000707800000| Complete 
|  76|0x000000070ca00000, 0x000000070cc00000, 0x000000070cc00000|100%| E|CS|TAMS 0x000000070ca00000, 0x000000070ca00000| Complete 
|  77|0x000000070cc00000, 0x000000070ce00000, 0x000000070ce00000|100%| E|CS|TAMS 0x000000070cc00000, 0x000000070cc00000| Complete 
|  78|0x000000070ce00000, 0x000000070d000000, 0x000000070d000000|100%| E|CS|TAMS 0x000000070ce00000, 0x000000070ce00000| Complete 
|  79|0x000000070d000000, 0x000000070d200000, 0x000000070d200000|100%| E|CS|TAMS 0x000000070d000000, 0x000000070d000000| Complete 
|  80|0x000000070d200000, 0x000000070d400000, 0x000000070d400000|100%| E|CS|TAMS 0x000000070d200000, 0x000000070d200000| Complete 
| 126|0x0000000712e00000, 0x0000000713000000, 0x0000000713000000|100%| E|CS|TAMS 0x0000000712e00000, 0x0000000712e00000| Complete 

Card table byte_map: [0x00000237c5040000,0x00000237c5830000] _byte_map_base: 0x00000237c1827000

Marking Bits (Prev, Next): (CMBitMap*) 0x00000237b9f11fd0, (CMBitMap*) 0x00000237b9f11f90
 Prev Bits: [0x00000237c9f60000, 0x00000237cde98000)
 Next Bits: [0x00000237c6020000, 0x00000237c9f58000)

Polling page: 0x00000237b7e30000

Metaspace:

Usage:
  Non-class:     51.12 MB used.
      Class:      8.25 MB used.
       Both:     59.37 MB used.

Virtual space:
  Non-class space:       64.00 MB reserved,      51.38 MB ( 80%) committed,  1 nodes.
      Class space:        1.00 GB reserved,       8.50 MB ( <1%) committed,  1 nodes.
             Both:        1.06 GB reserved,      59.88 MB (  6%) committed. 

Chunk freelists:
   Non-Class:  11.94 MB
       Class:  7.31 MB
        Both:  19.25 MB

MaxMetaspaceSize: unlimited
CompressedClassSpaceSize: 1.00 GB
Initial GC threshold: 21.00 MB
Current GC threshold: 73.44 MB
CDS: on
MetaspaceReclaimPolicy: balanced
 - commit_granule_bytes: 65536.
 - commit_granule_words: 8192.
 - virtual_space_node_default_size: 8388608.
 - enlarge_chunks_in_place: 1.
 - new_chunks_are_fully_committed: 0.
 - uncommit_free_chunks: 1.
 - use_allocation_guard: 0.
 - handle_deallocations: 1.


Internal statistics:

num_allocs_failed_limit: 9.
num_arena_births: 718.
num_arena_deaths: 0.
num_vsnodes_births: 2.
num_vsnodes_deaths: 0.
num_space_committed: 958.
num_space_uncommitted: 0.
num_chunks_returned_to_freelist: 9.
num_chunks_taken_from_freelist: 2834.
num_chunk_merges: 3.
num_chunk_splits: 2051.
num_chunks_enlarged: 1597.
num_inconsistent_stats: 0.

CodeCache: size=49152Kb used=10676Kb max_used=12139Kb free=38475Kb
 bounds [0x00000237c1740000, 0x00000237c2320000, 0x00000237c4740000]
 total_blobs=6392 nmethods=5757 adapters=562
 compilation: enabled
              stopped_count=0, restarted_count=0
 full_count=0

Compilation events (20 events):
Event: 18.789 Thread 0x00000237d0a3dea0 5748       1       org.apache.tomcat.util.http.parser.Cookie$ByteBuffer::hasRemaining (17 bytes)
Event: 18.789 Thread 0x00000237d0a3dea0 nmethod 5748 0x00000237c1c44190 code [0x00000237c1c44320, 0x00000237c1c443f8]
Event: 18.789 Thread 0x00000237d0a3dea0 5749       1       org.apache.tomcat.util.http.parser.Cookie$ByteBuffer::get (17 bytes)
Event: 18.789 Thread 0x00000237d0a3dea0 nmethod 5749 0x00000237c1c43e10 code [0x00000237c1c43fa0, 0x00000237c1c44098]
Event: 18.789 Thread 0x00000237d0a3dea0 5750       1       java.nio.charset.CharsetDecoder::charset (5 bytes)
Event: 18.789 Thread 0x00000237d0a3dea0 nmethod 5750 0x00000237c1c43b10 code [0x00000237c1c43ca0, 0x00000237c1c43d78]
Event: 18.790 Thread 0x00000237d0a3dea0 5751       1       org.springframework.util.LinkedCaseInsensitiveMap::getLocale (5 bytes)
Event: 18.790 Thread 0x00000237d0a3dea0 nmethod 5751 0x00000237c1c43810 code [0x00000237c1c439a0, 0x00000237c1c43a78]
Event: 18.792 Thread 0x00000237d0a3dea0 5752   !   1       jdk.proxy2.$Proxy26::annotationType (29 bytes)
Event: 18.792 Thread 0x00000237d0a3dea0 nmethod 5752 0x00000237c1c43310 code [0x00000237c1c434c0, 0x00000237c1c436d8]
Event: 18.792 Thread 0x00000237d0a3dea0 5753       1       org.springframework.util.ClassUtils::getAllInterfacesForClassAsSet (6 bytes)
Event: 18.792 Thread 0x00000237d0a3dea0 nmethod 5753 0x00000237c1c43010 code [0x00000237c1c431a0, 0x00000237c1c43268]
Event: 18.792 Thread 0x00000237d0a3dea0 5754       1       org.apache.tomcat.util.buf.MessageBytes::toStringType (69 bytes)
Event: 18.793 Thread 0x00000237d0a3dea0 nmethod 5754 0x00000237c1c42890 code [0x00000237c1c42a60, 0x00000237c1c42e68]
Event: 18.832 Thread 0x00000237d0a3dea0 5755       1       java.math.BigDecimal::<init> (27 bytes)
Event: 18.832 Thread 0x00000237d0a3dea0 nmethod 5755 0x00000237c1c41990 code [0x00000237c1c41b20, 0x00000237c1c41c38]
Event: 18.838 Thread 0x00000237d0a3dea0 5756       1       java.lang.reflect.Field::getFieldAccessor (35 bytes)
Event: 18.838 Thread 0x00000237d0a3dea0 nmethod 5756 0x00000237c1c41690 code [0x00000237c1c41820, 0x00000237c1c41928]
Event: 18.838 Thread 0x00000237d0a3dea0 5757       1       java.lang.reflect.Field::checkAccess (32 bytes)
Event: 18.838 Thread 0x00000237d0a3dea0 nmethod 5757 0x00000237c1c41310 code [0x00000237c1c414a0, 0x00000237c1c415e8]

GC Heap History (20 events):
Event: 0.373 GC heap before
{Heap before GC invocations=0 (full 0):
 garbage-first heap   total 260096K, used 20480K [0x0000000703200000, 0x0000000800000000)
  region size 2048K, 11 young (22528K), 0 survivors (0K)
 Metaspace       used 4764K, committed 4928K, reserved 1114112K
  class space    used 632K, committed 704K, reserved 1048576K
}
Event: 0.377 GC heap after
{Heap after GC invocations=1 (full 0):
 garbage-first heap   total 260096K, used 6847K [0x0000000703200000, 0x0000000800000000)
  region size 2048K, 2 young (4096K), 2 survivors (4096K)
 Metaspace       used 4764K, committed 4928K, reserved 1114112K
  class space    used 632K, committed 704K, reserved 1048576K
}
Event: 0.629 GC heap before
{Heap before GC invocations=1 (full 0):
 garbage-first heap   total 260096K, used 31423K [0x0000000703200000, 0x0000000800000000)
  region size 2048K, 14 young (28672K), 2 survivors (4096K)
 Metaspace       used 9857K, committed 10176K, reserved 1114112K
  class space    used 1325K, committed 1472K, reserved 1048576K
}
Event: 0.632 GC heap after
{Heap after GC invocations=2 (full 0):
 garbage-first heap   total 260096K, used 9676K [0x0000000703200000, 0x0000000800000000)
  region size 2048K, 2 young (4096K), 2 survivors (4096K)
 Metaspace       used 9857K, committed 10176K, reserved 1114112K
  class space    used 1325K, committed 1472K, reserved 1048576K
}
Event: 1.526 GC heap before
{Heap before GC invocations=2 (full 0):
 garbage-first heap   total 260096K, used 97740K [0x0000000703200000, 0x0000000800000000)
  region size 2048K, 46 young (94208K), 2 survivors (4096K)
 Metaspace       used 21133K, committed 21504K, reserved 1114112K
  class space    used 2921K, committed 3072K, reserved 1048576K
}
Event: 1.532 GC heap after
{Heap after GC invocations=3 (full 0):
 garbage-first heap   total 260096K, used 16041K [0x0000000703200000, 0x0000000800000000)
  region size 2048K, 5 young (10240K), 5 survivors (10240K)
 Metaspace       used 21133K, committed 21504K, reserved 1114112K
  class space    used 2921K, committed 3072K, reserved 1048576K
}
Event: 1.847 GC heap before
{Heap before GC invocations=4 (full 0):
 garbage-first heap   total 69632K, used 46761K [0x0000000703200000, 0x0000000800000000)
  region size 2048K, 20 young (40960K), 5 survivors (10240K)
 Metaspace       used 25432K, committed 25792K, reserved 1114112K
  class space    used 3557K, committed 3712K, reserved 1048576K
}
Event: 1.856 GC heap after
{Heap after GC invocations=5 (full 0):
 garbage-first heap   total 69632K, used 18447K [0x0000000703200000, 0x0000000800000000)
  region size 2048K, 2 young (4096K), 2 survivors (4096K)
 Metaspace       used 25432K, committed 25792K, reserved 1114112K
  class space    used 3557K, committed 3712K, reserved 1048576K
}
Event: 2.237 GC heap before
{Heap before GC invocations=5 (full 0):
 garbage-first heap   total 69632K, used 45071K [0x0000000703200000, 0x0000000800000000)
  region size 2048K, 15 young (30720K), 2 survivors (4096K)
 Metaspace       used 30454K, committed 30912K, reserved 1114112K
  class space    used 4175K, committed 4416K, reserved 1048576K
}
Event: 2.243 GC heap after
{Heap after GC invocations=6 (full 0):
 garbage-first heap   total 69632K, used 19735K [0x0000000703200000, 0x0000000800000000)
  region size 2048K, 2 young (4096K), 2 survivors (4096K)
 Metaspace       used 30454K, committed 30912K, reserved 1114112K
  class space    used 4175K, committed 4416K, reserved 1048576K
}
Event: 2.504 GC heap before
{Heap before GC invocations=6 (full 0):
 garbage-first heap   total 69632K, used 42263K [0x0000000703200000, 0x0000000800000000)
  region size 2048K, 14 young (28672K), 2 survivors (4096K)
 Metaspace       used 35663K, committed 36096K, reserved 1114112K
  class space    used 4818K, committed 4992K, reserved 1048576K
}
Event: 2.508 GC heap after
{Heap after GC invocations=7 (full 0):
 garbage-first heap   total 86016K, used 21918K [0x0000000703200000, 0x0000000800000000)
  region size 2048K, 2 young (4096K), 2 survivors (4096K)
 Metaspace       used 35663K, committed 36096K, reserved 1114112K
  class space    used 4818K, committed 4992K, reserved 1048576K
}
Event: 3.016 GC heap before
{Heap before GC invocations=8 (full 0):
 garbage-first heap   total 86016K, used 60830K [0x0000000703200000, 0x0000000800000000)
  region size 2048K, 21 young (43008K), 2 survivors (4096K)
 Metaspace       used 44256K, committed 44672K, reserved 1114112K
  class space    used 6144K, committed 6336K, reserved 1048576K
}
Event: 3.021 GC heap after
{Heap after GC invocations=9 (full 0):
 garbage-first heap   total 86016K, used 24116K [0x0000000703200000, 0x0000000800000000)
  region size 2048K, 3 young (6144K), 3 survivors (6144K)
 Metaspace       used 44256K, committed 44672K, reserved 1114112K
  class space    used 6144K, committed 6336K, reserved 1048576K
}
Event: 3.374 GC heap before
{Heap before GC invocations=10 (full 0):
 garbage-first heap   total 86016K, used 58932K [0x0000000703200000, 0x0000000800000000)
  region size 2048K, 21 young (43008K), 3 survivors (6144K)
 Metaspace       used 51096K, committed 51520K, reserved 1114112K
  class space    used 7177K, committed 7360K, reserved 1048576K
}
Event: 3.379 GC heap after
{Heap after GC invocations=11 (full 0):
 garbage-first heap   total 86016K, used 26166K [0x0000000703200000, 0x0000000800000000)
  region size 2048K, 3 young (6144K), 3 survivors (6144K)
 Metaspace       used 51096K, committed 51520K, reserved 1114112K
  class space    used 7177K, committed 7360K, reserved 1048576K
}
Event: 3.657 GC heap before
{Heap before GC invocations=11 (full 0):
 garbage-first heap   total 86016K, used 60982K [0x0000000703200000, 0x0000000800000000)
  region size 2048K, 20 young (40960K), 3 survivors (6144K)
 Metaspace       used 52988K, committed 53440K, reserved 1114112K
  class space    used 7446K, committed 7680K, reserved 1048576K
}
Event: 3.662 GC heap after
{Heap after GC invocations=12 (full 0):
 garbage-first heap   total 86016K, used 28768K [0x0000000703200000, 0x0000000800000000)
  region size 2048K, 3 young (6144K), 3 survivors (6144K)
 Metaspace       used 52988K, committed 53440K, reserved 1114112K
  class space    used 7446K, committed 7680K, reserved 1048576K
}
Event: 3.950 GC heap before
{Heap before GC invocations=12 (full 0):
 garbage-first heap   total 86016K, used 63584K [0x0000000703200000, 0x0000000800000000)
  region size 2048K, 20 young (40960K), 3 survivors (6144K)
 Metaspace       used 54572K, committed 55104K, reserved 1114112K
  class space    used 7681K, committed 7936K, reserved 1048576K
}
Event: 3.955 GC heap after
{Heap after GC invocations=13 (full 0):
 garbage-first heap   total 86016K, used 31149K [0x0000000703200000, 0x0000000800000000)
  region size 2048K, 3 young (6144K), 3 survivors (6144K)
 Metaspace       used 54572K, committed 55104K, reserved 1114112K
  class space    used 7681K, committed 7936K, reserved 1048576K
}

Deoptimization events (12 events):
Event: 1.679 Thread 0x00000237b9ea0440 DEOPT PACKING pc=0x00000237c1f41695 sp=0x000000b31eefdbf0
Event: 1.679 Thread 0x00000237b9ea0440 DEOPT UNPACKING pc=0x00000237c17966e3 sp=0x000000b31eefd198 mode 0
Event: 1.948 Thread 0x00000237b9ea0440 DEOPT PACKING pc=0x00000237c1cbb32c sp=0x000000b31eefd6d0
Event: 1.948 Thread 0x00000237b9ea0440 DEOPT UNPACKING pc=0x00000237c17966e3 sp=0x000000b31eefcb98 mode 0
Event: 2.267 Thread 0x00000237b9ea0440 DEOPT PACKING pc=0x00000237c1c92689 sp=0x000000b31eefe7f0
Event: 2.267 Thread 0x00000237b9ea0440 DEOPT UNPACKING pc=0x00000237c17966e3 sp=0x000000b31eefdc80 mode 3
Event: 2.267 Thread 0x0000023817234f50 DEOPT PACKING pc=0x00000237c1c7b11f sp=0x000000b320cfee10
Event: 2.267 Thread 0x0000023817234f50 DEOPT UNPACKING pc=0x00000237c17966e3 sp=0x000000b320cfe268 mode 3
Event: 3.318 Thread 0x00000237b9ea0440 DEOPT PACKING pc=0x00000237c1cd2cd2 sp=0x000000b31eefbad0
Event: 3.318 Thread 0x00000237b9ea0440 DEOPT UNPACKING pc=0x00000237c17966e3 sp=0x000000b31eefafd8 mode 3
Event: 3.318 Thread 0x00000237b9ea0440 DEOPT PACKING pc=0x00000237c1c94dd5 sp=0x000000b31eefba90
Event: 3.318 Thread 0x00000237b9ea0440 DEOPT UNPACKING pc=0x00000237c17966e3 sp=0x000000b31eefafd8 mode 3

Classes unloaded (0 events):
No events

Classes redefined (0 events):
No events

Internal exceptions (20 events):
Event: 3.315 Thread 0x00000237b9ea0440 Exception <a 'java/lang/IncompatibleClassChangeError'{0x000000070682a6c0}: Found class java.lang.Object, but interface was expected> (0x000000070682a6c0) 
thrown [s\open\src\hotspot\share\interpreter\linkResolver.cpp, line 826]
Event: 3.504 Thread 0x00000237b9ea0440 Exception <a 'sun/nio/fs/WindowsException'{0x00000007076e0370}> (0x00000007076e0370) 
thrown [s\open\src\hotspot\share\prims\jni.cpp, line 516]
Event: 3.554 Thread 0x00000237b9ea0440 Exception <a 'java/lang/IncompatibleClassChangeError'{0x0000000706f0e1a8}: Found class java.lang.Object, but interface was expected> (0x0000000706f0e1a8) 
thrown [s\open\src\hotspot\share\interpreter\linkResolver.cpp, line 826]
Event: 3.580 Thread 0x00000237b9ea0440 Exception <a 'java/lang/NoSuchMethodError'{0x0000000706d7fb90}: 'void java.lang.invoke.DirectMethodHandle$Holder.invokeVirtual(java.lang.Object, java.lang.Object, long)'> (0x0000000706d7fb90) 
thrown [s\open\src\hotspot\share\interpreter\linkResolver.cpp, line 759]
Event: 3.692 Thread 0x00000237b9ea0440 Exception <a 'java/lang/IncompatibleClassChangeError'{0x000000070d3a0e18}: Found class java.lang.Object, but interface was expected> (0x000000070d3a0e18) 
thrown [s\open\src\hotspot\share\interpreter\linkResolver.cpp, line 826]
Event: 3.710 Thread 0x00000237b9ea0440 Exception <a 'java/lang/NoSuchMethodError'{0x000000070d1e7990}: 'java.lang.Object java.lang.invoke.DirectMethodHandle$Holder.newInvokeSpecial(java.lang.Object, java.lang.Object, java.lang.Object, java.lang.Object, java.lang.Object, java.lang.Object, java.lang.Object, java.lang.Object, java.lang.Object)'> (0x000000070d1e7990) 
thrown [s\open\src\hotspot\share\interpreter\linkResolver.cpp, line 759]
Event: 3.710 Thread 0x00000237b9ea0440 Exception <a 'java/lang/NoSuchMethodError'{0x000000070d1ec688}: 'java.lang.Object java.lang.invoke.Invokers$Holder.linkToTargetMethod(java.lang.Object, java.lang.Object, java.lang.Object, java.lang.Object, java.lang.Object, java.lang.Object, java.lang.Object, java.lang.Object, java.lang.Object)'> (0x000000070d1ec688) 
thrown [s\open\src\hotspot\share\interpreter\linkResolver.cpp, line 759]
Event: 3.840 Thread 0x00000237b9ea0440 Exception <a 'java/lang/NoSuchMethodError'{0x00000007072c4748}: 'double java.lang.invoke.DirectMethodHandle$Holder.invokeStatic(java.lang.Object, java.lang.Object)'> (0x00000007072c4748) 
thrown [s\open\src\hotspot\share\interpreter\linkResolver.cpp, line 759]
Event: 3.842 Thread 0x00000237b9ea0440 Exception <a 'java/lang/NoSuchMethodError'{0x00000007072f1cf8}: 'int java.lang.invoke.DirectMethodHandle$Holder.invokeStatic(java.lang.Object, java.lang.Object, java.lang.Object, java.lang.Object, java.lang.Object)'> (0x00000007072f1cf8) 
thrown [s\open\src\hotspot\share\interpreter\linkResolver.cpp, line 759]
Event: 3.947 Thread 0x00000237b9ea0440 Exception <a 'java/lang/NoSuchMethodError'{0x00000007065e1618}: 'void java.lang.invoke.DirectMethodHandle$Holder.invokeStatic(java.lang.Object, java.lang.Object, double)'> (0x00000007065e1618) 
thrown [s\open\src\hotspot\share\interpreter\linkResolver.cpp, line 759]
Event: 3.961 Thread 0x00000237b9ea0440 Exception <a 'java/lang/NoSuchMethodError'{0x0000000712ee0be8}: 'double java.lang.invoke.DirectMethodHandle$Holder.invokeStatic(java.lang.Object, java.lang.Object, java.lang.Object)'> (0x0000000712ee0be8) 
thrown [s\open\src\hotspot\share\interpreter\linkResolver.cpp, line 759]
Event: 3.963 Thread 0x00000237d0b87f70 Exception <a 'java/lang/NoSuchMethodError'{0x0000000712e1bf98}: 'long java.lang.invoke.DirectMethodHandle$Holder.invokeStatic(java.lang.Object, java.lang.Object, java.lang.Object)'> (0x0000000712e1bf98) 
thrown [s\open\src\hotspot\share\interpreter\linkResolver.cpp, line 759]
Event: 3.981 Thread 0x00000237b9ea0440 Exception <a 'java/lang/IncompatibleClassChangeError'{0x0000000712f82f20}: Found class java.lang.Object, but interface was expected> (0x0000000712f82f20) 
thrown [s\open\src\hotspot\share\interpreter\linkResolver.cpp, line 826]
Event: 3.984 Thread 0x00000237b9ea0440 Exception <a 'java/lang/NoSuchMethodError'{0x0000000712facab0}: 'java.lang.Object java.lang.invoke.DirectMethodHandle$Holder.newInvokeSpecial(java.lang.Object, java.lang.Object, int, java.lang.Object, java.lang.Object)'> (0x0000000712facab0) 
thrown [s\open\src\hotspot\share\interpreter\linkResolver.cpp, line 759]
Event: 4.025 Thread 0x00000237b9ea0440 Exception <a 'java/lang/NoSuchMethodError'{0x000000070cef5480}: 'java.lang.Object java.lang.invoke.DirectMethodHandle$Holder.newInvokeSpecial(java.lang.Object, java.lang.Object, java.lang.Object, java.lang.Object, java.lang.Object, java.lang.Object, java.lang.Object, int)'> (0x000000070cef5480) 
thrown [s\open\src\hotspot\share\interpreter\linkResolver.cpp, line 759]
Event: 4.025 Thread 0x00000237b9ea0440 Exception <a 'java/lang/NoSuchMethodError'{0x000000070cefa478}: 'java.lang.Object java.lang.invoke.DirectMethodHandle$Holder.invokeSpecial(java.lang.Object, java.lang.Object, java.lang.Object, java.lang.Object, java.lang.Object, java.lang.Object, java.lang.Object, java.lang.Object, int)'> (0x000000070cefa478) 
thrown [s\open\src\hotspot\share\interpreter\linkResolver.cpp, line 759]
Event: 4.025 Thread 0x00000237b9ea0440 Exception <a 'java/lang/NoSuchMethodError'{0x000000070cefef40}: 'java.lang.Object java.lang.invoke.Invokers$Holder.linkToTargetMethod(java.lang.Object, java.lang.Object, java.lang.Object, java.lang.Object, java.lang.Object, java.lang.Object, int, java.lang.Object)'> (0x000000070cefef40) 
thrown [s\open\src\hotspot\share\interpreter\linkResolver.cpp, line 759]
Event: 4.159 Thread 0x00000237b9ea0440 Exception <a 'java/lang/IncompatibleClassChangeError'{0x000000070cad6448}: Found class java.lang.Object, but interface was expected> (0x000000070cad6448) 
thrown [s\open\src\hotspot\share\interpreter\linkResolver.cpp, line 826]
Event: 13.620 Thread 0x0000023817220f20 Exception <a 'java/lang/NoSuchMethodError'{0x000000070770f920}: 'java.lang.Object java.lang.invoke.DirectMethodHandle$Holder.invokeSpecial(java.lang.Object, java.lang.Object, java.lang.Object, java.lang.Object, java.lang.Object, long)'> (0x000000070770f920) 
thrown [s\open\src\hotspot\share\interpreter\linkResolver.cpp, line 759]
Event: 13.620 Thread 0x0000023817220f20 Exception <a 'java/lang/NoSuchMethodError'{0x0000000707713360}: 'java.lang.Object java.lang.invoke.Invokers$Holder.linkToTargetMethod(java.lang.Object, java.lang.Object, java.lang.Object, long, java.lang.Object)'> (0x0000000707713360) 
thrown [s\open\src\hotspot\share\interpreter\linkResolver.cpp, line 759]

VM Operations (20 events):
Event: 13.576 Executing VM operation: HandshakeAllThreads
Event: 13.576 Executing VM operation: HandshakeAllThreads done
Event: 13.629 Executing VM operation: HandshakeAllThreads
Event: 13.629 Executing VM operation: HandshakeAllThreads done
Event: 13.677 Executing VM operation: HandshakeAllThreads
Event: 13.677 Executing VM operation: HandshakeAllThreads done
Event: 13.735 Executing VM operation: HandshakeAllThreads
Event: 13.735 Executing VM operation: HandshakeAllThreads done
Event: 13.740 Executing VM operation: HandshakeAllThreads
Event: 13.740 Executing VM operation: HandshakeAllThreads done
Event: 14.743 Executing VM operation: Cleanup
Event: 14.744 Executing VM operation: Cleanup done
Event: 18.766 Executing VM operation: Cleanup
Event: 18.766 Executing VM operation: Cleanup done
Event: 18.804 Executing VM operation: HandshakeAllThreads
Event: 18.804 Executing VM operation: HandshakeAllThreads done
Event: 18.829 Executing VM operation: HandshakeAllThreads
Event: 18.829 Executing VM operation: HandshakeAllThreads done
Event: 18.836 Executing VM operation: HandshakeAllThreads
Event: 18.836 Executing VM operation: HandshakeAllThreads done

Events (20 events):
Event: 13.682 loading class java/util/function/IntBinaryOperator
Event: 13.682 loading class java/util/function/IntBinaryOperator done
Event: 13.682 loading class java/util/stream/ReduceOps$7
Event: 13.682 loading class java/util/stream/ReduceOps$7 done
Event: 13.682 loading class java/util/stream/ReduceOps$6ReducingSink
Event: 13.682 loading class java/util/stream/ReduceOps$6ReducingSink done
Event: 13.682 loading class java/util/stream/ReferencePipeline$4$1
Event: 13.682 loading class java/util/stream/ReferencePipeline$4$1 done
Event: 18.750 Thread 0x00000237d0b4c150 Thread exited: 0x00000237d0b4c150
Event: 18.792 loading class java/io/PushbackInputStream
Event: 18.793 loading class java/io/PushbackInputStream done
Event: 18.793 loading class java/util/OptionalLong
Event: 18.793 loading class java/util/OptionalLong done
Event: 18.793 loading class java/util/OptionalDouble
Event: 18.793 loading class java/util/OptionalDouble done
Event: 18.796 loading class org/w3c/dom/Node
Event: 18.796 loading class org/w3c/dom/Node done
Event: 18.796 loading class org/w3c/dom/Document
Event: 18.796 loading class org/w3c/dom/Document done
Event: 18.842 Loaded shared library C:\Windows\System32\dpuareu_jni.dll


Dynamic libraries:
0x00007ff76ffc0000 - 0x00007ff76ffd0000 	D:\Program Files\Java\jdk-17\bin\java.exe
0x00007ffd97050000 - 0x00007ffd97267000 	C:\WINDOWS\SYSTEM32\ntdll.dll
0x00007ffd95a80000 - 0x00007ffd95b44000 	C:\WINDOWS\System32\KERNEL32.DLL
0x00007ffd94510000 - 0x00007ffd948ca000 	C:\WINDOWS\System32\KERNELBASE.dll
0x00007ffd94c00000 - 0x00007ffd94d11000 	C:\WINDOWS\System32\ucrtbase.dll
0x00007ffd8b860000 - 0x00007ffd8b879000 	D:\Program Files\Java\jdk-17\bin\jli.dll
0x00007ffd82df0000 - 0x00007ffd82e0b000 	D:\Program Files\Java\jdk-17\bin\VCRUNTIME140.dll
0x00007ffd966c0000 - 0x00007ffd96772000 	C:\WINDOWS\System32\ADVAPI32.dll
0x00007ffd96460000 - 0x00007ffd96507000 	C:\WINDOWS\System32\msvcrt.dll
0x00007ffd962f0000 - 0x00007ffd96397000 	C:\WINDOWS\System32\sechost.dll
0x00007ffd94970000 - 0x00007ffd94998000 	C:\WINDOWS\System32\bcrypt.dll
0x00007ffd95b60000 - 0x00007ffd95c74000 	C:\WINDOWS\System32\RPCRT4.dll
0x00007ffd95700000 - 0x00007ffd958ae000 	C:\WINDOWS\System32\USER32.dll
0x00007ffd94d20000 - 0x00007ffd94d46000 	C:\WINDOWS\System32\win32u.dll
0x00007ffd751f0000 - 0x00007ffd75482000 	C:\WINDOWS\WinSxS\amd64_microsoft.windows.common-controls_6595b64144ccf1df_6.0.22621.4541_none_2710d1c57384c085\COMCTL32.dll
0x00007ffd94d50000 - 0x00007ffd94d79000 	C:\WINDOWS\System32\GDI32.dll
0x00007ffd949a0000 - 0x00007ffd94abb000 	C:\WINDOWS\System32\gdi32full.dll
0x00007ffd948d0000 - 0x00007ffd9496a000 	C:\WINDOWS\System32\msvcp_win.dll
0x00007ffd8dc80000 - 0x00007ffd8dc8a000 	C:\WINDOWS\SYSTEM32\VERSION.dll
0x00007ffd95a30000 - 0x00007ffd95a61000 	C:\WINDOWS\System32\IMM32.DLL
0x00007ffd8d4e0000 - 0x00007ffd8d4ec000 	D:\Program Files\Java\jdk-17\bin\vcruntime140_1.dll
0x00007ffd0c400000 - 0x00007ffd0c48e000 	D:\Program Files\Java\jdk-17\bin\msvcp140.dll
0x00007ffcf2170000 - 0x00007ffcf2d4f000 	D:\Program Files\Java\jdk-17\bin\server\jvm.dll
0x00007ffd963a0000 - 0x00007ffd963a8000 	C:\WINDOWS\System32\PSAPI.DLL
0x00007ffd90040000 - 0x00007ffd90074000 	C:\WINDOWS\SYSTEM32\WINMM.dll
0x00007ffd90c70000 - 0x00007ffd90c79000 	C:\WINDOWS\SYSTEM32\WSOCK32.dll
0x00007ffd959b0000 - 0x00007ffd95a21000 	C:\WINDOWS\System32\WS2_32.dll
0x00007ffd93410000 - 0x00007ffd93428000 	C:\WINDOWS\SYSTEM32\kernel.appcore.dll
0x00007ffd8b850000 - 0x00007ffd8b85a000 	D:\Program Files\Java\jdk-17\bin\jimage.dll
0x00007ffd8f8b0000 - 0x00007ffd8fae2000 	C:\WINDOWS\SYSTEM32\DBGHELP.DLL
0x00007ffd94d80000 - 0x00007ffd9510f000 	C:\WINDOWS\System32\combase.dll
0x00007ffd95340000 - 0x00007ffd95417000 	C:\WINDOWS\System32\OLEAUT32.dll
0x00007ffd8c260000 - 0x00007ffd8c292000 	C:\WINDOWS\SYSTEM32\dbgcore.DLL
0x00007ffd94b80000 - 0x00007ffd94bfb000 	C:\WINDOWS\System32\bcryptPrimitives.dll
0x00007ffd23e70000 - 0x00007ffd23e95000 	D:\Program Files\Java\jdk-17\bin\java.dll
0x00007ffd0c490000 - 0x00007ffd0c567000 	D:\Program Files\Java\jdk-17\bin\jsvml.dll
0x00007ffd96790000 - 0x00007ffd97008000 	C:\WINDOWS\System32\SHELL32.dll
0x00007ffd92220000 - 0x00007ffd92b28000 	C:\WINDOWS\SYSTEM32\windows.storage.dll
0x00007ffd920e0000 - 0x00007ffd9221f000 	C:\WINDOWS\SYSTEM32\wintypes.dll
0x00007ffd95110000 - 0x00007ffd9520a000 	C:\WINDOWS\System32\SHCORE.dll
0x00007ffd95280000 - 0x00007ffd952de000 	C:\WINDOWS\System32\shlwapi.dll
0x00007ffd94250000 - 0x00007ffd9427b000 	C:\WINDOWS\SYSTEM32\profapi.dll
0x00007ffd7cd00000 - 0x00007ffd7cd19000 	D:\Program Files\Java\jdk-17\bin\net.dll
0x00007ffd91100000 - 0x00007ffd91236000 	C:\WINDOWS\SYSTEM32\WINHTTP.dll
0x00007ffd93890000 - 0x00007ffd938f9000 	C:\WINDOWS\system32\mswsock.dll
0x00007ffd46f40000 - 0x00007ffd46f56000 	D:\Program Files\Java\jdk-17\bin\nio.dll
0x00007ffd46ee0000 - 0x00007ffd46ef8000 	D:\Program Files\Java\jdk-17\bin\zip.dll
0x00007ffd90e30000 - 0x00007ffd90e3e000 	D:\Program Files\Java\jdk-17\bin\sunmscapi.dll
0x00007ffd94320000 - 0x00007ffd94486000 	C:\WINDOWS\System32\CRYPT32.dll
0x00007ffd93cc0000 - 0x00007ffd93ced000 	C:\WINDOWS\SYSTEM32\ncrypt.dll
0x00007ffd93c80000 - 0x00007ffd93cb7000 	C:\WINDOWS\SYSTEM32\NTASN1.dll
0x00007ffd93ab0000 - 0x00007ffd93acb000 	C:\WINDOWS\SYSTEM32\CRYPTSP.dll
0x00007ffd93370000 - 0x00007ffd933a5000 	C:\WINDOWS\system32\rsaenh.dll
0x00007ffd93950000 - 0x00007ffd93978000 	C:\WINDOWS\SYSTEM32\USERENV.dll
0x00007ffd93ad0000 - 0x00007ffd93adc000 	C:\WINDOWS\SYSTEM32\CRYPTBASE.dll
0x00007ffd92e00000 - 0x00007ffd92e2d000 	C:\WINDOWS\SYSTEM32\IPHLPAPI.DLL
0x00007ffd95b50000 - 0x00007ffd95b59000 	C:\WINDOWS\System32\NSI.dll
0x00007ffd90020000 - 0x00007ffd90039000 	C:\WINDOWS\SYSTEM32\dhcpcsvc6.DLL
0x00007ffd8ffe0000 - 0x00007ffd8ffff000 	C:\WINDOWS\SYSTEM32\dhcpcsvc.DLL
0x00007ffd92e30000 - 0x00007ffd92f32000 	C:\WINDOWS\SYSTEM32\DNSAPI.dll
0x00007ffd8a790000 - 0x00007ffd8a79a000 	D:\Program Files\Java\jdk-17\bin\management.dll
0x00007ffd8a780000 - 0x00007ffd8a78b000 	D:\Program Files\Java\jdk-17\bin\management_ext.dll
0x00007ffd8b0d0000 - 0x00007ffd8b0e0000 	D:\Program Files\Java\jdk-17\bin\verify.dll
0x00007ffd77b00000 - 0x00007ffd77b08000 	C:\WINDOWS\system32\wshunix.dll
0x00007ffd684e0000 - 0x00007ffd68511000 	C:\Windows\System32\dpuareu_jni.dll
0x00007ffd96510000 - 0x00007ffd966b5000 	C:\WINDOWS\System32\ole32.dll
0x00007ffd68470000 - 0x00007ffd684d6000 	C:\WINDOWS\SYSTEM32\dpfj.dll
0x00007ffd683a0000 - 0x00007ffd683e2000 	C:\WINDOWS\SYSTEM32\dpfr6.dll

dbghelp: loaded successfully - version: 4.0.5 - missing functions: none
symbol engine: initialized successfully - sym options: 0x614 - pdb path: .;D:\Program Files\Java\jdk-17\bin;C:\WINDOWS\SYSTEM32;C:\WINDOWS\WinSxS\amd64_microsoft.windows.common-controls_6595b64144ccf1df_6.0.22621.4541_none_2710d1c57384c085;D:\Program Files\Java\jdk-17\bin\server

VM Arguments:
jvm_args: -XX:TieredStopAtLevel=1 
java_command: com.example.fingerprint_service.FingerprintServiceApplication
java_class_path (initial): C:\Users\crisi\Desktop\Extension\Final\fingerprint-service\target\classes;C:\Users\crisi\.m2\repository\org\springframework\boot\spring-boot\3.3.4\spring-boot-3.3.4.jar;C:\Users\crisi\.m2\repository\org\springframework\boot\spring-boot-autoconfigure\3.3.4\spring-boot-autoconfigure-3.3.4.jar;C:\Users\crisi\.m2\repository\ch\qos\logback\logback-classic\1.5.8\logback-classic-1.5.8.jar;C:\Users\crisi\.m2\repository\ch\qos\logback\logback-core\1.5.8\logback-core-1.5.8.jar;C:\Users\crisi\.m2\repository\org\apache\logging\log4j\log4j-to-slf4j\2.23.1\log4j-to-slf4j-2.23.1.jar;C:\Users\crisi\.m2\repository\org\apache\logging\log4j\log4j-api\2.23.1\log4j-api-2.23.1.jar;C:\Users\crisi\.m2\repository\org\slf4j\jul-to-slf4j\2.0.16\jul-to-slf4j-2.0.16.jar;C:\Users\crisi\.m2\repository\org\yaml\snakeyaml\2.2\snakeyaml-2.2.jar;C:\Users\crisi\.m2\repository\org\springframework\boot\spring-boot-actuator-autoconfigure\3.3.4\spring-boot-actuator-autoconfigure-3.3.4.jar;C:\Users\crisi\.m2\repository\org\springframework\boot\spring-boot-actuator\3.3.4\spring-boot-actuator-3.3.4.jar;C:\Users\crisi\.m2\repository\com\fasterxml\jackson\core\jackson-databind\2.17.2\jackson-databind-2.17.2.jar;C:\Users\crisi\.m2\repository\com\fasterxml\jackson\core\jackson-annotations\2.17.2\jackson-annotations-2.17.2.jar;C:\Users\crisi\.m2\repository\com\fasterxml\jackson\core\jackson-core\2.17.2\jackson-core-2.17.2.jar;C:\Users\crisi\.m2\repository\com\fasterxml\jackson\datatype\jackson-datatype-jsr310\2.17.2\jackson-datatype-jsr310-2.17.2.jar;C:\Users\crisi\.m2\repository\io\micrometer\micrometer-observation\1.13.4\micrometer-observation-1.13.4.jar;C:\Users\crisi\.m2\repository\io\micrometer\micrometer-commons\1.13.4\micrometer-commons-1.13.4.jar;C:\Users\crisi\.m2\repository\io\micrometer\micrometer-jakarta9\1.13.4\micrometer-jakarta9-1.13.4.jar;C:\Users\crisi\.m2\repository\io\micrometer\micrometer-core\1.13.4\micrometer-core-1.13.4.jar;C:\Users\crisi\.m2\repository\org\hdrh
Launcher Type: SUN_STANDARD

[Global flags]
     intx CICompilerCount                          = 4                                         {product} {ergonomic}
     uint ConcGCThreads                            = 2                                         {product} {ergonomic}
     uint G1ConcRefinementThreads                  = 8                                         {product} {ergonomic}
   size_t G1HeapRegionSize                         = 2097152                                   {product} {ergonomic}
    uintx GCDrainStackTargetSize                   = 64                                        {product} {ergonomic}
   size_t InitialHeapSize                          = 266338304                                 {product} {ergonomic}
   size_t MarkStackSize                            = 4194304                                   {product} {ergonomic}
   size_t MaxHeapSize                              = 4242538496                                {product} {ergonomic}
   size_t MaxNewSize                               = 2543845376                                {product} {ergonomic}
   size_t MinHeapDeltaBytes                        = 2097152                                   {product} {ergonomic}
   size_t MinHeapSize                              = 8388608                                   {product} {ergonomic}
    uintx NonProfiledCodeHeapSize                  = 0                                      {pd product} {ergonomic}
     bool ProfileInterpreter                       = false                                  {pd product} {command line}
    uintx ProfiledCodeHeapSize                     = 0                                      {pd product} {ergonomic}
   size_t SoftMaxHeapSize                          = 4242538496                             {manageable} {ergonomic}
     intx TieredStopAtLevel                        = 1                                         {product} {command line}
     bool UseCompressedClassPointers               = true                           {product lp64_product} {ergonomic}
     bool UseCompressedOops                        = true                           {product lp64_product} {ergonomic}
     bool UseG1GC                                  = true                                      {product} {ergonomic}
     bool UseLargePagesIndividualAllocation        = false                                  {pd product} {ergonomic}

Logging:
Log output configuration:
 #0: stdout all=warning uptime,level,tags
 #1: stderr all=off uptime,level,tags

Environment Variables:
PATH=C:\Users\crisi\bin;C:\Program Files\Git\mingw64\bin;C:\Program Files\Git\usr\local\bin;C:\Program Files\Git\usr\bin;C:\Program Files\Git\usr\bin;C:\Program Files\Git\mingw64\bin;C:\Program Files\Git\usr\bin;C:\Users\crisi\bin;C:\Windows\System32\HWAudioDriverLibs;C:\Windows\system32;C:\Windows;C:\Windows\System32\Wbem;C:\Windows\System32\WindowsPowerShell\v1.0;C:\Windows\System32\OpenSSH;C:\Windows\system32\config\systemprofile\AppData\Local\Microsoft\WindowsApps;C:\WINDOWS\system32;C:\WINDOWS;C:\WINDOWS\System32\Wbem;C:\WINDOWS\System32\WindowsPowerShell\v1.0;C:\WINDOWS\System32\OpenSSH;C:\sqlite3;C:\Program Files\Microsoft SQL Server\Client SDK\ODBC\170\Tools\Binn;C:\Program Files (x86)\Microsoft SQL Server\150\Tools\Binn;C:\Program Files\Microsoft SQL Server\150\Tools\Binn;C:\Program Files\Microsoft SQL Server\150\DTS\Binn;C:\Program Files\Git\cmd;C:\Program Files\dotnet;D:\Program Files\Java\jdk-17\bin;C:\Program Files\nodejs;D:\Program Files (x86)\Windows Kits\10\Windows Performance Toolkit;C:\ProgramData\chocolatey\bin;D:\Program Files\MySQL\MySQL Shell 8.0\bin;C:\Users\crisi\AppData\Local\Programs\Python\Python310\Scripts;C:\Users\crisi\AppData\Local\Programs\Python\Python310;C:\Users\crisi\.console-ninja\.bin;C:\Users\crisi\AppData\Local\Microsoft\WindowsApps;C:\Users\crisi\AppData\Local\Programs\Microsoft VS Code\bin;C:\Users\crisi\.dotnet\tools;C:\Users\crisi\AppData\Local\GitHubDesktop\bin;D:\flutter\bin;D:\Android\platform-tools;C:\Users\crisi\AppData\Roaming\npm;D:\Downloads\Installer\apache-maven-3.9.9-bin\apache-maven-3.9.9\bin;C:\Users\crisi\AppData\Local\Google\Cloud SDK\google-cloud-sdk\bin;C:\Program Files\Git\usr\bin\vendor_perl;C:\Program Files\Git\usr\bin\core_perl
USERNAME=crisi
SHELL=C:\Program Files\Git\usr\bin\bash.exe
DISPLAY=needs-to-be-defined
LANG=en_US.UTF-8
OS=Windows_NT
PROCESSOR_IDENTIFIER=Intel64 Family 6 Model 140 Stepping 1, GenuineIntel



---------------  S Y S T E M  ---------------

OS:
 Windows 11 , 64 bit Build 22621 (10.0.22621.4391)
OS uptime: 0 days 17:17 hours
Hyper-V role detected

CPU: total 8 (initial active 8) (4 cores per cpu, 2 threads per core) family 6 model 140 stepping 1 microcode 0x8a, cx8, cmov, fxsr, ht, mmx, 3dnowpref, sse, sse2, sse3, ssse3, sse4.1, sse4.2, popcnt, lzcnt, tsc, tscinvbit, avx, avx2, aes, erms, clmul, bmi1, bmi2, adx, avx512f, avx512dq, avx512cd, avx512bw, avx512vl, sha, fma, vzeroupper, avx512_vpopcntdq, avx512_vpclmulqdq, avx512_vaes, avx512_vnni, clflush, clflushopt, clwb, avx512_vbmi2, avx512_vbmi, hv

Memory: 4k page, system-wide physical 16183M (2959M free)
TotalPageFile size 29052M (AvailPageFile size 4189M)
current process WorkingSet (physical memory assigned to process): 221M, peak: 221M
current process commit charge ("private bytes"): 262M, peak: 380M

vm_info: Java HotSpot(TM) 64-Bit Server VM (17.0.10+11-LTS-240) for windows-amd64 JRE (17.0.10+11-LTS-240), built on Dec 19 2023 21:47:25 by "mach5one" with MS VC++ 17.1 (VS2022)

END.
